<!DOCTYPE html PUBLIC "-//W3C//DTD XHTML 1.1//EN" "https://www.w3.org/TR/xhtml11/DTD/xhtml11.dtd">
<html xmlns="https://www.w3.org/1999/xhtml">
<head>
<meta http-equiv="content-type" content="text/html; charset=UTF-8"/>
<title>TestNG Report</title>
<style type="text/css">table {margin-bottom:10px;border-collapse:collapse;empty-cells:show}th,td {border:1px solid #009;padding:.25em .5em}th {vertical-align:bottom}td {vertical-align:top}table a {font-weight:bold}.stripe td {background-color: #E6EBF9}.num {text-align:right}.passedodd td {background-color: #3F3}.passedeven td {background-color: #0A0}.skippedodd td {background-color: #DDD}.skippedeven td {background-color: #CCC}.failedodd td,.attn {background-color: #F33}.failedeven td,.stripe .attn {background-color: #D00}.stacktrace {white-space:pre;font-family:monospace}.totop {font-size:85%;text-align:center;border-bottom:2px solid #000}.invisible {display:none}</style>
</head>
<body>
<table>
<tr><th>Test</th><th># Passed</th><th># Skipped</th><th># Retried</th><th># Failed</th><th>Time (ms)</th><th>Included Groups</th><th>Excluded Groups</th></tr>
<tr><th colspan="8">Suite</th></tr>
<tr><td><a href="#t0">Chrome Test</a></td><td class="num">16</td><td class="num">0</td><td class="num">0</td><td class="num attn">5</td><td class="num">396,268</td><td></td><td></td></tr>
<tr class="stripe"><td><a href="#t1">Edge Test</a></td><td class="num">16</td><td class="num">0</td><td class="num">0</td><td class="num attn">5</td><td class="num">411,996</td><td></td><td></td></tr>
<tr><th>Total</th><th class="num">32</th><th class="num">0</th><th class="num">0</th><th class="num attn">10</th><th class="num">808,264</th><th colspan="2"></th></tr>
</table>
<table id='summary'><thead><tr><th>Class</th><th>Method</th><th>Start</th><th>Time (ms)</th></tr></thead><tbody><tr><th colspan="4">Suite</th></tr></tbody><tbody id="t0"><tr><th colspan="4">Chrome Test &#8212; failed</th></tr><tr class="failedeven"><td rowspan="2">test.TC_002_LoginTest</td><td><a href="#m0">loginTest</a></td><td rowspan="2">1734419616056</td><td rowspan="2">20484</td></tr><tr class="failedeven"><td><a href="#m1">loginTest</a></td></tr><tr class="failedodd"><td rowspan="2">test.TC_005_BookAHotelTest</td><td><a href="#m2">bookAHotelTest</a></td><td rowspan="2">1734419736615</td><td rowspan="2">30398</td></tr><tr class="failedodd"><td><a href="#m3">bookAHotelTest</a></td></tr><tr class="failedeven"><td rowspan="1">test.TC_008_ChangePassword</td><td><a href="#m4">changePasswordTest</a></td><td rowspan="1">1734419899536</td><td rowspan="1">23277</td></tr><tr><th colspan="4">Chrome Test &#8212; passed</th></tr><tr class="passedeven"><td rowspan="2">test.TC_001_RegisterTest</td><td><a href="#m5">regTestInvalidTestData</a></td><td rowspan="1">1734419553926</td><td rowspan="1">3286</td></tr><tr class="passedeven"><td><a href="#m6">registerTest</a></td><td rowspan="1">1734419547328</td><td rowspan="1">3384</td></tr><tr class="passedodd"><td rowspan="2">test.TC_002_LoginTest</td><td><a href="#m7">loginTest</a></td><td rowspan="2">1734419562831</td><td rowspan="2">11264</td></tr><tr class="passedodd"><td><a href="#m8">loginTest</a></td></tr><tr class="passedeven"><td rowspan="5">test.TC_003_SearchHotelTest</td><td><a href="#m9">searchHotelTest</a></td><td rowspan="5">1734419640291</td><td rowspan="5">7129</td></tr><tr class="passedeven"><td><a href="#m10">searchHotelTest</a></td></tr><tr class="passedeven"><td><a href="#m11">searchHotelTest</a></td></tr><tr class="passedeven"><td><a href="#m12">searchHotelTest</a></td></tr><tr class="passedeven"><td><a href="#m13">searchHotelTest</a></td></tr><tr class="passedodd"><td rowspan="1">test.TC_004_SelectHotelTest</td><td><a href="#m14">searchHotelTest</a></td><td rowspan="1">1734419699225</td><td rowspan="1">8196</td></tr><tr class="passedeven"><td rowspan="2">test.TC_005_BookAHotelTest</td><td><a href="#m15">bookAHotelTest</a></td><td rowspan="2">1734419711736</td><td rowspan="2">20472</td></tr><tr class="passedeven"><td><a href="#m16">bookAHotelTest</a></td></tr><tr class="passedodd"><td rowspan="1">test.TC_006_BookConfirmationTest</td><td><a href="#m17">bookingConfirmationTest</a></td><td rowspan="1">1734419828775</td><td rowspan="1">21985</td></tr><tr class="passedeven"><td rowspan="1">test.TC_007_BookedItineraryTest</td><td><a href="#m18">bookedItineraryTest</a></td><td rowspan="1">1734419855192</td><td rowspan="1">27726</td></tr><tr class="passedodd"><td rowspan="1">test.TC_008_ChangePassword</td><td><a href="#m19">changePasswordTest</a></td><td rowspan="1">1734419887141</td><td rowspan="1">8369</td></tr><tr class="passedeven"><td rowspan="1">test.TC_009_FinalLogout</td><td><a href="#m20">endLogoutTest</a></td><td rowspan="1">1734419927657</td><td rowspan="1">11868</td></tr></tbody>
<tbody id="t1"><tr><th colspan="4">Edge Test &#8212; failed</th></tr><tr class="failedeven"><td rowspan="2">test.TC_002_LoginTest</td><td><a href="#m21">loginTest</a></td><td rowspan="2">1734420001137</td><td rowspan="2">21090</td></tr><tr class="failedeven"><td><a href="#m22">loginTest</a></td></tr><tr class="failedodd"><td rowspan="2">test.TC_005_BookAHotelTest</td><td><a href="#m23">bookAHotelTest</a></td><td rowspan="2">1734420156836</td><td rowspan="2">28085</td></tr><tr class="failedodd"><td><a href="#m24">bookAHotelTest</a></td></tr><tr class="failedeven"><td rowspan="1">test.TC_008_ChangePassword</td><td><a href="#m25">changePasswordTest</a></td><td rowspan="1">1734420313993</td><td rowspan="1">21543</td></tr><tr><th colspan="4">Edge Test &#8212; passed</th></tr><tr class="passedeven"><td rowspan="2">test.TC_001_RegisterTest</td><td><a href="#m26">regTestInvalidTestData</a></td><td rowspan="1">1734419955566</td><td rowspan="1">4089</td></tr><tr class="passedeven"><td><a href="#m27">registerTest</a></td><td rowspan="1">1734419945633</td><td rowspan="1">3971</td></tr><tr class="passedodd"><td rowspan="2">test.TC_002_LoginTest</td><td><a href="#m28">loginTest</a></td><td rowspan="2">1734419983925</td><td rowspan="2">11568</td></tr><tr class="passedodd"><td><a href="#m29">loginTest</a></td></tr><tr class="passedeven"><td rowspan="5">test.TC_003_SearchHotelTest</td><td><a href="#m30">searchHotelTest</a></td><td rowspan="5">1734420108199</td><td rowspan="5">7366</td></tr><tr class="passedeven"><td><a href="#m31">searchHotelTest</a></td></tr><tr class="passedeven"><td><a href="#m32">searchHotelTest</a></td></tr><tr class="passedeven"><td><a href="#m33">searchHotelTest</a></td></tr><tr class="passedeven"><td><a href="#m34">searchHotelTest</a></td></tr><tr class="passedodd"><td rowspan="1">test.TC_004_SelectHotelTest</td><td><a href="#m35">searchHotelTest</a></td><td rowspan="1">1734420120697</td><td rowspan="1">7423</td></tr><tr class="passedeven"><td rowspan="2">test.TC_005_BookAHotelTest</td><td><a href="#m36">bookAHotelTest</a></td><td rowspan="2">1734420133149</td><td rowspan="2">18347</td></tr><tr class="passedeven"><td><a href="#m37">bookAHotelTest</a></td></tr><tr class="passedodd"><td rowspan="1">test.TC_006_BookConfirmationTest</td><td><a href="#m38">bookingConfirmationTest</a></td><td rowspan="1">1734420246665</td><td rowspan="1">19532</td></tr><tr class="passedeven"><td rowspan="1">test.TC_007_BookedItineraryTest</td><td><a href="#m39">bookedItineraryTest</a></td><td rowspan="1">1734420272242</td><td rowspan="1">25312</td></tr><tr class="passedodd"><td rowspan="1">test.TC_008_ChangePassword</td><td><a href="#m40">changePasswordTest</a></td><td rowspan="1">1734420302479</td><td rowspan="1">6672</td></tr><tr class="passedeven"><td rowspan="1">test.TC_009_FinalLogout</td><td><a href="#m41">endLogoutTest</a></td><td rowspan="1">1734420340626</td><td rowspan="1">11023</td></tr></tbody>
</table>
<h2>Chrome Test</h2><h3 id="m0">test.TC_002_LoginTest#loginTest</h3><table class="result"><tr class="param"><th>Parameter #1</th><th>Parameter #2</th></tr><tr class="param stripe"><td>Loganyaki</td><td>Happ202</td></tr><tr><th colspan="2">Exception</th></tr><tr><td colspan="2"><div class="stacktrace">org.openqa.selenium.NoSuchElementException: no such element: Unable to locate element: {&quot;method&quot;:&quot;xpath&quot;,&quot;selector&quot;:&quot;//input[contains(@value,&apos;Hello Loganayaki!&apos;)]&quot;}
  (Session info: chrome=131.0.6778.140)
For documentation on this error, please visit: https://www.selenium.dev/documentation/webdriver/troubleshooting/errors#no-such-element-exception
Build info: version: &apos;4.25.0&apos;, revision: &apos;8a8aea2337&apos;
System info: os.name: &apos;Windows 11&apos;, os.arch: &apos;amd64&apos;, os.version: &apos;10.0&apos;, java.version: &apos;23&apos;
Driver info: org.openqa.selenium.chrome.ChromeDriver
Command: [ede181ccc37139d8496a3652726a03f0, findElement {value=//input[contains(@value,&apos;Hello Loganayaki!&apos;)], using=xpath}]
Capabilities {acceptInsecureCerts: false, browserName: chrome, browserVersion: 131.0.6778.140, chrome: {chromedriverVersion: 131.0.6778.108 (3b014839fbc..., userDataDir: C:\Users\Asus\AppData\Local...}, fedcm:accounts: true, goog:chromeOptions: {debuggerAddress: localhost:60192}, networkConnectionEnabled: false, pageLoadStrategy: normal, platformName: windows, proxy: Proxy(), se:cdp: ws://localhost:60192/devtoo..., se:cdpVersion: 131.0.6778.140, setWindowRect: true, strictFileInteractability: false, timeouts: {implicit: 0, pageLoad: 300000, script: 30000}, unhandledPromptBehavior: dismiss and notify, webauthn:extension:credBlob: true, webauthn:extension:largeBlob: true, webauthn:extension:minPinLength: true, webauthn:extension:prf: true, webauthn:virtualAuthenticators: true}
Session ID: ede181ccc37139d8496a3652726a03f0
	at org.openqa.selenium.remote.ErrorCodec.decode(ErrorCodec.java:167)
	at org.openqa.selenium.remote.codec.w3c.W3CHttpResponseCodec.decode(W3CHttpResponseCodec.java:138)
	at org.openqa.selenium.remote.codec.w3c.W3CHttpResponseCodec.decode(W3CHttpResponseCodec.java:50)
	at org.openqa.selenium.remote.HttpCommandExecutor.execute(HttpCommandExecutor.java:190)
	at org.openqa.selenium.remote.service.DriverCommandExecutor.invokeExecute(DriverCommandExecutor.java:216)
	at org.openqa.selenium.remote.service.DriverCommandExecutor.execute(DriverCommandExecutor.java:174)
	at org.openqa.selenium.remote.RemoteWebDriver.execute(RemoteWebDriver.java:545)
	at org.openqa.selenium.remote.ElementLocation$ElementFinder$2.findElement(ElementLocation.java:165)
	at org.openqa.selenium.remote.ElementLocation.findElement(ElementLocation.java:59)
	at org.openqa.selenium.remote.RemoteWebDriver.findElement(RemoteWebDriver.java:368)
	at org.openqa.selenium.remote.RemoteWebDriver.findElement(RemoteWebDriver.java:362)
	at pages.LoginPage.clickLoginButton(LoginPage.java:31)
	at test.TC_002_LoginTest.loginTest(TC_002_LoginTest.java:33)
	at java.base/java.util.ArrayList.forEach(ArrayList.java:1597)
... Removed 32 stack frames</div></td></tr></table><p class="totop"><a href="#summary">back to summary</a></p>
<h3 id="m1">test.TC_002_LoginTest#loginTest</h3><table class="result"><tr class="param"><th>Parameter #1</th><th>Parameter #2</th></tr><tr class="param stripe"><td>Loganayak</td><td>Happ2024</td></tr><tr><th colspan="2">Exception</th></tr><tr><td colspan="2"><div class="stacktrace">org.openqa.selenium.NoSuchElementException: no such element: Unable to locate element: {&quot;method&quot;:&quot;xpath&quot;,&quot;selector&quot;:&quot;//input[contains(@value,&apos;Hello Loganayaki!&apos;)]&quot;}
  (Session info: chrome=131.0.6778.140)
For documentation on this error, please visit: https://www.selenium.dev/documentation/webdriver/troubleshooting/errors#no-such-element-exception
Build info: version: &apos;4.25.0&apos;, revision: &apos;8a8aea2337&apos;
System info: os.name: &apos;Windows 11&apos;, os.arch: &apos;amd64&apos;, os.version: &apos;10.0&apos;, java.version: &apos;23&apos;
Driver info: org.openqa.selenium.chrome.ChromeDriver
Command: [ef728fd0823fa6be828133e714c2e452, findElement {value=//input[contains(@value,&apos;Hello Loganayaki!&apos;)], using=xpath}]
Capabilities {acceptInsecureCerts: false, browserName: chrome, browserVersion: 131.0.6778.140, chrome: {chromedriverVersion: 131.0.6778.108 (3b014839fbc..., userDataDir: C:\Users\Asus\AppData\Local...}, fedcm:accounts: true, goog:chromeOptions: {debuggerAddress: localhost:60169}, networkConnectionEnabled: false, pageLoadStrategy: normal, platformName: windows, proxy: Proxy(), se:cdp: ws://localhost:60169/devtoo..., se:cdpVersion: 131.0.6778.140, setWindowRect: true, strictFileInteractability: false, timeouts: {implicit: 0, pageLoad: 300000, script: 30000}, unhandledPromptBehavior: dismiss and notify, webauthn:extension:credBlob: true, webauthn:extension:largeBlob: true, webauthn:extension:minPinLength: true, webauthn:extension:prf: true, webauthn:virtualAuthenticators: true}
Session ID: ef728fd0823fa6be828133e714c2e452
	at org.openqa.selenium.remote.ErrorCodec.decode(ErrorCodec.java:167)
	at org.openqa.selenium.remote.codec.w3c.W3CHttpResponseCodec.decode(W3CHttpResponseCodec.java:138)
	at org.openqa.selenium.remote.codec.w3c.W3CHttpResponseCodec.decode(W3CHttpResponseCodec.java:50)
	at org.openqa.selenium.remote.HttpCommandExecutor.execute(HttpCommandExecutor.java:190)
	at org.openqa.selenium.remote.service.DriverCommandExecutor.invokeExecute(DriverCommandExecutor.java:216)
	at org.openqa.selenium.remote.service.DriverCommandExecutor.execute(DriverCommandExecutor.java:174)
	at org.openqa.selenium.remote.RemoteWebDriver.execute(RemoteWebDriver.java:545)
	at org.openqa.selenium.remote.ElementLocation$ElementFinder$2.findElement(ElementLocation.java:165)
	at org.openqa.selenium.remote.ElementLocation.findElement(ElementLocation.java:59)
	at org.openqa.selenium.remote.RemoteWebDriver.findElement(RemoteWebDriver.java:368)
	at org.openqa.selenium.remote.RemoteWebDriver.findElement(RemoteWebDriver.java:362)
	at pages.LoginPage.clickLoginButton(LoginPage.java:31)
	at test.TC_002_LoginTest.loginTest(TC_002_LoginTest.java:33)
	at java.base/java.util.ArrayList.forEach(ArrayList.java:1597)
... Removed 32 stack frames</div></td></tr></table><p class="totop"><a href="#summary">back to summary</a></p>
<h3 id="m2">test.TC_005_BookAHotelTest#bookAHotelTest</h3><table class="result"><tr class="param"><th>Parameter #1</th><th>Parameter #2</th><th>Parameter #3</th><th>Parameter #4</th><th>Parameter #5</th><th>Parameter #6</th><th>Parameter #7</th><th>Parameter #8</th><th>Parameter #9</th><th>Parameter #10</th><th>Parameter #11</th><th>Parameter #12</th><th>Parameter #13</th><th>Parameter #14</th><th>Parameter #15</th><th>Parameter #16</th><th>Parameter #17</th><th>Parameter #18</th></tr><tr class="param stripe"><td>Loganayaki</td><td>Logi@1234</td><td>Melbourne</td><td>Hotel Sunshine</td><td>Standard</td><td>3 - Three</td><td>14/12/2024</td><td>15-12-2024</td><td>2 - Two</td><td>1</td><td>Logu</td><td>P</td><td>2/295,Melbourne</td><td>987654321098765</td><td>VISA</td><td>February</td><td>2030</td><td>456</td></tr><tr><th colspan="18">Exception</th></tr><tr><td colspan="18"><div class="stacktrace">org.openqa.selenium.NoSuchElementException: no such element: Unable to locate element: {&quot;method&quot;:&quot;xpath&quot;,&quot;selector&quot;:&quot;//td[contains(text(),&apos;Booking Confirmation &apos;)]&quot;}
  (Session info: chrome=131.0.6778.140)
For documentation on this error, please visit: https://www.selenium.dev/documentation/webdriver/troubleshooting/errors#no-such-element-exception
Build info: version: &apos;4.25.0&apos;, revision: &apos;8a8aea2337&apos;
System info: os.name: &apos;Windows 11&apos;, os.arch: &apos;amd64&apos;, os.version: &apos;10.0&apos;, java.version: &apos;23&apos;
Driver info: org.openqa.selenium.chrome.ChromeDriver
Command: [0c8792b78410436bcdb618da4397d593, findElement {value=//td[contains(text(),&apos;Booking Confirmation &apos;)], using=xpath}]
Capabilities {acceptInsecureCerts: false, browserName: chrome, browserVersion: 131.0.6778.140, chrome: {chromedriverVersion: 131.0.6778.108 (3b014839fbc..., userDataDir: C:\Users\Asus\AppData\Local...}, fedcm:accounts: true, goog:chromeOptions: {debuggerAddress: localhost:60400}, networkConnectionEnabled: false, pageLoadStrategy: normal, platformName: windows, proxy: Proxy(), se:cdp: ws://localhost:60400/devtoo..., se:cdpVersion: 131.0.6778.140, setWindowRect: true, strictFileInteractability: false, timeouts: {implicit: 0, pageLoad: 300000, script: 30000}, unhandledPromptBehavior: dismiss and notify, webauthn:extension:credBlob: true, webauthn:extension:largeBlob: true, webauthn:extension:minPinLength: true, webauthn:extension:prf: true, webauthn:virtualAuthenticators: true}
Session ID: 0c8792b78410436bcdb618da4397d593
	at org.openqa.selenium.remote.ErrorCodec.decode(ErrorCodec.java:167)
	at org.openqa.selenium.remote.codec.w3c.W3CHttpResponseCodec.decode(W3CHttpResponseCodec.java:138)
	at org.openqa.selenium.remote.codec.w3c.W3CHttpResponseCodec.decode(W3CHttpResponseCodec.java:50)
	at org.openqa.selenium.remote.HttpCommandExecutor.execute(HttpCommandExecutor.java:190)
	at org.openqa.selenium.remote.service.DriverCommandExecutor.invokeExecute(DriverCommandExecutor.java:216)
	at org.openqa.selenium.remote.service.DriverCommandExecutor.execute(DriverCommandExecutor.java:174)
	at org.openqa.selenium.remote.RemoteWebDriver.execute(RemoteWebDriver.java:545)
	at org.openqa.selenium.remote.ElementLocation$ElementFinder$2.findElement(ElementLocation.java:165)
	at org.openqa.selenium.remote.ElementLocation.findElement(ElementLocation.java:59)
	at org.openqa.selenium.remote.RemoteWebDriver.findElement(RemoteWebDriver.java:368)
	at org.openqa.selenium.remote.RemoteWebDriver.findElement(RemoteWebDriver.java:362)
	at pages.BookAHotel.clickBookNow(BookAHotel.java:76)
	at test.TC_005_BookAHotelTest.bookAHotelTest(TC_005_BookAHotelTest.java:41)
	at java.base/java.util.ArrayList.forEach(ArrayList.java:1597)
... Removed 32 stack frames</div></td></tr></table><p class="totop"><a href="#summary">back to summary</a></p>
<h3 id="m3">test.TC_005_BookAHotelTest#bookAHotelTest</h3><table class="result"><tr class="param"><th>Parameter #1</th><th>Parameter #2</th><th>Parameter #3</th><th>Parameter #4</th><th>Parameter #5</th><th>Parameter #6</th><th>Parameter #7</th><th>Parameter #8</th><th>Parameter #9</th><th>Parameter #10</th><th>Parameter #11</th><th>Parameter #12</th><th>Parameter #13</th><th>Parameter #14</th><th>Parameter #15</th><th>Parameter #16</th><th>Parameter #17</th><th>Parameter #18</th></tr><tr class="param stripe"><td>Loganayaki</td><td>Logi@1234</td><td>Melbourne</td><td>Hotel Sunshine</td><td>Standard</td><td>3 - Three</td><td>14/12/2024</td><td>15-12-2024</td><td>2 - Two</td><td>1</td><td>Logu</td><td>P</td><td>2/295,Melbourne</td><td>23456</td><td>VISA</td><td>February</td><td>2030</td><td>456</td></tr><tr><th colspan="18">Exception</th></tr><tr><td colspan="18"><div class="stacktrace">org.openqa.selenium.NoSuchElementException: no such element: Unable to locate element: {&quot;method&quot;:&quot;xpath&quot;,&quot;selector&quot;:&quot;//td[contains(text(),&apos;Booking Confirmation &apos;)]&quot;}
  (Session info: chrome=131.0.6778.140)
For documentation on this error, please visit: https://www.selenium.dev/documentation/webdriver/troubleshooting/errors#no-such-element-exception
Build info: version: &apos;4.25.0&apos;, revision: &apos;8a8aea2337&apos;
System info: os.name: &apos;Windows 11&apos;, os.arch: &apos;amd64&apos;, os.version: &apos;10.0&apos;, java.version: &apos;23&apos;
Driver info: org.openqa.selenium.chrome.ChromeDriver
Command: [becaa23b989b052f522b8ac33f9beba0, findElement {value=//td[contains(text(),&apos;Booking Confirmation &apos;)], using=xpath}]
Capabilities {acceptInsecureCerts: false, browserName: chrome, browserVersion: 131.0.6778.140, chrome: {chromedriverVersion: 131.0.6778.108 (3b014839fbc..., userDataDir: C:\Users\Asus\AppData\Local...}, fedcm:accounts: true, goog:chromeOptions: {debuggerAddress: localhost:60456}, networkConnectionEnabled: false, pageLoadStrategy: normal, platformName: windows, proxy: Proxy(), se:cdp: ws://localhost:60456/devtoo..., se:cdpVersion: 131.0.6778.140, setWindowRect: true, strictFileInteractability: false, timeouts: {implicit: 0, pageLoad: 300000, script: 30000}, unhandledPromptBehavior: dismiss and notify, webauthn:extension:credBlob: true, webauthn:extension:largeBlob: true, webauthn:extension:minPinLength: true, webauthn:extension:prf: true, webauthn:virtualAuthenticators: true}
Session ID: becaa23b989b052f522b8ac33f9beba0
	at org.openqa.selenium.remote.ErrorCodec.decode(ErrorCodec.java:167)
	at org.openqa.selenium.remote.codec.w3c.W3CHttpResponseCodec.decode(W3CHttpResponseCodec.java:138)
	at org.openqa.selenium.remote.codec.w3c.W3CHttpResponseCodec.decode(W3CHttpResponseCodec.java:50)
	at org.openqa.selenium.remote.HttpCommandExecutor.execute(HttpCommandExecutor.java:190)
	at org.openqa.selenium.remote.service.DriverCommandExecutor.invokeExecute(DriverCommandExecutor.java:216)
	at org.openqa.selenium.remote.service.DriverCommandExecutor.execute(DriverCommandExecutor.java:174)
	at org.openqa.selenium.remote.RemoteWebDriver.execute(RemoteWebDriver.java:545)
	at org.openqa.selenium.remote.ElementLocation$ElementFinder$2.findElement(ElementLocation.java:165)
	at org.openqa.selenium.remote.ElementLocation.findElement(ElementLocation.java:59)
	at org.openqa.selenium.remote.RemoteWebDriver.findElement(RemoteWebDriver.java:368)
	at org.openqa.selenium.remote.RemoteWebDriver.findElement(RemoteWebDriver.java:362)
	at pages.BookAHotel.clickBookNow(BookAHotel.java:76)
	at test.TC_005_BookAHotelTest.bookAHotelTest(TC_005_BookAHotelTest.java:41)
	at java.base/java.util.ArrayList.forEach(ArrayList.java:1597)
... Removed 32 stack frames</div></td></tr></table><p class="totop"><a href="#summary">back to summary</a></p>
<h3 id="m4">test.TC_008_ChangePassword#changePasswordTest</h3><table class="result"><tr class="param"><th>Parameter #1</th><th>Parameter #2</th><th>Parameter #3</th><th>Parameter #4</th><th>Parameter #5</th></tr><tr class="param stripe"><td>Loganayaki</td><td>Logi@1234</td><td>L@123</td><td>Logi@1234</td><td>Logi@1234</td></tr><tr><th colspan="5">Exception</th></tr><tr><td colspan="5"><div class="stacktrace">org.openqa.selenium.NoSuchElementException: no such element: Unable to locate element: {&quot;method&quot;:&quot;xpath&quot;,&quot;selector&quot;:&quot;//span[contains(text(),&apos;Your Password is successfully updated!!!&apos;)]&quot;}
  (Session info: chrome=131.0.6778.140)
For documentation on this error, please visit: https://www.selenium.dev/documentation/webdriver/troubleshooting/errors#no-such-element-exception
Build info: version: &apos;4.25.0&apos;, revision: &apos;8a8aea2337&apos;
System info: os.name: &apos;Windows 11&apos;, os.arch: &apos;amd64&apos;, os.version: &apos;10.0&apos;, java.version: &apos;23&apos;
Driver info: org.openqa.selenium.chrome.ChromeDriver
Command: [7ed97d6b3f7a16c6e53b2e5caf31722b, findElement {value=//span[contains(text(),&apos;Your Password is successfully updated!!!&apos;)], using=xpath}]
Capabilities {acceptInsecureCerts: false, browserName: chrome, browserVersion: 131.0.6778.140, chrome: {chromedriverVersion: 131.0.6778.108 (3b014839fbc..., userDataDir: C:\Users\Asus\AppData\Local...}, fedcm:accounts: true, goog:chromeOptions: {debuggerAddress: localhost:60562}, networkConnectionEnabled: false, pageLoadStrategy: normal, platformName: windows, proxy: Proxy(), se:cdp: ws://localhost:60562/devtoo..., se:cdpVersion: 131.0.6778.140, setWindowRect: true, strictFileInteractability: false, timeouts: {implicit: 0, pageLoad: 300000, script: 30000}, unhandledPromptBehavior: dismiss and notify, webauthn:extension:credBlob: true, webauthn:extension:largeBlob: true, webauthn:extension:minPinLength: true, webauthn:extension:prf: true, webauthn:virtualAuthenticators: true}
Session ID: 7ed97d6b3f7a16c6e53b2e5caf31722b
	at org.openqa.selenium.remote.ErrorCodec.decode(ErrorCodec.java:167)
	at org.openqa.selenium.remote.codec.w3c.W3CHttpResponseCodec.decode(W3CHttpResponseCodec.java:138)
	at org.openqa.selenium.remote.codec.w3c.W3CHttpResponseCodec.decode(W3CHttpResponseCodec.java:50)
	at org.openqa.selenium.remote.HttpCommandExecutor.execute(HttpCommandExecutor.java:190)
	at org.openqa.selenium.remote.service.DriverCommandExecutor.invokeExecute(DriverCommandExecutor.java:216)
	at org.openqa.selenium.remote.service.DriverCommandExecutor.execute(DriverCommandExecutor.java:174)
	at org.openqa.selenium.remote.RemoteWebDriver.execute(RemoteWebDriver.java:545)
	at org.openqa.selenium.remote.ElementLocation$ElementFinder$2.findElement(ElementLocation.java:165)
	at org.openqa.selenium.remote.ElementLocation.findElement(ElementLocation.java:59)
	at org.openqa.selenium.remote.RemoteWebDriver.findElement(RemoteWebDriver.java:368)
	at org.openqa.selenium.remote.RemoteWebDriver.findElement(RemoteWebDriver.java:362)
	at pages.ChangePassWord.clickSubmit(ChangePassWord.java:39)
	at test.TC_008_ChangePassword.changePasswordTest(TC_008_ChangePassword.java:34)
	at java.base/java.util.ArrayList.forEach(ArrayList.java:1597)
... Removed 32 stack frames</div></td></tr></table><p class="totop"><a href="#summary">back to summary</a></p>
<h3 id="m5">test.TC_001_RegisterTest#regTestInvalidTestData</h3><table class="result"><tr><th class="invisible"/></tr></table><p class="totop"><a href="#summary">back to summary</a></p>
<h3 id="m6">test.TC_001_RegisterTest#registerTest</h3><table class="result"><tr><th class="invisible"/></tr></table><p class="totop"><a href="#summary">back to summary</a></p>
<h3 id="m7">test.TC_002_LoginTest#loginTest</h3><table class="result"><tr class="param"><th>Parameter #1</th><th>Parameter #2</th></tr><tr class="param stripe"><td>Loganayaki</td><td>Logi@1234</td></tr></table><p class="totop"><a href="#summary">back to summary</a></p>
<h3 id="m8">test.TC_002_LoginTest#loginTest</h3><table class="result"><tr class="param"><th>Parameter #1</th><th>Parameter #2</th></tr><tr class="param stripe"><td>Loganayaki</td><td>Logi@1234</td></tr></table><p class="totop"><a href="#summary">back to summary</a></p>
<h3 id="m9">test.TC_003_SearchHotelTest#searchHotelTest</h3><table class="result"><tr class="param"><th>Parameter #1</th><th>Parameter #2</th><th>Parameter #3</th><th>Parameter #4</th><th>Parameter #5</th><th>Parameter #6</th><th>Parameter #7</th><th>Parameter #8</th><th>Parameter #9</th><th>Parameter #10</th></tr><tr class="param stripe"><td>Loganayaki</td><td>Logi@1234</td><td>Sydney</td><td>Hotel Creek</td><td>Standard</td><td>7 - Seven</td><td>14-12-2024</td><td>15-12-2024</td><td>3 - Three</td><td>4</td></tr></table><p class="totop"><a href="#summary">back to summary</a></p>
<h3 id="m10">test.TC_003_SearchHotelTest#searchHotelTest</h3><table class="result"><tr class="param"><th>Parameter #1</th><th>Parameter #2</th><th>Parameter #3</th><th>Parameter #4</th><th>Parameter #5</th><th>Parameter #6</th><th>Parameter #7</th><th>Parameter #8</th><th>Parameter #9</th><th>Parameter #10</th></tr><tr class="param stripe"><td>Loganayaki</td><td>Logi@1234</td><td>London</td><td>Hotel Hervey</td><td>Double</td><td>7 - Seven</td><td>14-12-2024</td><td>15-12-2024</td><td>3 - Three</td><td>4</td></tr></table><p class="totop"><a href="#summary">back to summary</a></p>
<h3 id="m11">test.TC_003_SearchHotelTest#searchHotelTest</h3><table class="result"><tr class="param"><th>Parameter #1</th><th>Parameter #2</th><th>Parameter #3</th><th>Parameter #4</th><th>Parameter #5</th><th>Parameter #6</th><th>Parameter #7</th><th>Parameter #8</th><th>Parameter #9</th><th>Parameter #10</th></tr><tr class="param stripe"><td>Loganayaki</td><td>Logi@1234</td><td>Melbourne</td><td>Hotel Sunshine</td><td>Standard</td><td>7 - Seven</td><td>14-12-2024</td><td>15-12-2024</td><td>3 - Three</td><td>4</td></tr></table><p class="totop"><a href="#summary">back to summary</a></p>
<h3 id="m12">test.TC_003_SearchHotelTest#searchHotelTest</h3><table class="result"><tr class="param"><th>Parameter #1</th><th>Parameter #2</th><th>Parameter #3</th><th>Parameter #4</th><th>Parameter #5</th><th>Parameter #6</th><th>Parameter #7</th><th>Parameter #8</th><th>Parameter #9</th><th>Parameter #10</th></tr><tr class="param stripe"><td>Loganayaki</td><td>Logi@1234</td><td>New York</td><td>Hotel Cornice</td><td>Double</td><td>7 - Seven</td><td>14-12-2024</td><td>15-12-2024</td><td>3 - Three</td><td>4</td></tr></table><p class="totop"><a href="#summary">back to summary</a></p>
<h3 id="m13">test.TC_003_SearchHotelTest#searchHotelTest</h3><table class="result"><tr class="param"><th>Parameter #1</th><th>Parameter #2</th><th>Parameter #3</th><th>Parameter #4</th><th>Parameter #5</th><th>Parameter #6</th><th>Parameter #7</th><th>Parameter #8</th><th>Parameter #9</th><th>Parameter #10</th></tr><tr class="param stripe"><td>Loganayaki</td><td>Logi@1234</td><td>Brisbane</td><td>Hotel Hervey</td><td>Standard</td><td>7 - Seven</td><td>14-12-2024</td><td>15-12-2024</td><td>3 - Three</td><td>4</td></tr></table><p class="totop"><a href="#summary">back to summary</a></p>
<h3 id="m14">test.TC_004_SelectHotelTest#searchHotelTest</h3><table class="result"><tr class="param"><th>Parameter #1</th><th>Parameter #2</th><th>Parameter #3</th><th>Parameter #4</th><th>Parameter #5</th><th>Parameter #6</th><th>Parameter #7</th><th>Parameter #8</th><th>Parameter #9</th><th>Parameter #10</th></tr><tr class="param stripe"><td>Loganayaki</td><td>Logi@1234</td><td>Sydney</td><td>Hotel Creek</td><td>Standard</td><td>2 - Two</td><td>14/12/2024</td><td>15/12/2024</td><td>2 - Two</td><td>3</td></tr></table><p class="totop"><a href="#summary">back to summary</a></p>
<h3 id="m15">test.TC_005_BookAHotelTest#bookAHotelTest</h3><table class="result"><tr class="param"><th>Parameter #1</th><th>Parameter #2</th><th>Parameter #3</th><th>Parameter #4</th><th>Parameter #5</th><th>Parameter #6</th><th>Parameter #7</th><th>Parameter #8</th><th>Parameter #9</th><th>Parameter #10</th><th>Parameter #11</th><th>Parameter #12</th><th>Parameter #13</th><th>Parameter #14</th><th>Parameter #15</th><th>Parameter #16</th><th>Parameter #17</th><th>Parameter #18</th></tr><tr class="param stripe"><td>Loganayaki</td><td>Logi@1234</td><td>Sydney</td><td>Hotel Creek</td><td>Standard</td><td>2 - Two</td><td>14/12/2024</td><td>15/12/2024</td><td>2 - Two</td><td>3</td><td>LOGANAYAKI</td><td>P</td><td>2/295,Sydney</td><td>1234567890987650</td><td>AMEX</td><td>January</td><td>2026</td><td>234</td></tr></table><p class="totop"><a href="#summary">back to summary</a></p>
<h3 id="m16">test.TC_005_BookAHotelTest#bookAHotelTest</h3><table class="result"><tr class="param"><th>Parameter #1</th><th>Parameter #2</th><th>Parameter #3</th><th>Parameter #4</th><th>Parameter #5</th><th>Parameter #6</th><th>Parameter #7</th><th>Parameter #8</th><th>Parameter #9</th><th>Parameter #10</th><th>Parameter #11</th><th>Parameter #12</th><th>Parameter #13</th><th>Parameter #14</th><th>Parameter #15</th><th>Parameter #16</th><th>Parameter #17</th><th>Parameter #18</th></tr><tr class="param stripe"><td>Loganayaki</td><td>Logi@1234</td><td>Sydney</td><td>Hotel Creek</td><td>Standard</td><td>2 - Two</td><td>14/12/2024</td><td>15/12/2024</td><td>2 - Two</td><td>3</td><td>LOGANAYAKI</td><td>P</td><td>2/295,Sydney</td><td>1234567890987650</td><td>AMEX</td><td>January</td><td>2026</td><td>234</td></tr></table><p class="totop"><a href="#summary">back to summary</a></p>
<h3 id="m17">test.TC_006_BookConfirmationTest#bookingConfirmationTest</h3><table class="result"><tr class="param"><th>Parameter #1</th><th>Parameter #2</th><th>Parameter #3</th><th>Parameter #4</th><th>Parameter #5</th><th>Parameter #6</th><th>Parameter #7</th><th>Parameter #8</th><th>Parameter #9</th><th>Parameter #10</th><th>Parameter #11</th><th>Parameter #12</th><th>Parameter #13</th><th>Parameter #14</th><th>Parameter #15</th><th>Parameter #16</th><th>Parameter #17</th><th>Parameter #18</th></tr><tr class="param stripe"><td>Loganayaki</td><td>Logi@1234</td><td>Sydney</td><td>Hotel Creek</td><td>Standard</td><td>2 - Two</td><td>16/12/2024</td><td>15-12-2024</td><td>2 - Two</td><td>1</td><td>LOGANAYAKI</td><td>P</td><td>2/295,Sydney</td><td>1234567890987650</td><td>AMEX</td><td>January</td><td>2030</td><td>234</td></tr></table><p class="totop"><a href="#summary">back to summary</a></p>
<h3 id="m18">test.TC_007_BookedItineraryTest#bookedItineraryTest</h3><table class="result"><tr class="param"><th>Parameter #1</th><th>Parameter #2</th><th>Parameter #3</th><th>Parameter #4</th><th>Parameter #5</th><th>Parameter #6</th><th>Parameter #7</th><th>Parameter #8</th><th>Parameter #9</th><th>Parameter #10</th><th>Parameter #11</th><th>Parameter #12</th><th>Parameter #13</th><th>Parameter #14</th><th>Parameter #15</th><th>Parameter #16</th><th>Parameter #17</th><th>Parameter #18</th></tr><tr class="param stripe"><td>Loganayaki</td><td>Logi@1234</td><td>Sydney</td><td>Hotel Creek</td><td>Standard</td><td>2 - Two</td><td>16/12/2024</td><td>15-12-2024</td><td>2 - Two</td><td>1</td><td>LOGANAYAKI</td><td>P</td><td>2/295,Sydney</td><td>1234567890987650</td><td>AMEX</td><td>January</td><td>2030</td><td>234</td></tr></table><p class="totop"><a href="#summary">back to summary</a></p>
<h3 id="m19">test.TC_008_ChangePassword#changePasswordTest</h3><table class="result"><tr class="param"><th>Parameter #1</th><th>Parameter #2</th><th>Parameter #3</th><th>Parameter #4</th><th>Parameter #5</th></tr><tr class="param stripe"><td>Loganayaki</td><td>Logi@1234</td><td>Logi@1234</td><td>Logi@1234</td><td>Logi@1234</td></tr></table><p class="totop"><a href="#summary">back to summary</a></p>
<h3 id="m20">test.TC_009_FinalLogout#endLogoutTest</h3><table class="result"><tr class="param"><th>Parameter #1</th><th>Parameter #2</th></tr><tr class="param stripe"><td>Loganayaki</td><td>Logi@1234</td></tr></table><p class="totop"><a href="#summary">back to summary</a></p>
<h2>Edge Test</h2><h3 id="m21">test.TC_002_LoginTest#loginTest</h3><table class="result"><tr class="param"><th>Parameter #1</th><th>Parameter #2</th></tr><tr class="param stripe"><td>Loganayak</td><td>Happ2024</td></tr><tr><th colspan="2">Exception</th></tr><tr><td colspan="2"><div class="stacktrace">org.openqa.selenium.NoSuchElementException: no such element: Unable to locate element: {&quot;method&quot;:&quot;xpath&quot;,&quot;selector&quot;:&quot;//input[contains(@value,&apos;Hello Loganayaki!&apos;)]&quot;}
  (Session info: MicrosoftEdge=131.0.2903.99)
For documentation on this error, please visit: https://www.selenium.dev/documentation/webdriver/troubleshooting/errors#no-such-element-exception
Build info: version: &apos;4.25.0&apos;, revision: &apos;8a8aea2337&apos;
System info: os.name: &apos;Windows 11&apos;, os.arch: &apos;amd64&apos;, os.version: &apos;10.0&apos;, java.version: &apos;23&apos;
Driver info: org.openqa.selenium.edge.EdgeDriver
Command: [1ee97f9ab9244a56a0a3d97a88d99367, findElement {value=//input[contains(@value,&apos;Hello Loganayaki!&apos;)], using=xpath}]
Capabilities {acceptInsecureCerts: false, browserName: MicrosoftEdge, browserVersion: 131.0.2903.99, fedcm:accounts: true, ms:edgeOptions: {debuggerAddress: localhost:60784}, msedge: {msedgedriverVersion: 131.0.2903.99 (f96a870b1316..., userDataDir: C:\Users\Asus\AppData\Local...}, networkConnectionEnabled: false, pageLoadStrategy: normal, platformName: windows, proxy: Proxy(), se:cdp: ws://localhost:60784/devtoo..., se:cdpVersion: 131.0.2903.99, setWindowRect: true, strictFileInteractability: false, timeouts: {implicit: 0, pageLoad: 300000, script: 30000}, unhandledPromptBehavior: dismiss and notify, webauthn:extension:credBlob: true, webauthn:extension:largeBlob: true, webauthn:extension:minPinLength: true, webauthn:extension:prf: true, webauthn:virtualAuthenticators: true}
Session ID: 1ee97f9ab9244a56a0a3d97a88d99367
	at org.openqa.selenium.remote.ErrorCodec.decode(ErrorCodec.java:167)
	at org.openqa.selenium.remote.codec.w3c.W3CHttpResponseCodec.decode(W3CHttpResponseCodec.java:138)
	at org.openqa.selenium.remote.codec.w3c.W3CHttpResponseCodec.decode(W3CHttpResponseCodec.java:50)
	at org.openqa.selenium.remote.HttpCommandExecutor.execute(HttpCommandExecutor.java:190)
	at org.openqa.selenium.remote.service.DriverCommandExecutor.invokeExecute(DriverCommandExecutor.java:216)
	at org.openqa.selenium.remote.service.DriverCommandExecutor.execute(DriverCommandExecutor.java:174)
	at org.openqa.selenium.remote.RemoteWebDriver.execute(RemoteWebDriver.java:545)
	at org.openqa.selenium.remote.ElementLocation$ElementFinder$2.findElement(ElementLocation.java:165)
	at org.openqa.selenium.remote.ElementLocation.findElement(ElementLocation.java:59)
	at org.openqa.selenium.remote.RemoteWebDriver.findElement(RemoteWebDriver.java:368)
	at org.openqa.selenium.remote.RemoteWebDriver.findElement(RemoteWebDriver.java:362)
	at pages.LoginPage.clickLoginButton(LoginPage.java:31)
	at test.TC_002_LoginTest.loginTest(TC_002_LoginTest.java:33)
	at java.base/java.util.ArrayList.forEach(ArrayList.java:1597)
... Removed 32 stack frames</div></td></tr></table><p class="totop"><a href="#summary">back to summary</a></p>
<h3 id="m22">test.TC_002_LoginTest#loginTest</h3><table class="result"><tr class="param"><th>Parameter #1</th><th>Parameter #2</th></tr><tr class="param stripe"><td>Loganyaki</td><td>Happ202</td></tr><tr><th colspan="2">Exception</th></tr><tr><td colspan="2"><div class="stacktrace">org.openqa.selenium.NoSuchElementException: no such element: Unable to locate element: {&quot;method&quot;:&quot;xpath&quot;,&quot;selector&quot;:&quot;//input[contains(@value,&apos;Hello Loganayaki!&apos;)]&quot;}
  (Session info: MicrosoftEdge=131.0.2903.99)
For documentation on this error, please visit: https://www.selenium.dev/documentation/webdriver/troubleshooting/errors#no-such-element-exception
Build info: version: &apos;4.25.0&apos;, revision: &apos;8a8aea2337&apos;
System info: os.name: &apos;Windows 11&apos;, os.arch: &apos;amd64&apos;, os.version: &apos;10.0&apos;, java.version: &apos;23&apos;
Driver info: org.openqa.selenium.edge.EdgeDriver
Command: [8ae0f2f1fc1e7f00c523d13cddd283b3, findElement {value=//input[contains(@value,&apos;Hello Loganayaki!&apos;)], using=xpath}]
Capabilities {acceptInsecureCerts: false, browserName: MicrosoftEdge, browserVersion: 131.0.2903.99, fedcm:accounts: true, ms:edgeOptions: {debuggerAddress: localhost:60825}, msedge: {msedgedriverVersion: 131.0.2903.99 (f96a870b1316..., userDataDir: C:\Users\Asus\AppData\Local...}, networkConnectionEnabled: false, pageLoadStrategy: normal, platformName: windows, proxy: Proxy(), se:cdp: ws://localhost:60825/devtoo..., se:cdpVersion: 131.0.2903.99, setWindowRect: true, strictFileInteractability: false, timeouts: {implicit: 0, pageLoad: 300000, script: 30000}, unhandledPromptBehavior: dismiss and notify, webauthn:extension:credBlob: true, webauthn:extension:largeBlob: true, webauthn:extension:minPinLength: true, webauthn:extension:prf: true, webauthn:virtualAuthenticators: true}
Session ID: 8ae0f2f1fc1e7f00c523d13cddd283b3
	at org.openqa.selenium.remote.ErrorCodec.decode(ErrorCodec.java:167)
	at org.openqa.selenium.remote.codec.w3c.W3CHttpResponseCodec.decode(W3CHttpResponseCodec.java:138)
	at org.openqa.selenium.remote.codec.w3c.W3CHttpResponseCodec.decode(W3CHttpResponseCodec.java:50)
	at org.openqa.selenium.remote.HttpCommandExecutor.execute(HttpCommandExecutor.java:190)
	at org.openqa.selenium.remote.service.DriverCommandExecutor.invokeExecute(DriverCommandExecutor.java:216)
	at org.openqa.selenium.remote.service.DriverCommandExecutor.execute(DriverCommandExecutor.java:174)
	at org.openqa.selenium.remote.RemoteWebDriver.execute(RemoteWebDriver.java:545)
	at org.openqa.selenium.remote.ElementLocation$ElementFinder$2.findElement(ElementLocation.java:165)
	at org.openqa.selenium.remote.ElementLocation.findElement(ElementLocation.java:59)
	at org.openqa.selenium.remote.RemoteWebDriver.findElement(RemoteWebDriver.java:368)
	at org.openqa.selenium.remote.RemoteWebDriver.findElement(RemoteWebDriver.java:362)
	at pages.LoginPage.clickLoginButton(LoginPage.java:31)
	at test.TC_002_LoginTest.loginTest(TC_002_LoginTest.java:33)
	at java.base/java.util.ArrayList.forEach(ArrayList.java:1597)
... Removed 32 stack frames</div></td></tr></table><p class="totop"><a href="#summary">back to summary</a></p>
<h3 id="m23">test.TC_005_BookAHotelTest#bookAHotelTest</h3><table class="result"><tr class="param"><th>Parameter #1</th><th>Parameter #2</th><th>Parameter #3</th><th>Parameter #4</th><th>Parameter #5</th><th>Parameter #6</th><th>Parameter #7</th><th>Parameter #8</th><th>Parameter #9</th><th>Parameter #10</th><th>Parameter #11</th><th>Parameter #12</th><th>Parameter #13</th><th>Parameter #14</th><th>Parameter #15</th><th>Parameter #16</th><th>Parameter #17</th><th>Parameter #18</th></tr><tr class="param stripe"><td>Loganayaki</td><td>Logi@1234</td><td>Melbourne</td><td>Hotel Sunshine</td><td>Standard</td><td>3 - Three</td><td>14/12/2024</td><td>15-12-2024</td><td>2 - Two</td><td>1</td><td>Logu</td><td>P</td><td>2/295,Melbourne</td><td>987654321098765</td><td>VISA</td><td>February</td><td>2030</td><td>456</td></tr><tr><th colspan="18">Exception</th></tr><tr><td colspan="18"><div class="stacktrace">org.openqa.selenium.NoSuchElementException: no such element: Unable to locate element: {&quot;method&quot;:&quot;xpath&quot;,&quot;selector&quot;:&quot;//td[contains(text(),&apos;Booking Confirmation &apos;)]&quot;}
  (Session info: MicrosoftEdge=131.0.2903.99)
For documentation on this error, please visit: https://www.selenium.dev/documentation/webdriver/troubleshooting/errors#no-such-element-exception
Build info: version: &apos;4.25.0&apos;, revision: &apos;8a8aea2337&apos;
System info: os.name: &apos;Windows 11&apos;, os.arch: &apos;amd64&apos;, os.version: &apos;10.0&apos;, java.version: &apos;23&apos;
Driver info: org.openqa.selenium.edge.EdgeDriver
Command: [f357b420074090fe190388ff470db4bc, findElement {value=//td[contains(text(),&apos;Booking Confirmation &apos;)], using=xpath}]
Capabilities {acceptInsecureCerts: false, browserName: MicrosoftEdge, browserVersion: 131.0.2903.99, fedcm:accounts: true, ms:edgeOptions: {debuggerAddress: localhost:61154}, msedge: {msedgedriverVersion: 131.0.2903.99 (f96a870b1316..., userDataDir: C:\Users\Asus\AppData\Local...}, networkConnectionEnabled: false, pageLoadStrategy: normal, platformName: windows, proxy: Proxy(), se:cdp: ws://localhost:61154/devtoo..., se:cdpVersion: 131.0.2903.99, setWindowRect: true, strictFileInteractability: false, timeouts: {implicit: 0, pageLoad: 300000, script: 30000}, unhandledPromptBehavior: dismiss and notify, webauthn:extension:credBlob: true, webauthn:extension:largeBlob: true, webauthn:extension:minPinLength: true, webauthn:extension:prf: true, webauthn:virtualAuthenticators: true}
Session ID: f357b420074090fe190388ff470db4bc
	at org.openqa.selenium.remote.ErrorCodec.decode(ErrorCodec.java:167)
	at org.openqa.selenium.remote.codec.w3c.W3CHttpResponseCodec.decode(W3CHttpResponseCodec.java:138)
	at org.openqa.selenium.remote.codec.w3c.W3CHttpResponseCodec.decode(W3CHttpResponseCodec.java:50)
	at org.openqa.selenium.remote.HttpCommandExecutor.execute(HttpCommandExecutor.java:190)
	at org.openqa.selenium.remote.service.DriverCommandExecutor.invokeExecute(DriverCommandExecutor.java:216)
	at org.openqa.selenium.remote.service.DriverCommandExecutor.execute(DriverCommandExecutor.java:174)
	at org.openqa.selenium.remote.RemoteWebDriver.execute(RemoteWebDriver.java:545)
	at org.openqa.selenium.remote.ElementLocation$ElementFinder$2.findElement(ElementLocation.java:165)
	at org.openqa.selenium.remote.ElementLocation.findElement(ElementLocation.java:59)
	at org.openqa.selenium.remote.RemoteWebDriver.findElement(RemoteWebDriver.java:368)
	at org.openqa.selenium.remote.RemoteWebDriver.findElement(RemoteWebDriver.java:362)
	at pages.BookAHotel.clickBookNow(BookAHotel.java:76)
	at test.TC_005_BookAHotelTest.bookAHotelTest(TC_005_BookAHotelTest.java:41)
	at java.base/java.util.ArrayList.forEach(ArrayList.java:1597)
... Removed 32 stack frames</div></td></tr></table><p class="totop"><a href="#summary">back to summary</a></p>
<h3 id="m24">test.TC_005_BookAHotelTest#bookAHotelTest</h3><table class="result"><tr class="param"><th>Parameter #1</th><th>Parameter #2</th><th>Parameter #3</th><th>Parameter #4</th><th>Parameter #5</th><th>Parameter #6</th><th>Parameter #7</th><th>Parameter #8</th><th>Parameter #9</th><th>Parameter #10</th><th>Parameter #11</th><th>Parameter #12</th><th>Parameter #13</th><th>Parameter #14</th><th>Parameter #15</th><th>Parameter #16</th><th>Parameter #17</th><th>Parameter #18</th></tr><tr class="param stripe"><td>Loganayaki</td><td>Logi@1234</td><td>Melbourne</td><td>Hotel Sunshine</td><td>Standard</td><td>3 - Three</td><td>14/12/2024</td><td>15-12-2024</td><td>2 - Two</td><td>1</td><td>Logu</td><td>P</td><td>2/295,Melbourne</td><td>23456</td><td>VISA</td><td>February</td><td>2030</td><td>456</td></tr><tr><th colspan="18">Exception</th></tr><tr><td colspan="18"><div class="stacktrace">org.openqa.selenium.NoSuchElementException: no such element: Unable to locate element: {&quot;method&quot;:&quot;xpath&quot;,&quot;selector&quot;:&quot;//td[contains(text(),&apos;Booking Confirmation &apos;)]&quot;}
  (Session info: MicrosoftEdge=131.0.2903.99)
For documentation on this error, please visit: https://www.selenium.dev/documentation/webdriver/troubleshooting/errors#no-such-element-exception
Build info: version: &apos;4.25.0&apos;, revision: &apos;8a8aea2337&apos;
System info: os.name: &apos;Windows 11&apos;, os.arch: &apos;amd64&apos;, os.version: &apos;10.0&apos;, java.version: &apos;23&apos;
Driver info: org.openqa.selenium.edge.EdgeDriver
Command: [9c021683731e7acf17749f6e964cb29a, findElement {value=//td[contains(text(),&apos;Booking Confirmation &apos;)], using=xpath}]
Capabilities {acceptInsecureCerts: false, browserName: MicrosoftEdge, browserVersion: 131.0.2903.99, fedcm:accounts: true, ms:edgeOptions: {debuggerAddress: localhost:61249}, msedge: {msedgedriverVersion: 131.0.2903.99 (f96a870b1316..., userDataDir: C:\Users\Asus\AppData\Local...}, networkConnectionEnabled: false, pageLoadStrategy: normal, platformName: windows, proxy: Proxy(), se:cdp: ws://localhost:61249/devtoo..., se:cdpVersion: 131.0.2903.99, setWindowRect: true, strictFileInteractability: false, timeouts: {implicit: 0, pageLoad: 300000, script: 30000}, unhandledPromptBehavior: dismiss and notify, webauthn:extension:credBlob: true, webauthn:extension:largeBlob: true, webauthn:extension:minPinLength: true, webauthn:extension:prf: true, webauthn:virtualAuthenticators: true}
Session ID: 9c021683731e7acf17749f6e964cb29a
	at org.openqa.selenium.remote.ErrorCodec.decode(ErrorCodec.java:167)
	at org.openqa.selenium.remote.codec.w3c.W3CHttpResponseCodec.decode(W3CHttpResponseCodec.java:138)
	at org.openqa.selenium.remote.codec.w3c.W3CHttpResponseCodec.decode(W3CHttpResponseCodec.java:50)
	at org.openqa.selenium.remote.HttpCommandExecutor.execute(HttpCommandExecutor.java:190)
	at org.openqa.selenium.remote.service.DriverCommandExecutor.invokeExecute(DriverCommandExecutor.java:216)
	at org.openqa.selenium.remote.service.DriverCommandExecutor.execute(DriverCommandExecutor.java:174)
	at org.openqa.selenium.remote.RemoteWebDriver.execute(RemoteWebDriver.java:545)
	at org.openqa.selenium.remote.ElementLocation$ElementFinder$2.findElement(ElementLocation.java:165)
	at org.openqa.selenium.remote.ElementLocation.findElement(ElementLocation.java:59)
	at org.openqa.selenium.remote.RemoteWebDriver.findElement(RemoteWebDriver.java:368)
	at org.openqa.selenium.remote.RemoteWebDriver.findElement(RemoteWebDriver.java:362)
	at pages.BookAHotel.clickBookNow(BookAHotel.java:76)
	at test.TC_005_BookAHotelTest.bookAHotelTest(TC_005_BookAHotelTest.java:41)
	at java.base/java.util.ArrayList.forEach(ArrayList.java:1597)
... Removed 32 stack frames</div></td></tr></table><p class="totop"><a href="#summary">back to summary</a></p>
<h3 id="m25">test.TC_008_ChangePassword#changePasswordTest</h3><table class="result"><tr class="param"><th>Parameter #1</th><th>Parameter #2</th><th>Parameter #3</th><th>Parameter #4</th><th>Parameter #5</th></tr><tr class="param stripe"><td>Loganayaki</td><td>Logi@1234</td><td>L@123</td><td>Logi@1234</td><td>Logi@1234</td></tr><tr><th colspan="5">Exception</th></tr><tr><td colspan="5"><div class="stacktrace">org.openqa.selenium.NoSuchElementException: no such element: Unable to locate element: {&quot;method&quot;:&quot;xpath&quot;,&quot;selector&quot;:&quot;//span[contains(text(),&apos;Your Password is successfully updated!!!&apos;)]&quot;}
  (Session info: MicrosoftEdge=131.0.2903.99)
For documentation on this error, please visit: https://www.selenium.dev/documentation/webdriver/troubleshooting/errors#no-such-element-exception
Build info: version: &apos;4.25.0&apos;, revision: &apos;8a8aea2337&apos;
System info: os.name: &apos;Windows 11&apos;, os.arch: &apos;amd64&apos;, os.version: &apos;10.0&apos;, java.version: &apos;23&apos;
Driver info: org.openqa.selenium.edge.EdgeDriver
Command: [4a16ee4af0e69385ca16aa1be89caa83, findElement {value=//span[contains(text(),&apos;Your Password is successfully updated!!!&apos;)], using=xpath}]
Capabilities {acceptInsecureCerts: false, browserName: MicrosoftEdge, browserVersion: 131.0.2903.99, fedcm:accounts: true, ms:edgeOptions: {debuggerAddress: localhost:61431}, msedge: {msedgedriverVersion: 131.0.2903.99 (f96a870b1316..., userDataDir: C:\Users\Asus\AppData\Local...}, networkConnectionEnabled: false, pageLoadStrategy: normal, platformName: windows, proxy: Proxy(), se:cdp: ws://localhost:61431/devtoo..., se:cdpVersion: 131.0.2903.99, setWindowRect: true, strictFileInteractability: false, timeouts: {implicit: 0, pageLoad: 300000, script: 30000}, unhandledPromptBehavior: dismiss and notify, webauthn:extension:credBlob: true, webauthn:extension:largeBlob: true, webauthn:extension:minPinLength: true, webauthn:extension:prf: true, webauthn:virtualAuthenticators: true}
Session ID: 4a16ee4af0e69385ca16aa1be89caa83
	at org.openqa.selenium.remote.ErrorCodec.decode(ErrorCodec.java:167)
	at org.openqa.selenium.remote.codec.w3c.W3CHttpResponseCodec.decode(W3CHttpResponseCodec.java:138)
	at org.openqa.selenium.remote.codec.w3c.W3CHttpResponseCodec.decode(W3CHttpResponseCodec.java:50)
	at org.openqa.selenium.remote.HttpCommandExecutor.execute(HttpCommandExecutor.java:190)
	at org.openqa.selenium.remote.service.DriverCommandExecutor.invokeExecute(DriverCommandExecutor.java:216)
	at org.openqa.selenium.remote.service.DriverCommandExecutor.execute(DriverCommandExecutor.java:174)
	at org.openqa.selenium.remote.RemoteWebDriver.execute(RemoteWebDriver.java:545)
	at org.openqa.selenium.remote.ElementLocation$ElementFinder$2.findElement(ElementLocation.java:165)
	at org.openqa.selenium.remote.ElementLocation.findElement(ElementLocation.java:59)
	at org.openqa.selenium.remote.RemoteWebDriver.findElement(RemoteWebDriver.java:368)
	at org.openqa.selenium.remote.RemoteWebDriver.findElement(RemoteWebDriver.java:362)
	at pages.ChangePassWord.clickSubmit(ChangePassWord.java:39)
	at test.TC_008_ChangePassword.changePasswordTest(TC_008_ChangePassword.java:34)
	at java.base/java.util.ArrayList.forEach(ArrayList.java:1597)
... Removed 32 stack frames</div></td></tr></table><p class="totop"><a href="#summary">back to summary</a></p>
<h3 id="m26">test.TC_001_RegisterTest#regTestInvalidTestData</h3><table class="result"><tr><th class="invisible"/></tr></table><p class="totop"><a href="#summary">back to summary</a></p>
<h3 id="m27">test.TC_001_RegisterTest#registerTest</h3><table class="result"><tr><th class="invisible"/></tr></table><p class="totop"><a href="#summary">back to summary</a></p>
<h3 id="m28">test.TC_002_LoginTest#loginTest</h3><table class="result"><tr class="param"><th>Parameter #1</th><th>Parameter #2</th></tr><tr class="param stripe"><td>Loganayaki</td><td>Logi@1234</td></tr></table><p class="totop"><a href="#summary">back to summary</a></p>
<h3 id="m29">test.TC_002_LoginTest#loginTest</h3><table class="result"><tr class="param"><th>Parameter #1</th><th>Parameter #2</th></tr><tr class="param stripe"><td>Loganayaki</td><td>Logi@1234</td></tr></table><p class="totop"><a href="#summary">back to summary</a></p>
<h3 id="m30">test.TC_003_SearchHotelTest#searchHotelTest</h3><table class="result"><tr class="param"><th>Parameter #1</th><th>Parameter #2</th><th>Parameter #3</th><th>Parameter #4</th><th>Parameter #5</th><th>Parameter #6</th><th>Parameter #7</th><th>Parameter #8</th><th>Parameter #9</th><th>Parameter #10</th></tr><tr class="param stripe"><td>Loganayaki</td><td>Logi@1234</td><td>Brisbane</td><td>Hotel Hervey</td><td>Standard</td><td>7 - Seven</td><td>14-12-2024</td><td>15-12-2024</td><td>3 - Three</td><td>4</td></tr></table><p class="totop"><a href="#summary">back to summary</a></p>
<h3 id="m31">test.TC_003_SearchHotelTest#searchHotelTest</h3><table class="result"><tr class="param"><th>Parameter #1</th><th>Parameter #2</th><th>Parameter #3</th><th>Parameter #4</th><th>Parameter #5</th><th>Parameter #6</th><th>Parameter #7</th><th>Parameter #8</th><th>Parameter #9</th><th>Parameter #10</th></tr><tr class="param stripe"><td>Loganayaki</td><td>Logi@1234</td><td>Sydney</td><td>Hotel Creek</td><td>Standard</td><td>7 - Seven</td><td>14-12-2024</td><td>15-12-2024</td><td>3 - Three</td><td>4</td></tr></table><p class="totop"><a href="#summary">back to summary</a></p>
<h3 id="m32">test.TC_003_SearchHotelTest#searchHotelTest</h3><table class="result"><tr class="param"><th>Parameter #1</th><th>Parameter #2</th><th>Parameter #3</th><th>Parameter #4</th><th>Parameter #5</th><th>Parameter #6</th><th>Parameter #7</th><th>Parameter #8</th><th>Parameter #9</th><th>Parameter #10</th></tr><tr class="param stripe"><td>Loganayaki</td><td>Logi@1234</td><td>New York</td><td>Hotel Cornice</td><td>Double</td><td>7 - Seven</td><td>14-12-2024</td><td>15-12-2024</td><td>3 - Three</td><td>4</td></tr></table><p class="totop"><a href="#summary">back to summary</a></p>
<h3 id="m33">test.TC_003_SearchHotelTest#searchHotelTest</h3><table class="result"><tr class="param"><th>Parameter #1</th><th>Parameter #2</th><th>Parameter #3</th><th>Parameter #4</th><th>Parameter #5</th><th>Parameter #6</th><th>Parameter #7</th><th>Parameter #8</th><th>Parameter #9</th><th>Parameter #10</th></tr><tr class="param stripe"><td>Loganayaki</td><td>Logi@1234</td><td>London</td><td>Hotel Hervey</td><td>Double</td><td>7 - Seven</td><td>14-12-2024</td><td>15-12-2024</td><td>3 - Three</td><td>4</td></tr></table><p class="totop"><a href="#summary">back to summary</a></p>
<h3 id="m34">test.TC_003_SearchHotelTest#searchHotelTest</h3><table class="result"><tr class="param"><th>Parameter #1</th><th>Parameter #2</th><th>Parameter #3</th><th>Parameter #4</th><th>Parameter #5</th><th>Parameter #6</th><th>Parameter #7</th><th>Parameter #8</th><th>Parameter #9</th><th>Parameter #10</th></tr><tr class="param stripe"><td>Loganayaki</td><td>Logi@1234</td><td>Melbourne</td><td>Hotel Sunshine</td><td>Standard</td><td>7 - Seven</td><td>14-12-2024</td><td>15-12-2024</td><td>3 - Three</td><td>4</td></tr></table><p class="totop"><a href="#summary">back to summary</a></p>
<h3 id="m35">test.TC_004_SelectHotelTest#searchHotelTest</h3><table class="result"><tr class="param"><th>Parameter #1</th><th>Parameter #2</th><th>Parameter #3</th><th>Parameter #4</th><th>Parameter #5</th><th>Parameter #6</th><th>Parameter #7</th><th>Parameter #8</th><th>Parameter #9</th><th>Parameter #10</th></tr><tr class="param stripe"><td>Loganayaki</td><td>Logi@1234</td><td>Sydney</td><td>Hotel Creek</td><td>Standard</td><td>2 - Two</td><td>14/12/2024</td><td>15/12/2024</td><td>2 - Two</td><td>3</td></tr></table><p class="totop"><a href="#summary">back to summary</a></p>
<h3 id="m36">test.TC_005_BookAHotelTest#bookAHotelTest</h3><table class="result"><tr class="param"><th>Parameter #1</th><th>Parameter #2</th><th>Parameter #3</th><th>Parameter #4</th><th>Parameter #5</th><th>Parameter #6</th><th>Parameter #7</th><th>Parameter #8</th><th>Parameter #9</th><th>Parameter #10</th><th>Parameter #11</th><th>Parameter #12</th><th>Parameter #13</th><th>Parameter #14</th><th>Parameter #15</th><th>Parameter #16</th><th>Parameter #17</th><th>Parameter #18</th></tr><tr class="param stripe"><td>Loganayaki</td><td>Logi@1234</td><td>Sydney</td><td>Hotel Creek</td><td>Standard</td><td>2 - Two</td><td>14/12/2024</td><td>15/12/2024</td><td>2 - Two</td><td>3</td><td>LOGANAYAKI</td><td>P</td><td>2/295,Sydney</td><td>1234567890987650</td><td>AMEX</td><td>January</td><td>2026</td><td>234</td></tr></table><p class="totop"><a href="#summary">back to summary</a></p>
<h3 id="m37">test.TC_005_BookAHotelTest#bookAHotelTest</h3><table class="result"><tr class="param"><th>Parameter #1</th><th>Parameter #2</th><th>Parameter #3</th><th>Parameter #4</th><th>Parameter #5</th><th>Parameter #6</th><th>Parameter #7</th><th>Parameter #8</th><th>Parameter #9</th><th>Parameter #10</th><th>Parameter #11</th><th>Parameter #12</th><th>Parameter #13</th><th>Parameter #14</th><th>Parameter #15</th><th>Parameter #16</th><th>Parameter #17</th><th>Parameter #18</th></tr><tr class="param stripe"><td>Loganayaki</td><td>Logi@1234</td><td>Sydney</td><td>Hotel Creek</td><td>Standard</td><td>2 - Two</td><td>14/12/2024</td><td>15/12/2024</td><td>2 - Two</td><td>3</td><td>LOGANAYAKI</td><td>P</td><td>2/295,Sydney</td><td>1234567890987650</td><td>AMEX</td><td>January</td><td>2026</td><td>234</td></tr></table><p class="totop"><a href="#summary">back to summary</a></p>
<h3 id="m38">test.TC_006_BookConfirmationTest#bookingConfirmationTest</h3><table class="result"><tr class="param"><th>Parameter #1</th><th>Parameter #2</th><th>Parameter #3</th><th>Parameter #4</th><th>Parameter #5</th><th>Parameter #6</th><th>Parameter #7</th><th>Parameter #8</th><th>Parameter #9</th><th>Parameter #10</th><th>Parameter #11</th><th>Parameter #12</th><th>Parameter #13</th><th>Parameter #14</th><th>Parameter #15</th><th>Parameter #16</th><th>Parameter #17</th><th>Parameter #18</th></tr><tr class="param stripe"><td>Loganayaki</td><td>Logi@1234</td><td>Sydney</td><td>Hotel Creek</td><td>Standard</td><td>2 - Two</td><td>16/12/2024</td><td>15-12-2024</td><td>2 - Two</td><td>1</td><td>LOGANAYAKI</td><td>P</td><td>2/295,Sydney</td><td>1234567890987650</td><td>AMEX</td><td>January</td><td>2030</td><td>234</td></tr></table><p class="totop"><a href="#summary">back to summary</a></p>
<h3 id="m39">test.TC_007_BookedItineraryTest#bookedItineraryTest</h3><table class="result"><tr class="param"><th>Parameter #1</th><th>Parameter #2</th><th>Parameter #3</th><th>Parameter #4</th><th>Parameter #5</th><th>Parameter #6</th><th>Parameter #7</th><th>Parameter #8</th><th>Parameter #9</th><th>Parameter #10</th><th>Parameter #11</th><th>Parameter #12</th><th>Parameter #13</th><th>Parameter #14</th><th>Parameter #15</th><th>Parameter #16</th><th>Parameter #17</th><th>Parameter #18</th></tr><tr class="param stripe"><td>Loganayaki</td><td>Logi@1234</td><td>Sydney</td><td>Hotel Creek</td><td>Standard</td><td>2 - Two</td><td>16/12/2024</td><td>15-12-2024</td><td>2 - Two</td><td>1</td><td>LOGANAYAKI</td><td>P</td><td>2/295,Sydney</td><td>1234567890987650</td><td>AMEX</td><td>January</td><td>2030</td><td>234</td></tr></table><p class="totop"><a href="#summary">back to summary</a></p>
<h3 id="m40">test.TC_008_ChangePassword#changePasswordTest</h3><table class="result"><tr class="param"><th>Parameter #1</th><th>Parameter #2</th><th>Parameter #3</th><th>Parameter #4</th><th>Parameter #5</th></tr><tr class="param stripe"><td>Loganayaki</td><td>Logi@1234</td><td>Logi@1234</td><td>Logi@1234</td><td>Logi@1234</td></tr></table><p class="totop"><a href="#summary">back to summary</a></p>
<h3 id="m41">test.TC_009_FinalLogout#endLogoutTest</h3><table class="result"><tr class="param"><th>Parameter #1</th><th>Parameter #2</th></tr><tr class="param stripe"><td>Loganayaki</td><td>Logi@1234</td></tr></table><p class="totop"><a href="#summary">back to summary</a></p>
</body>
</html>
