<?xml version="1.0" encoding="UTF-8"?>
<testng-results ignored="32" total="74" passed="32" failed="10" skipped="0">
  <reporter-output>
  </reporter-output>
  <suite started-at="2024-12-17T10:58:15 IST" name="Suite" finished-at="2024-12-17T11:10:29 IST" duration-ms="734206">
    <groups>
    </groups>
    <test started-at="2024-12-17T10:58:15 IST" name="Chrome Test" finished-at="2024-12-17T11:04:04 IST" duration-ms="349240">
      <class name="test.TC_008_ChangePassword">
        <test-method is-config="true" signature="data()[pri:0, instance:test.TC_008_ChangePassword@7c6908d7]" started-at="2024-12-17T10:58:15 IST" name="data" finished-at="2024-12-17T10:58:15 IST" duration-ms="0" status="PASS">
          <reporter-output>
          </reporter-output>
        </test-method> <!-- data -->
        <test-method is-config="true" signature="details()[pri:0, instance:test.TC_008_ChangePassword@7c6908d7]" started-at="2024-12-17T11:03:15 IST" name="details" finished-at="2024-12-17T11:03:15 IST" duration-ms="0" status="PASS">
          <reporter-output>
          </reporter-output>
        </test-method> <!-- details -->
        <test-method is-config="true" signature="LaunchAndLoadURL(java.lang.String)[pri:0, instance:test.TC_008_ChangePassword@7c6908d7]" started-at="2024-12-17T11:03:15 IST" name="LaunchAndLoadURL" finished-at="2024-12-17T11:03:18 IST" duration-ms="2881" status="PASS">
          <params>
            <param index="0">
              <value>
                <![CDATA[chrome]]>
              </value>
            </param>
          </params>
          <reporter-output>
          </reporter-output>
        </test-method> <!-- LaunchAndLoadURL -->
        <test-method signature="changePasswordTest(java.lang.String,java.lang.String,java.lang.String,java.lang.String,java.lang.String)[pri:0, instance:test.TC_008_ChangePassword@7c6908d7]" started-at="2024-12-17T11:03:18 IST" name="changePasswordTest" data-provider="excelRead" finished-at="2024-12-17T11:03:25 IST" duration-ms="6756" status="PASS">
          <params>
            <param index="0">
              <value>
                <![CDATA[Loganayaki]]>
              </value>
            </param>
            <param index="1">
              <value>
                <![CDATA[Logi@1234]]>
              </value>
            </param>
            <param index="2">
              <value>
                <![CDATA[Logi@1234]]>
              </value>
            </param>
            <param index="3">
              <value>
                <![CDATA[Logi@1234]]>
              </value>
            </param>
            <param index="4">
              <value>
                <![CDATA[Logi@1234]]>
              </value>
            </param>
          </params>
          <reporter-output>
          </reporter-output>
        </test-method> <!-- changePasswordTest -->
        <test-method is-config="true" signature="closeBrowser()[pri:0, instance:test.TC_008_ChangePassword@7c6908d7]" started-at="2024-12-17T11:03:25 IST" name="closeBrowser" finished-at="2024-12-17T11:03:25 IST" duration-ms="99" status="PASS">
          <reporter-output>
          </reporter-output>
        </test-method> <!-- closeBrowser -->
        <test-method is-config="true" signature="LaunchAndLoadURL(java.lang.String)[pri:0, instance:test.TC_008_ChangePassword@7c6908d7]" started-at="2024-12-17T11:03:25 IST" name="LaunchAndLoadURL" finished-at="2024-12-17T11:03:28 IST" duration-ms="2941" status="PASS">
          <params>
            <param index="0">
              <value>
                <![CDATA[chrome]]>
              </value>
            </param>
          </params>
          <reporter-output>
          </reporter-output>
        </test-method> <!-- LaunchAndLoadURL -->
        <test-method signature="changePasswordTest(java.lang.String,java.lang.String,java.lang.String,java.lang.String,java.lang.String)[pri:0, instance:test.TC_008_ChangePassword@7c6908d7]" started-at="2024-12-17T11:03:28 IST" name="changePasswordTest" data-provider="excelRead" finished-at="2024-12-17T11:03:49 IST" duration-ms="21644" status="FAIL">
          <params>
            <param index="0">
              <value>
                <![CDATA[Loganayaki]]>
              </value>
            </param>
            <param index="1">
              <value>
                <![CDATA[Logi@1234]]>
              </value>
            </param>
            <param index="2">
              <value>
                <![CDATA[L@123]]>
              </value>
            </param>
            <param index="3">
              <value>
                <![CDATA[Logi@1234]]>
              </value>
            </param>
            <param index="4">
              <value>
                <![CDATA[Logi@1234]]>
              </value>
            </param>
          </params>
          <exception class="org.openqa.selenium.NoSuchElementException">
            <message>
              <![CDATA[no such element: Unable to locate element: {"method":"xpath","selector":"//span[contains(text(),'Your Password is successfully updated!!!')]"}
  (Session info: chrome=131.0.6778.140)
For documentation on this error, please visit: https://www.selenium.dev/documentation/webdriver/troubleshooting/errors#no-such-element-exception
Build info: version: '4.25.0', revision: '8a8aea2337'
System info: os.name: 'Windows 11', os.arch: 'amd64', os.version: '10.0', java.version: '23'
Driver info: org.openqa.selenium.chrome.ChromeDriver
Command: [74bcf536e871a7244a2f985619008be2, findElement {value=//span[contains(text(),'Your Password is successfully updated!!!')], using=xpath}]
Capabilities {acceptInsecureCerts: false, browserName: chrome, browserVersion: 131.0.6778.140, chrome: {chromedriverVersion: 131.0.6778.108 (3b014839fbc..., userDataDir: C:\Users\Asus\AppData\Local...}, fedcm:accounts: true, goog:chromeOptions: {debuggerAddress: localhost:56921}, networkConnectionEnabled: false, pageLoadStrategy: normal, platformName: windows, proxy: Proxy(), se:cdp: ws://localhost:56921/devtoo..., se:cdpVersion: 131.0.6778.140, setWindowRect: true, strictFileInteractability: false, timeouts: {implicit: 0, pageLoad: 300000, script: 30000}, unhandledPromptBehavior: dismiss and notify, webauthn:extension:credBlob: true, webauthn:extension:largeBlob: true, webauthn:extension:minPinLength: true, webauthn:extension:prf: true, webauthn:virtualAuthenticators: true}
Session ID: 74bcf536e871a7244a2f985619008be2]]>
            </message>
            <full-stacktrace>
              <![CDATA[org.openqa.selenium.NoSuchElementException: no such element: Unable to locate element: {"method":"xpath","selector":"//span[contains(text(),'Your Password is successfully updated!!!')]"}
  (Session info: chrome=131.0.6778.140)
For documentation on this error, please visit: https://www.selenium.dev/documentation/webdriver/troubleshooting/errors#no-such-element-exception
Build info: version: '4.25.0', revision: '8a8aea2337'
System info: os.name: 'Windows 11', os.arch: 'amd64', os.version: '10.0', java.version: '23'
Driver info: org.openqa.selenium.chrome.ChromeDriver
Command: [74bcf536e871a7244a2f985619008be2, findElement {value=//span[contains(text(),'Your Password is successfully updated!!!')], using=xpath}]
Capabilities {acceptInsecureCerts: false, browserName: chrome, browserVersion: 131.0.6778.140, chrome: {chromedriverVersion: 131.0.6778.108 (3b014839fbc..., userDataDir: C:\Users\Asus\AppData\Local...}, fedcm:accounts: true, goog:chromeOptions: {debuggerAddress: localhost:56921}, networkConnectionEnabled: false, pageLoadStrategy: normal, platformName: windows, proxy: Proxy(), se:cdp: ws://localhost:56921/devtoo..., se:cdpVersion: 131.0.6778.140, setWindowRect: true, strictFileInteractability: false, timeouts: {implicit: 0, pageLoad: 300000, script: 30000}, unhandledPromptBehavior: dismiss and notify, webauthn:extension:credBlob: true, webauthn:extension:largeBlob: true, webauthn:extension:minPinLength: true, webauthn:extension:prf: true, webauthn:virtualAuthenticators: true}
Session ID: 74bcf536e871a7244a2f985619008be2
at java.base/jdk.internal.reflect.DirectConstructorHandleAccessor.newInstance(DirectConstructorHandleAccessor.java:62)
at java.base/java.lang.reflect.Constructor.newInstanceWithCaller(Constructor.java:501)
at java.base/java.lang.reflect.Constructor.newInstance(Constructor.java:485)
at org.openqa.selenium.remote.ErrorCodec.decode(ErrorCodec.java:167)
at org.openqa.selenium.remote.codec.w3c.W3CHttpResponseCodec.decode(W3CHttpResponseCodec.java:138)
at org.openqa.selenium.remote.codec.w3c.W3CHttpResponseCodec.decode(W3CHttpResponseCodec.java:50)
at org.openqa.selenium.remote.HttpCommandExecutor.execute(HttpCommandExecutor.java:190)
at org.openqa.selenium.remote.service.DriverCommandExecutor.invokeExecute(DriverCommandExecutor.java:216)
at org.openqa.selenium.remote.service.DriverCommandExecutor.execute(DriverCommandExecutor.java:174)
at org.openqa.selenium.remote.RemoteWebDriver.execute(RemoteWebDriver.java:545)
at org.openqa.selenium.remote.ElementLocation$ElementFinder$2.findElement(ElementLocation.java:165)
at org.openqa.selenium.remote.ElementLocation.findElement(ElementLocation.java:59)
at org.openqa.selenium.remote.RemoteWebDriver.findElement(RemoteWebDriver.java:368)
at org.openqa.selenium.remote.RemoteWebDriver.findElement(RemoteWebDriver.java:362)
at pages.ChangePassWord.clickSubmit(ChangePassWord.java:39)
at test.TC_008_ChangePassword.changePasswordTest(TC_008_ChangePassword.java:34)
at java.base/jdk.internal.reflect.DirectMethodHandleAccessor.invoke(DirectMethodHandleAccessor.java:103)
at java.base/java.lang.reflect.Method.invoke(Method.java:580)
at org.testng.internal.MethodInvocationHelper.invokeMethod(MethodInvocationHelper.java:133)
at org.testng.internal.TestInvoker.invokeMethod(TestInvoker.java:598)
at org.testng.internal.TestInvoker.invokeTestMethod(TestInvoker.java:173)
at org.testng.internal.MethodRunner.runInSequence(MethodRunner.java:46)
at org.testng.internal.TestInvoker$MethodInvocationAgent.invoke(TestInvoker.java:824)
at org.testng.internal.TestInvoker.invokeTestMethods(TestInvoker.java:146)
at org.testng.internal.TestMethodWorker.invokeTestMethods(TestMethodWorker.java:146)
at org.testng.internal.TestMethodWorker.run(TestMethodWorker.java:128)
at java.base/java.util.ArrayList.forEach(ArrayList.java:1597)
at org.testng.TestRunner.privateRun(TestRunner.java:794)
at org.testng.TestRunner.run(TestRunner.java:596)
at org.testng.SuiteRunner.runTest(SuiteRunner.java:377)
at org.testng.SuiteRunner.runSequentially(SuiteRunner.java:371)
at org.testng.SuiteRunner.privateRun(SuiteRunner.java:332)
at org.testng.SuiteRunner.run(SuiteRunner.java:276)
at org.testng.SuiteRunnerWorker.runSuite(SuiteRunnerWorker.java:53)
at org.testng.SuiteRunnerWorker.run(SuiteRunnerWorker.java:96)
at org.testng.TestNG.runSuitesSequentially(TestNG.java:1212)
at org.testng.TestNG.runSuitesLocally(TestNG.java:1134)
at org.testng.TestNG.runSuites(TestNG.java:1063)
at org.testng.TestNG.run(TestNG.java:1031)
at org.testng.remote.AbstractRemoteTestNG.run(AbstractRemoteTestNG.java:115)
at org.testng.remote.RemoteTestNG.initAndRun(RemoteTestNG.java:293)
at org.testng.remote.RemoteTestNG.main(RemoteTestNG.java:91)
]]>
            </full-stacktrace>
          </exception> <!-- org.openqa.selenium.NoSuchElementException -->
          <reporter-output>
          </reporter-output>
        </test-method> <!-- changePasswordTest -->
        <test-method is-config="true" signature="closeBrowser()[pri:0, instance:test.TC_008_ChangePassword@7c6908d7]" started-at="2024-12-17T11:03:49 IST" name="closeBrowser" finished-at="2024-12-17T11:03:50 IST" duration-ms="94" status="PASS">
          <reporter-output>
          </reporter-output>
        </test-method> <!-- closeBrowser -->
      </class> <!-- test.TC_008_ChangePassword -->
      <class name="test.TC_005_BookAHotelTest">
        <test-method is-config="true" signature="data()[pri:0, instance:test.TC_005_BookAHotelTest@489115ef]" started-at="2024-12-17T10:58:15 IST" name="data" finished-at="2024-12-17T10:58:15 IST" duration-ms="0" status="PASS">
          <reporter-output>
          </reporter-output>
        </test-method> <!-- data -->
        <test-method is-config="true" signature="details()[pri:0, instance:test.TC_005_BookAHotelTest@489115ef]" started-at="2024-12-17T11:00:43 IST" name="details" finished-at="2024-12-17T11:00:43 IST" duration-ms="0" status="PASS">
          <reporter-output>
          </reporter-output>
        </test-method> <!-- details -->
        <test-method is-config="true" signature="LaunchAndLoadURL(java.lang.String)[pri:0, instance:test.TC_005_BookAHotelTest@489115ef]" started-at="2024-12-17T11:00:43 IST" name="LaunchAndLoadURL" finished-at="2024-12-17T11:00:46 IST" duration-ms="2937" status="PASS">
          <params>
            <param index="0">
              <value>
                <![CDATA[chrome]]>
              </value>
            </param>
          </params>
          <reporter-output>
          </reporter-output>
        </test-method> <!-- LaunchAndLoadURL -->
        <test-method signature="bookAHotelTest(java.lang.String,java.lang.String,java.lang.String,java.lang.String,java.lang.String,java.lang.String,java.lang.String,java.lang.String,java.lang.String,java.lang.String,java.lang.String,java.lang.String,java.lang.String,java.lang.String,java.lang.String,java.lang.String,java.lang.String,java.lang.String)[pri:0, instance:test.TC_005_BookAHotelTest@489115ef]" started-at="2024-12-17T11:00:46 IST" name="bookAHotelTest" data-provider="excelRead" finished-at="2024-12-17T11:01:04 IST" duration-ms="18481" status="PASS">
          <params>
            <param index="0">
              <value>
                <![CDATA[Loganayaki]]>
              </value>
            </param>
            <param index="1">
              <value>
                <![CDATA[Logi@1234]]>
              </value>
            </param>
            <param index="2">
              <value>
                <![CDATA[Sydney]]>
              </value>
            </param>
            <param index="3">
              <value>
                <![CDATA[Hotel Creek]]>
              </value>
            </param>
            <param index="4">
              <value>
                <![CDATA[Standard]]>
              </value>
            </param>
            <param index="5">
              <value>
                <![CDATA[2 - Two]]>
              </value>
            </param>
            <param index="6">
              <value>
                <![CDATA[14/12/2024]]>
              </value>
            </param>
            <param index="7">
              <value>
                <![CDATA[15/12/2024]]>
              </value>
            </param>
            <param index="8">
              <value>
                <![CDATA[2 - Two]]>
              </value>
            </param>
            <param index="9">
              <value>
                <![CDATA[3]]>
              </value>
            </param>
            <param index="10">
              <value>
                <![CDATA[LOGANAYAKI]]>
              </value>
            </param>
            <param index="11">
              <value>
                <![CDATA[P]]>
              </value>
            </param>
            <param index="12">
              <value>
                <![CDATA[2/295,Sydney]]>
              </value>
            </param>
            <param index="13">
              <value>
                <![CDATA[1234567890987650]]>
              </value>
            </param>
            <param index="14">
              <value>
                <![CDATA[AMEX]]>
              </value>
            </param>
            <param index="15">
              <value>
                <![CDATA[January]]>
              </value>
            </param>
            <param index="16">
              <value>
                <![CDATA[2026]]>
              </value>
            </param>
            <param index="17">
              <value>
                <![CDATA[234]]>
              </value>
            </param>
          </params>
          <reporter-output>
          </reporter-output>
        </test-method> <!-- bookAHotelTest -->
        <test-method is-config="true" signature="closeBrowser()[pri:0, instance:test.TC_005_BookAHotelTest@489115ef]" started-at="2024-12-17T11:01:04 IST" name="closeBrowser" finished-at="2024-12-17T11:01:04 IST" duration-ms="78" status="PASS">
          <reporter-output>
          </reporter-output>
        </test-method> <!-- closeBrowser -->
        <test-method is-config="true" signature="LaunchAndLoadURL(java.lang.String)[pri:0, instance:test.TC_005_BookAHotelTest@489115ef]" started-at="2024-12-17T11:01:04 IST" name="LaunchAndLoadURL" finished-at="2024-12-17T11:01:07 IST" duration-ms="2869" status="PASS">
          <params>
            <param index="0">
              <value>
                <![CDATA[chrome]]>
              </value>
            </param>
          </params>
          <reporter-output>
          </reporter-output>
        </test-method> <!-- LaunchAndLoadURL -->
        <test-method signature="bookAHotelTest(java.lang.String,java.lang.String,java.lang.String,java.lang.String,java.lang.String,java.lang.String,java.lang.String,java.lang.String,java.lang.String,java.lang.String,java.lang.String,java.lang.String,java.lang.String,java.lang.String,java.lang.String,java.lang.String,java.lang.String,java.lang.String)[pri:0, instance:test.TC_005_BookAHotelTest@489115ef]" started-at="2024-12-17T11:01:07 IST" name="bookAHotelTest" data-provider="excelRead" finished-at="2024-12-17T11:01:35 IST" duration-ms="27974" status="FAIL">
          <params>
            <param index="0">
              <value>
                <![CDATA[Loganayaki]]>
              </value>
            </param>
            <param index="1">
              <value>
                <![CDATA[Logi@1234]]>
              </value>
            </param>
            <param index="2">
              <value>
                <![CDATA[Melbourne]]>
              </value>
            </param>
            <param index="3">
              <value>
                <![CDATA[Hotel Sunshine]]>
              </value>
            </param>
            <param index="4">
              <value>
                <![CDATA[Standard]]>
              </value>
            </param>
            <param index="5">
              <value>
                <![CDATA[3 - Three]]>
              </value>
            </param>
            <param index="6">
              <value>
                <![CDATA[14/12/2024]]>
              </value>
            </param>
            <param index="7">
              <value>
                <![CDATA[15-12-2024]]>
              </value>
            </param>
            <param index="8">
              <value>
                <![CDATA[2 - Two]]>
              </value>
            </param>
            <param index="9">
              <value>
                <![CDATA[1]]>
              </value>
            </param>
            <param index="10">
              <value>
                <![CDATA[Logu]]>
              </value>
            </param>
            <param index="11">
              <value>
                <![CDATA[P]]>
              </value>
            </param>
            <param index="12">
              <value>
                <![CDATA[2/295,Melbourne]]>
              </value>
            </param>
            <param index="13">
              <value>
                <![CDATA[987654321098765]]>
              </value>
            </param>
            <param index="14">
              <value>
                <![CDATA[VISA]]>
              </value>
            </param>
            <param index="15">
              <value>
                <![CDATA[February]]>
              </value>
            </param>
            <param index="16">
              <value>
                <![CDATA[2030]]>
              </value>
            </param>
            <param index="17">
              <value>
                <![CDATA[456]]>
              </value>
            </param>
          </params>
          <exception class="org.openqa.selenium.NoSuchElementException">
            <message>
              <![CDATA[no such element: Unable to locate element: {"method":"xpath","selector":"//td[contains(text(),'Booking Confirmation ')]"}
  (Session info: chrome=131.0.6778.140)
For documentation on this error, please visit: https://www.selenium.dev/documentation/webdriver/troubleshooting/errors#no-such-element-exception
Build info: version: '4.25.0', revision: '8a8aea2337'
System info: os.name: 'Windows 11', os.arch: 'amd64', os.version: '10.0', java.version: '23'
Driver info: org.openqa.selenium.chrome.ChromeDriver
Command: [b5c0d697f910b2dd706f13c2c5d444d5, findElement {value=//td[contains(text(),'Booking Confirmation ')], using=xpath}]
Capabilities {acceptInsecureCerts: false, browserName: chrome, browserVersion: 131.0.6778.140, chrome: {chromedriverVersion: 131.0.6778.108 (3b014839fbc..., userDataDir: C:\Users\Asus\AppData\Local...}, fedcm:accounts: true, goog:chromeOptions: {debuggerAddress: localhost:56765}, networkConnectionEnabled: false, pageLoadStrategy: normal, platformName: windows, proxy: Proxy(), se:cdp: ws://localhost:56765/devtoo..., se:cdpVersion: 131.0.6778.140, setWindowRect: true, strictFileInteractability: false, timeouts: {implicit: 0, pageLoad: 300000, script: 30000}, unhandledPromptBehavior: dismiss and notify, webauthn:extension:credBlob: true, webauthn:extension:largeBlob: true, webauthn:extension:minPinLength: true, webauthn:extension:prf: true, webauthn:virtualAuthenticators: true}
Session ID: b5c0d697f910b2dd706f13c2c5d444d5]]>
            </message>
            <full-stacktrace>
              <![CDATA[org.openqa.selenium.NoSuchElementException: no such element: Unable to locate element: {"method":"xpath","selector":"//td[contains(text(),'Booking Confirmation ')]"}
  (Session info: chrome=131.0.6778.140)
For documentation on this error, please visit: https://www.selenium.dev/documentation/webdriver/troubleshooting/errors#no-such-element-exception
Build info: version: '4.25.0', revision: '8a8aea2337'
System info: os.name: 'Windows 11', os.arch: 'amd64', os.version: '10.0', java.version: '23'
Driver info: org.openqa.selenium.chrome.ChromeDriver
Command: [b5c0d697f910b2dd706f13c2c5d444d5, findElement {value=//td[contains(text(),'Booking Confirmation ')], using=xpath}]
Capabilities {acceptInsecureCerts: false, browserName: chrome, browserVersion: 131.0.6778.140, chrome: {chromedriverVersion: 131.0.6778.108 (3b014839fbc..., userDataDir: C:\Users\Asus\AppData\Local...}, fedcm:accounts: true, goog:chromeOptions: {debuggerAddress: localhost:56765}, networkConnectionEnabled: false, pageLoadStrategy: normal, platformName: windows, proxy: Proxy(), se:cdp: ws://localhost:56765/devtoo..., se:cdpVersion: 131.0.6778.140, setWindowRect: true, strictFileInteractability: false, timeouts: {implicit: 0, pageLoad: 300000, script: 30000}, unhandledPromptBehavior: dismiss and notify, webauthn:extension:credBlob: true, webauthn:extension:largeBlob: true, webauthn:extension:minPinLength: true, webauthn:extension:prf: true, webauthn:virtualAuthenticators: true}
Session ID: b5c0d697f910b2dd706f13c2c5d444d5
at java.base/jdk.internal.reflect.DirectConstructorHandleAccessor.newInstance(DirectConstructorHandleAccessor.java:62)
at java.base/java.lang.reflect.Constructor.newInstanceWithCaller(Constructor.java:501)
at java.base/java.lang.reflect.Constructor.newInstance(Constructor.java:485)
at org.openqa.selenium.remote.ErrorCodec.decode(ErrorCodec.java:167)
at org.openqa.selenium.remote.codec.w3c.W3CHttpResponseCodec.decode(W3CHttpResponseCodec.java:138)
at org.openqa.selenium.remote.codec.w3c.W3CHttpResponseCodec.decode(W3CHttpResponseCodec.java:50)
at org.openqa.selenium.remote.HttpCommandExecutor.execute(HttpCommandExecutor.java:190)
at org.openqa.selenium.remote.service.DriverCommandExecutor.invokeExecute(DriverCommandExecutor.java:216)
at org.openqa.selenium.remote.service.DriverCommandExecutor.execute(DriverCommandExecutor.java:174)
at org.openqa.selenium.remote.RemoteWebDriver.execute(RemoteWebDriver.java:545)
at org.openqa.selenium.remote.ElementLocation$ElementFinder$2.findElement(ElementLocation.java:165)
at org.openqa.selenium.remote.ElementLocation.findElement(ElementLocation.java:59)
at org.openqa.selenium.remote.RemoteWebDriver.findElement(RemoteWebDriver.java:368)
at org.openqa.selenium.remote.RemoteWebDriver.findElement(RemoteWebDriver.java:362)
at pages.BookAHotel.clickBookNow(BookAHotel.java:76)
at test.TC_005_BookAHotelTest.bookAHotelTest(TC_005_BookAHotelTest.java:41)
at java.base/jdk.internal.reflect.DirectMethodHandleAccessor.invoke(DirectMethodHandleAccessor.java:103)
at java.base/java.lang.reflect.Method.invoke(Method.java:580)
at org.testng.internal.MethodInvocationHelper.invokeMethod(MethodInvocationHelper.java:133)
at org.testng.internal.TestInvoker.invokeMethod(TestInvoker.java:598)
at org.testng.internal.TestInvoker.invokeTestMethod(TestInvoker.java:173)
at org.testng.internal.MethodRunner.runInSequence(MethodRunner.java:46)
at org.testng.internal.TestInvoker$MethodInvocationAgent.invoke(TestInvoker.java:824)
at org.testng.internal.TestInvoker.invokeTestMethods(TestInvoker.java:146)
at org.testng.internal.TestMethodWorker.invokeTestMethods(TestMethodWorker.java:146)
at org.testng.internal.TestMethodWorker.run(TestMethodWorker.java:128)
at java.base/java.util.ArrayList.forEach(ArrayList.java:1597)
at org.testng.TestRunner.privateRun(TestRunner.java:794)
at org.testng.TestRunner.run(TestRunner.java:596)
at org.testng.SuiteRunner.runTest(SuiteRunner.java:377)
at org.testng.SuiteRunner.runSequentially(SuiteRunner.java:371)
at org.testng.SuiteRunner.privateRun(SuiteRunner.java:332)
at org.testng.SuiteRunner.run(SuiteRunner.java:276)
at org.testng.SuiteRunnerWorker.runSuite(SuiteRunnerWorker.java:53)
at org.testng.SuiteRunnerWorker.run(SuiteRunnerWorker.java:96)
at org.testng.TestNG.runSuitesSequentially(TestNG.java:1212)
at org.testng.TestNG.runSuitesLocally(TestNG.java:1134)
at org.testng.TestNG.runSuites(TestNG.java:1063)
at org.testng.TestNG.run(TestNG.java:1031)
at org.testng.remote.AbstractRemoteTestNG.run(AbstractRemoteTestNG.java:115)
at org.testng.remote.RemoteTestNG.initAndRun(RemoteTestNG.java:293)
at org.testng.remote.RemoteTestNG.main(RemoteTestNG.java:91)
]]>
            </full-stacktrace>
          </exception> <!-- org.openqa.selenium.NoSuchElementException -->
          <reporter-output>
          </reporter-output>
        </test-method> <!-- bookAHotelTest -->
        <test-method is-config="true" signature="closeBrowser()[pri:0, instance:test.TC_005_BookAHotelTest@489115ef]" started-at="2024-12-17T11:01:35 IST" name="closeBrowser" finished-at="2024-12-17T11:01:35 IST" duration-ms="79" status="PASS">
          <reporter-output>
          </reporter-output>
        </test-method> <!-- closeBrowser -->
        <test-method is-config="true" signature="LaunchAndLoadURL(java.lang.String)[pri:0, instance:test.TC_005_BookAHotelTest@489115ef]" started-at="2024-12-17T11:01:35 IST" name="LaunchAndLoadURL" finished-at="2024-12-17T11:01:38 IST" duration-ms="2978" status="PASS">
          <params>
            <param index="0">
              <value>
                <![CDATA[chrome]]>
              </value>
            </param>
          </params>
          <reporter-output>
          </reporter-output>
        </test-method> <!-- LaunchAndLoadURL -->
        <test-method signature="bookAHotelTest(java.lang.String,java.lang.String,java.lang.String,java.lang.String,java.lang.String,java.lang.String,java.lang.String,java.lang.String,java.lang.String,java.lang.String,java.lang.String,java.lang.String,java.lang.String,java.lang.String,java.lang.String,java.lang.String,java.lang.String,java.lang.String)[pri:0, instance:test.TC_005_BookAHotelTest@489115ef]" started-at="2024-12-17T11:01:38 IST" name="bookAHotelTest" data-provider="excelRead" finished-at="2024-12-17T11:01:57 IST" duration-ms="18402" status="PASS">
          <params>
            <param index="0">
              <value>
                <![CDATA[Loganayaki]]>
              </value>
            </param>
            <param index="1">
              <value>
                <![CDATA[Logi@1234]]>
              </value>
            </param>
            <param index="2">
              <value>
                <![CDATA[Sydney]]>
              </value>
            </param>
            <param index="3">
              <value>
                <![CDATA[Hotel Creek]]>
              </value>
            </param>
            <param index="4">
              <value>
                <![CDATA[Standard]]>
              </value>
            </param>
            <param index="5">
              <value>
                <![CDATA[2 - Two]]>
              </value>
            </param>
            <param index="6">
              <value>
                <![CDATA[14/12/2024]]>
              </value>
            </param>
            <param index="7">
              <value>
                <![CDATA[15/12/2024]]>
              </value>
            </param>
            <param index="8">
              <value>
                <![CDATA[2 - Two]]>
              </value>
            </param>
            <param index="9">
              <value>
                <![CDATA[3]]>
              </value>
            </param>
            <param index="10">
              <value>
                <![CDATA[LOGANAYAKI]]>
              </value>
            </param>
            <param index="11">
              <value>
                <![CDATA[P]]>
              </value>
            </param>
            <param index="12">
              <value>
                <![CDATA[2/295,Sydney]]>
              </value>
            </param>
            <param index="13">
              <value>
                <![CDATA[1234567890987650]]>
              </value>
            </param>
            <param index="14">
              <value>
                <![CDATA[AMEX]]>
              </value>
            </param>
            <param index="15">
              <value>
                <![CDATA[January]]>
              </value>
            </param>
            <param index="16">
              <value>
                <![CDATA[2026]]>
              </value>
            </param>
            <param index="17">
              <value>
                <![CDATA[234]]>
              </value>
            </param>
          </params>
          <reporter-output>
          </reporter-output>
        </test-method> <!-- bookAHotelTest -->
        <test-method is-config="true" signature="closeBrowser()[pri:0, instance:test.TC_005_BookAHotelTest@489115ef]" started-at="2024-12-17T11:01:57 IST" name="closeBrowser" finished-at="2024-12-17T11:01:57 IST" duration-ms="78" status="PASS">
          <reporter-output>
          </reporter-output>
        </test-method> <!-- closeBrowser -->
        <test-method is-config="true" signature="LaunchAndLoadURL(java.lang.String)[pri:0, instance:test.TC_005_BookAHotelTest@489115ef]" started-at="2024-12-17T11:01:57 IST" name="LaunchAndLoadURL" finished-at="2024-12-17T11:02:00 IST" duration-ms="3036" status="PASS">
          <params>
            <param index="0">
              <value>
                <![CDATA[chrome]]>
              </value>
            </param>
          </params>
          <reporter-output>
          </reporter-output>
        </test-method> <!-- LaunchAndLoadURL -->
        <test-method signature="bookAHotelTest(java.lang.String,java.lang.String,java.lang.String,java.lang.String,java.lang.String,java.lang.String,java.lang.String,java.lang.String,java.lang.String,java.lang.String,java.lang.String,java.lang.String,java.lang.String,java.lang.String,java.lang.String,java.lang.String,java.lang.String,java.lang.String)[pri:0, instance:test.TC_005_BookAHotelTest@489115ef]" started-at="2024-12-17T11:02:00 IST" name="bookAHotelTest" data-provider="excelRead" finished-at="2024-12-17T11:02:28 IST" duration-ms="28103" status="FAIL">
          <params>
            <param index="0">
              <value>
                <![CDATA[Loganayaki]]>
              </value>
            </param>
            <param index="1">
              <value>
                <![CDATA[Logi@1234]]>
              </value>
            </param>
            <param index="2">
              <value>
                <![CDATA[Melbourne]]>
              </value>
            </param>
            <param index="3">
              <value>
                <![CDATA[Hotel Sunshine]]>
              </value>
            </param>
            <param index="4">
              <value>
                <![CDATA[Standard]]>
              </value>
            </param>
            <param index="5">
              <value>
                <![CDATA[3 - Three]]>
              </value>
            </param>
            <param index="6">
              <value>
                <![CDATA[14/12/2024]]>
              </value>
            </param>
            <param index="7">
              <value>
                <![CDATA[15-12-2024]]>
              </value>
            </param>
            <param index="8">
              <value>
                <![CDATA[2 - Two]]>
              </value>
            </param>
            <param index="9">
              <value>
                <![CDATA[1]]>
              </value>
            </param>
            <param index="10">
              <value>
                <![CDATA[Logu]]>
              </value>
            </param>
            <param index="11">
              <value>
                <![CDATA[P]]>
              </value>
            </param>
            <param index="12">
              <value>
                <![CDATA[2/295,Melbourne]]>
              </value>
            </param>
            <param index="13">
              <value>
                <![CDATA[23456]]>
              </value>
            </param>
            <param index="14">
              <value>
                <![CDATA[VISA]]>
              </value>
            </param>
            <param index="15">
              <value>
                <![CDATA[February]]>
              </value>
            </param>
            <param index="16">
              <value>
                <![CDATA[2030]]>
              </value>
            </param>
            <param index="17">
              <value>
                <![CDATA[456]]>
              </value>
            </param>
          </params>
          <exception class="org.openqa.selenium.NoSuchElementException">
            <message>
              <![CDATA[no such element: Unable to locate element: {"method":"xpath","selector":"//td[contains(text(),'Booking Confirmation ')]"}
  (Session info: chrome=131.0.6778.140)
For documentation on this error, please visit: https://www.selenium.dev/documentation/webdriver/troubleshooting/errors#no-such-element-exception
Build info: version: '4.25.0', revision: '8a8aea2337'
System info: os.name: 'Windows 11', os.arch: 'amd64', os.version: '10.0', java.version: '23'
Driver info: org.openqa.selenium.chrome.ChromeDriver
Command: [82d2b21d33ef08ecb3dc560c9e8d9e8b, findElement {value=//td[contains(text(),'Booking Confirmation ')], using=xpath}]
Capabilities {acceptInsecureCerts: false, browserName: chrome, browserVersion: 131.0.6778.140, chrome: {chromedriverVersion: 131.0.6778.108 (3b014839fbc..., userDataDir: C:\Users\Asus\AppData\Local...}, fedcm:accounts: true, goog:chromeOptions: {debuggerAddress: localhost:56819}, networkConnectionEnabled: false, pageLoadStrategy: normal, platformName: windows, proxy: Proxy(), se:cdp: ws://localhost:56819/devtoo..., se:cdpVersion: 131.0.6778.140, setWindowRect: true, strictFileInteractability: false, timeouts: {implicit: 0, pageLoad: 300000, script: 30000}, unhandledPromptBehavior: dismiss and notify, webauthn:extension:credBlob: true, webauthn:extension:largeBlob: true, webauthn:extension:minPinLength: true, webauthn:extension:prf: true, webauthn:virtualAuthenticators: true}
Session ID: 82d2b21d33ef08ecb3dc560c9e8d9e8b]]>
            </message>
            <full-stacktrace>
              <![CDATA[org.openqa.selenium.NoSuchElementException: no such element: Unable to locate element: {"method":"xpath","selector":"//td[contains(text(),'Booking Confirmation ')]"}
  (Session info: chrome=131.0.6778.140)
For documentation on this error, please visit: https://www.selenium.dev/documentation/webdriver/troubleshooting/errors#no-such-element-exception
Build info: version: '4.25.0', revision: '8a8aea2337'
System info: os.name: 'Windows 11', os.arch: 'amd64', os.version: '10.0', java.version: '23'
Driver info: org.openqa.selenium.chrome.ChromeDriver
Command: [82d2b21d33ef08ecb3dc560c9e8d9e8b, findElement {value=//td[contains(text(),'Booking Confirmation ')], using=xpath}]
Capabilities {acceptInsecureCerts: false, browserName: chrome, browserVersion: 131.0.6778.140, chrome: {chromedriverVersion: 131.0.6778.108 (3b014839fbc..., userDataDir: C:\Users\Asus\AppData\Local...}, fedcm:accounts: true, goog:chromeOptions: {debuggerAddress: localhost:56819}, networkConnectionEnabled: false, pageLoadStrategy: normal, platformName: windows, proxy: Proxy(), se:cdp: ws://localhost:56819/devtoo..., se:cdpVersion: 131.0.6778.140, setWindowRect: true, strictFileInteractability: false, timeouts: {implicit: 0, pageLoad: 300000, script: 30000}, unhandledPromptBehavior: dismiss and notify, webauthn:extension:credBlob: true, webauthn:extension:largeBlob: true, webauthn:extension:minPinLength: true, webauthn:extension:prf: true, webauthn:virtualAuthenticators: true}
Session ID: 82d2b21d33ef08ecb3dc560c9e8d9e8b
at java.base/jdk.internal.reflect.DirectConstructorHandleAccessor.newInstance(DirectConstructorHandleAccessor.java:62)
at java.base/java.lang.reflect.Constructor.newInstanceWithCaller(Constructor.java:501)
at java.base/java.lang.reflect.Constructor.newInstance(Constructor.java:485)
at org.openqa.selenium.remote.ErrorCodec.decode(ErrorCodec.java:167)
at org.openqa.selenium.remote.codec.w3c.W3CHttpResponseCodec.decode(W3CHttpResponseCodec.java:138)
at org.openqa.selenium.remote.codec.w3c.W3CHttpResponseCodec.decode(W3CHttpResponseCodec.java:50)
at org.openqa.selenium.remote.HttpCommandExecutor.execute(HttpCommandExecutor.java:190)
at org.openqa.selenium.remote.service.DriverCommandExecutor.invokeExecute(DriverCommandExecutor.java:216)
at org.openqa.selenium.remote.service.DriverCommandExecutor.execute(DriverCommandExecutor.java:174)
at org.openqa.selenium.remote.RemoteWebDriver.execute(RemoteWebDriver.java:545)
at org.openqa.selenium.remote.ElementLocation$ElementFinder$2.findElement(ElementLocation.java:165)
at org.openqa.selenium.remote.ElementLocation.findElement(ElementLocation.java:59)
at org.openqa.selenium.remote.RemoteWebDriver.findElement(RemoteWebDriver.java:368)
at org.openqa.selenium.remote.RemoteWebDriver.findElement(RemoteWebDriver.java:362)
at pages.BookAHotel.clickBookNow(BookAHotel.java:76)
at test.TC_005_BookAHotelTest.bookAHotelTest(TC_005_BookAHotelTest.java:41)
at java.base/jdk.internal.reflect.DirectMethodHandleAccessor.invoke(DirectMethodHandleAccessor.java:103)
at java.base/java.lang.reflect.Method.invoke(Method.java:580)
at org.testng.internal.MethodInvocationHelper.invokeMethod(MethodInvocationHelper.java:133)
at org.testng.internal.TestInvoker.invokeMethod(TestInvoker.java:598)
at org.testng.internal.TestInvoker.invokeTestMethod(TestInvoker.java:173)
at org.testng.internal.MethodRunner.runInSequence(MethodRunner.java:46)
at org.testng.internal.TestInvoker$MethodInvocationAgent.invoke(TestInvoker.java:824)
at org.testng.internal.TestInvoker.invokeTestMethods(TestInvoker.java:146)
at org.testng.internal.TestMethodWorker.invokeTestMethods(TestMethodWorker.java:146)
at org.testng.internal.TestMethodWorker.run(TestMethodWorker.java:128)
at java.base/java.util.ArrayList.forEach(ArrayList.java:1597)
at org.testng.TestRunner.privateRun(TestRunner.java:794)
at org.testng.TestRunner.run(TestRunner.java:596)
at org.testng.SuiteRunner.runTest(SuiteRunner.java:377)
at org.testng.SuiteRunner.runSequentially(SuiteRunner.java:371)
at org.testng.SuiteRunner.privateRun(SuiteRunner.java:332)
at org.testng.SuiteRunner.run(SuiteRunner.java:276)
at org.testng.SuiteRunnerWorker.runSuite(SuiteRunnerWorker.java:53)
at org.testng.SuiteRunnerWorker.run(SuiteRunnerWorker.java:96)
at org.testng.TestNG.runSuitesSequentially(TestNG.java:1212)
at org.testng.TestNG.runSuitesLocally(TestNG.java:1134)
at org.testng.TestNG.runSuites(TestNG.java:1063)
at org.testng.TestNG.run(TestNG.java:1031)
at org.testng.remote.AbstractRemoteTestNG.run(AbstractRemoteTestNG.java:115)
at org.testng.remote.RemoteTestNG.initAndRun(RemoteTestNG.java:293)
at org.testng.remote.RemoteTestNG.main(RemoteTestNG.java:91)
]]>
            </full-stacktrace>
          </exception> <!-- org.openqa.selenium.NoSuchElementException -->
          <reporter-output>
          </reporter-output>
        </test-method> <!-- bookAHotelTest -->
        <test-method is-config="true" signature="closeBrowser()[pri:0, instance:test.TC_005_BookAHotelTest@489115ef]" started-at="2024-12-17T11:02:28 IST" name="closeBrowser" finished-at="2024-12-17T11:02:28 IST" duration-ms="97" status="PASS">
          <reporter-output>
          </reporter-output>
        </test-method> <!-- closeBrowser -->
      </class> <!-- test.TC_005_BookAHotelTest -->
      <class name="test.TC_007_BookedItineraryTest">
        <test-method is-config="true" signature="data()[pri:0, instance:test.TC_007_BookedItineraryTest@198b6731]" started-at="2024-12-17T10:58:15 IST" name="data" finished-at="2024-12-17T10:58:15 IST" duration-ms="0" status="PASS">
          <reporter-output>
          </reporter-output>
        </test-method> <!-- data -->
        <test-method is-config="true" signature="details()[pri:0, instance:test.TC_007_BookedItineraryTest@198b6731]" started-at="2024-12-17T11:02:51 IST" name="details" finished-at="2024-12-17T11:02:51 IST" duration-ms="0" status="PASS">
          <reporter-output>
          </reporter-output>
        </test-method> <!-- details -->
        <test-method is-config="true" signature="LaunchAndLoadURL(java.lang.String)[pri:0, instance:test.TC_007_BookedItineraryTest@198b6731]" started-at="2024-12-17T11:02:51 IST" name="LaunchAndLoadURL" finished-at="2024-12-17T11:02:54 IST" duration-ms="2989" status="PASS">
          <params>
            <param index="0">
              <value>
                <![CDATA[chrome]]>
              </value>
            </param>
          </params>
          <reporter-output>
          </reporter-output>
        </test-method> <!-- LaunchAndLoadURL -->
        <test-method signature="bookedItineraryTest(java.lang.String,java.lang.String,java.lang.String,java.lang.String,java.lang.String,java.lang.String,java.lang.String,java.lang.String,java.lang.String,java.lang.String,java.lang.String,java.lang.String,java.lang.String,java.lang.String,java.lang.String,java.lang.String,java.lang.String,java.lang.String)[pri:0, instance:test.TC_007_BookedItineraryTest@198b6731]" started-at="2024-12-17T11:02:54 IST" name="bookedItineraryTest" data-provider="excelRead" finished-at="2024-12-17T11:03:15 IST" duration-ms="21003" status="PASS">
          <params>
            <param index="0">
              <value>
                <![CDATA[Loganayaki]]>
              </value>
            </param>
            <param index="1">
              <value>
                <![CDATA[Logi@1234]]>
              </value>
            </param>
            <param index="2">
              <value>
                <![CDATA[Sydney]]>
              </value>
            </param>
            <param index="3">
              <value>
                <![CDATA[Hotel Creek]]>
              </value>
            </param>
            <param index="4">
              <value>
                <![CDATA[Standard]]>
              </value>
            </param>
            <param index="5">
              <value>
                <![CDATA[2 - Two]]>
              </value>
            </param>
            <param index="6">
              <value>
                <![CDATA[16/12/2024]]>
              </value>
            </param>
            <param index="7">
              <value>
                <![CDATA[15-12-2024]]>
              </value>
            </param>
            <param index="8">
              <value>
                <![CDATA[2 - Two]]>
              </value>
            </param>
            <param index="9">
              <value>
                <![CDATA[1]]>
              </value>
            </param>
            <param index="10">
              <value>
                <![CDATA[LOGANAYAKI]]>
              </value>
            </param>
            <param index="11">
              <value>
                <![CDATA[P]]>
              </value>
            </param>
            <param index="12">
              <value>
                <![CDATA[2/295,Sydney]]>
              </value>
            </param>
            <param index="13">
              <value>
                <![CDATA[1234567890987650]]>
              </value>
            </param>
            <param index="14">
              <value>
                <![CDATA[AMEX]]>
              </value>
            </param>
            <param index="15">
              <value>
                <![CDATA[January]]>
              </value>
            </param>
            <param index="16">
              <value>
                <![CDATA[2030]]>
              </value>
            </param>
            <param index="17">
              <value>
                <![CDATA[234]]>
              </value>
            </param>
          </params>
          <reporter-output>
          </reporter-output>
        </test-method> <!-- bookedItineraryTest -->
        <test-method is-config="true" signature="closeBrowser()[pri:0, instance:test.TC_007_BookedItineraryTest@198b6731]" started-at="2024-12-17T11:03:15 IST" name="closeBrowser" finished-at="2024-12-17T11:03:15 IST" duration-ms="80" status="PASS">
          <reporter-output>
          </reporter-output>
        </test-method> <!-- closeBrowser -->
      </class> <!-- test.TC_007_BookedItineraryTest -->
      <class name="test.TC_002_LoginTest">
        <test-method is-config="true" signature="data()[pri:0, instance:test.TC_002_LoginTest@6ed3ccb2]" started-at="2024-12-17T10:58:15 IST" name="data" finished-at="2024-12-17T10:58:15 IST" duration-ms="0" status="PASS">
          <reporter-output>
          </reporter-output>
        </test-method> <!-- data -->
        <test-method is-config="true" signature="details()[pri:0, instance:test.TC_002_LoginTest@6ed3ccb2]" started-at="2024-12-17T10:58:27 IST" name="details" finished-at="2024-12-17T10:58:27 IST" duration-ms="1" status="PASS">
          <reporter-output>
          </reporter-output>
        </test-method> <!-- details -->
        <test-method is-config="true" signature="LaunchAndLoadURL(java.lang.String)[pri:0, instance:test.TC_002_LoginTest@6ed3ccb2]" started-at="2024-12-17T10:58:28 IST" name="LaunchAndLoadURL" finished-at="2024-12-17T10:58:31 IST" duration-ms="3121" status="PASS">
          <params>
            <param index="0">
              <value>
                <![CDATA[chrome]]>
              </value>
            </param>
          </params>
          <reporter-output>
          </reporter-output>
        </test-method> <!-- LaunchAndLoadURL -->
        <test-method signature="loginTest(java.lang.String,java.lang.String)[pri:0, instance:test.TC_002_LoginTest@6ed3ccb2]" started-at="2024-12-17T10:58:31 IST" name="loginTest" data-provider="excelRead" finished-at="2024-12-17T10:58:42 IST" duration-ms="11055" status="PASS">
          <params>
            <param index="0">
              <value>
                <![CDATA[Loganayaki]]>
              </value>
            </param>
            <param index="1">
              <value>
                <![CDATA[Logi@1234]]>
              </value>
            </param>
          </params>
          <reporter-output>
          </reporter-output>
        </test-method> <!-- loginTest -->
        <test-method is-config="true" signature="closeBrowser()[pri:0, instance:test.TC_002_LoginTest@6ed3ccb2]" started-at="2024-12-17T10:58:42 IST" name="closeBrowser" finished-at="2024-12-17T10:58:42 IST" duration-ms="109" status="PASS">
          <reporter-output>
          </reporter-output>
        </test-method> <!-- closeBrowser -->
        <test-method is-config="true" signature="LaunchAndLoadURL(java.lang.String)[pri:0, instance:test.TC_002_LoginTest@6ed3ccb2]" started-at="2024-12-17T10:58:42 IST" name="LaunchAndLoadURL" finished-at="2024-12-17T10:58:45 IST" duration-ms="2842" status="PASS">
          <params>
            <param index="0">
              <value>
                <![CDATA[chrome]]>
              </value>
            </param>
          </params>
          <reporter-output>
          </reporter-output>
        </test-method> <!-- LaunchAndLoadURL -->
        <test-method signature="loginTest(java.lang.String,java.lang.String)[pri:0, instance:test.TC_002_LoginTest@6ed3ccb2]" started-at="2024-12-17T10:58:45 IST" name="loginTest" data-provider="excelRead" finished-at="2024-12-17T10:58:56 IST" duration-ms="10987" status="PASS">
          <params>
            <param index="0">
              <value>
                <![CDATA[Loganayaki]]>
              </value>
            </param>
            <param index="1">
              <value>
                <![CDATA[Logi@1234]]>
              </value>
            </param>
          </params>
          <reporter-output>
          </reporter-output>
        </test-method> <!-- loginTest -->
        <test-method is-config="true" signature="closeBrowser()[pri:0, instance:test.TC_002_LoginTest@6ed3ccb2]" started-at="2024-12-17T10:58:56 IST" name="closeBrowser" finished-at="2024-12-17T10:58:56 IST" duration-ms="110" status="PASS">
          <reporter-output>
          </reporter-output>
        </test-method> <!-- closeBrowser -->
        <test-method is-config="true" signature="LaunchAndLoadURL(java.lang.String)[pri:0, instance:test.TC_002_LoginTest@6ed3ccb2]" started-at="2024-12-17T10:58:56 IST" name="LaunchAndLoadURL" finished-at="2024-12-17T10:58:59 IST" duration-ms="3144" status="PASS">
          <params>
            <param index="0">
              <value>
                <![CDATA[chrome]]>
              </value>
            </param>
          </params>
          <reporter-output>
          </reporter-output>
        </test-method> <!-- LaunchAndLoadURL -->
        <test-method signature="loginTest(java.lang.String,java.lang.String)[pri:0, instance:test.TC_002_LoginTest@6ed3ccb2]" started-at="2024-12-17T10:58:59 IST" name="loginTest" data-provider="excelRead" finished-at="2024-12-17T10:59:20 IST" duration-ms="20503" status="FAIL">
          <params>
            <param index="0">
              <value>
                <![CDATA[Loganayak]]>
              </value>
            </param>
            <param index="1">
              <value>
                <![CDATA[Happ2024]]>
              </value>
            </param>
          </params>
          <exception class="org.openqa.selenium.NoSuchElementException">
            <message>
              <![CDATA[no such element: Unable to locate element: {"method":"xpath","selector":"//input[contains(@value,'Hello Loganayaki!')]"}
  (Session info: chrome=131.0.6778.140)
For documentation on this error, please visit: https://www.selenium.dev/documentation/webdriver/troubleshooting/errors#no-such-element-exception
Build info: version: '4.25.0', revision: '8a8aea2337'
System info: os.name: 'Windows 11', os.arch: 'amd64', os.version: '10.0', java.version: '23'
Driver info: org.openqa.selenium.chrome.ChromeDriver
Command: [8633fa36a76f57ff04441f378597c370, findElement {value=//input[contains(@value,'Hello Loganayaki!')], using=xpath}]
Capabilities {acceptInsecureCerts: false, browserName: chrome, browserVersion: 131.0.6778.140, chrome: {chromedriverVersion: 131.0.6778.108 (3b014839fbc..., userDataDir: C:\Users\Asus\AppData\Local...}, fedcm:accounts: true, goog:chromeOptions: {debuggerAddress: localhost:56555}, networkConnectionEnabled: false, pageLoadStrategy: normal, platformName: windows, proxy: Proxy(), se:cdp: ws://localhost:56555/devtoo..., se:cdpVersion: 131.0.6778.140, setWindowRect: true, strictFileInteractability: false, timeouts: {implicit: 0, pageLoad: 300000, script: 30000}, unhandledPromptBehavior: dismiss and notify, webauthn:extension:credBlob: true, webauthn:extension:largeBlob: true, webauthn:extension:minPinLength: true, webauthn:extension:prf: true, webauthn:virtualAuthenticators: true}
Session ID: 8633fa36a76f57ff04441f378597c370]]>
            </message>
            <full-stacktrace>
              <![CDATA[org.openqa.selenium.NoSuchElementException: no such element: Unable to locate element: {"method":"xpath","selector":"//input[contains(@value,'Hello Loganayaki!')]"}
  (Session info: chrome=131.0.6778.140)
For documentation on this error, please visit: https://www.selenium.dev/documentation/webdriver/troubleshooting/errors#no-such-element-exception
Build info: version: '4.25.0', revision: '8a8aea2337'
System info: os.name: 'Windows 11', os.arch: 'amd64', os.version: '10.0', java.version: '23'
Driver info: org.openqa.selenium.chrome.ChromeDriver
Command: [8633fa36a76f57ff04441f378597c370, findElement {value=//input[contains(@value,'Hello Loganayaki!')], using=xpath}]
Capabilities {acceptInsecureCerts: false, browserName: chrome, browserVersion: 131.0.6778.140, chrome: {chromedriverVersion: 131.0.6778.108 (3b014839fbc..., userDataDir: C:\Users\Asus\AppData\Local...}, fedcm:accounts: true, goog:chromeOptions: {debuggerAddress: localhost:56555}, networkConnectionEnabled: false, pageLoadStrategy: normal, platformName: windows, proxy: Proxy(), se:cdp: ws://localhost:56555/devtoo..., se:cdpVersion: 131.0.6778.140, setWindowRect: true, strictFileInteractability: false, timeouts: {implicit: 0, pageLoad: 300000, script: 30000}, unhandledPromptBehavior: dismiss and notify, webauthn:extension:credBlob: true, webauthn:extension:largeBlob: true, webauthn:extension:minPinLength: true, webauthn:extension:prf: true, webauthn:virtualAuthenticators: true}
Session ID: 8633fa36a76f57ff04441f378597c370
at java.base/jdk.internal.reflect.DirectConstructorHandleAccessor.newInstance(DirectConstructorHandleAccessor.java:62)
at java.base/java.lang.reflect.Constructor.newInstanceWithCaller(Constructor.java:501)
at java.base/java.lang.reflect.Constructor.newInstance(Constructor.java:485)
at org.openqa.selenium.remote.ErrorCodec.decode(ErrorCodec.java:167)
at org.openqa.selenium.remote.codec.w3c.W3CHttpResponseCodec.decode(W3CHttpResponseCodec.java:138)
at org.openqa.selenium.remote.codec.w3c.W3CHttpResponseCodec.decode(W3CHttpResponseCodec.java:50)
at org.openqa.selenium.remote.HttpCommandExecutor.execute(HttpCommandExecutor.java:190)
at org.openqa.selenium.remote.service.DriverCommandExecutor.invokeExecute(DriverCommandExecutor.java:216)
at org.openqa.selenium.remote.service.DriverCommandExecutor.execute(DriverCommandExecutor.java:174)
at org.openqa.selenium.remote.RemoteWebDriver.execute(RemoteWebDriver.java:545)
at org.openqa.selenium.remote.ElementLocation$ElementFinder$2.findElement(ElementLocation.java:165)
at org.openqa.selenium.remote.ElementLocation.findElement(ElementLocation.java:59)
at org.openqa.selenium.remote.RemoteWebDriver.findElement(RemoteWebDriver.java:368)
at org.openqa.selenium.remote.RemoteWebDriver.findElement(RemoteWebDriver.java:362)
at pages.LoginPage.clickLoginButton(LoginPage.java:31)
at test.TC_002_LoginTest.loginTest(TC_002_LoginTest.java:33)
at java.base/jdk.internal.reflect.DirectMethodHandleAccessor.invoke(DirectMethodHandleAccessor.java:103)
at java.base/java.lang.reflect.Method.invoke(Method.java:580)
at org.testng.internal.MethodInvocationHelper.invokeMethod(MethodInvocationHelper.java:133)
at org.testng.internal.TestInvoker.invokeMethod(TestInvoker.java:598)
at org.testng.internal.TestInvoker.invokeTestMethod(TestInvoker.java:173)
at org.testng.internal.MethodRunner.runInSequence(MethodRunner.java:46)
at org.testng.internal.TestInvoker$MethodInvocationAgent.invoke(TestInvoker.java:824)
at org.testng.internal.TestInvoker.invokeTestMethods(TestInvoker.java:146)
at org.testng.internal.TestMethodWorker.invokeTestMethods(TestMethodWorker.java:146)
at org.testng.internal.TestMethodWorker.run(TestMethodWorker.java:128)
at java.base/java.util.ArrayList.forEach(ArrayList.java:1597)
at org.testng.TestRunner.privateRun(TestRunner.java:794)
at org.testng.TestRunner.run(TestRunner.java:596)
at org.testng.SuiteRunner.runTest(SuiteRunner.java:377)
at org.testng.SuiteRunner.runSequentially(SuiteRunner.java:371)
at org.testng.SuiteRunner.privateRun(SuiteRunner.java:332)
at org.testng.SuiteRunner.run(SuiteRunner.java:276)
at org.testng.SuiteRunnerWorker.runSuite(SuiteRunnerWorker.java:53)
at org.testng.SuiteRunnerWorker.run(SuiteRunnerWorker.java:96)
at org.testng.TestNG.runSuitesSequentially(TestNG.java:1212)
at org.testng.TestNG.runSuitesLocally(TestNG.java:1134)
at org.testng.TestNG.runSuites(TestNG.java:1063)
at org.testng.TestNG.run(TestNG.java:1031)
at org.testng.remote.AbstractRemoteTestNG.run(AbstractRemoteTestNG.java:115)
at org.testng.remote.RemoteTestNG.initAndRun(RemoteTestNG.java:293)
at org.testng.remote.RemoteTestNG.main(RemoteTestNG.java:91)
]]>
            </full-stacktrace>
          </exception> <!-- org.openqa.selenium.NoSuchElementException -->
          <reporter-output>
          </reporter-output>
        </test-method> <!-- loginTest -->
        <test-method is-config="true" signature="closeBrowser()[pri:0, instance:test.TC_002_LoginTest@6ed3ccb2]" started-at="2024-12-17T10:59:20 IST" name="closeBrowser" finished-at="2024-12-17T10:59:20 IST" duration-ms="94" status="PASS">
          <reporter-output>
          </reporter-output>
        </test-method> <!-- closeBrowser -->
        <test-method is-config="true" signature="LaunchAndLoadURL(java.lang.String)[pri:0, instance:test.TC_002_LoginTest@6ed3ccb2]" started-at="2024-12-17T10:59:20 IST" name="LaunchAndLoadURL" finished-at="2024-12-17T10:59:23 IST" duration-ms="2935" status="PASS">
          <params>
            <param index="0">
              <value>
                <![CDATA[chrome]]>
              </value>
            </param>
          </params>
          <reporter-output>
          </reporter-output>
        </test-method> <!-- LaunchAndLoadURL -->
        <test-method signature="loginTest(java.lang.String,java.lang.String)[pri:0, instance:test.TC_002_LoginTest@6ed3ccb2]" started-at="2024-12-17T10:59:23 IST" name="loginTest" data-provider="excelRead" finished-at="2024-12-17T10:59:43 IST" duration-ms="20489" status="FAIL">
          <params>
            <param index="0">
              <value>
                <![CDATA[Loganyaki]]>
              </value>
            </param>
            <param index="1">
              <value>
                <![CDATA[Happ202]]>
              </value>
            </param>
          </params>
          <exception class="org.openqa.selenium.NoSuchElementException">
            <message>
              <![CDATA[no such element: Unable to locate element: {"method":"xpath","selector":"//input[contains(@value,'Hello Loganayaki!')]"}
  (Session info: chrome=131.0.6778.140)
For documentation on this error, please visit: https://www.selenium.dev/documentation/webdriver/troubleshooting/errors#no-such-element-exception
Build info: version: '4.25.0', revision: '8a8aea2337'
System info: os.name: 'Windows 11', os.arch: 'amd64', os.version: '10.0', java.version: '23'
Driver info: org.openqa.selenium.chrome.ChromeDriver
Command: [ef5702773a3b63b2ce4fb5d03da57dc5, findElement {value=//input[contains(@value,'Hello Loganayaki!')], using=xpath}]
Capabilities {acceptInsecureCerts: false, browserName: chrome, browserVersion: 131.0.6778.140, chrome: {chromedriverVersion: 131.0.6778.108 (3b014839fbc..., userDataDir: C:\Users\Asus\AppData\Local...}, fedcm:accounts: true, goog:chromeOptions: {debuggerAddress: localhost:56578}, networkConnectionEnabled: false, pageLoadStrategy: normal, platformName: windows, proxy: Proxy(), se:cdp: ws://localhost:56578/devtoo..., se:cdpVersion: 131.0.6778.140, setWindowRect: true, strictFileInteractability: false, timeouts: {implicit: 0, pageLoad: 300000, script: 30000}, unhandledPromptBehavior: dismiss and notify, webauthn:extension:credBlob: true, webauthn:extension:largeBlob: true, webauthn:extension:minPinLength: true, webauthn:extension:prf: true, webauthn:virtualAuthenticators: true}
Session ID: ef5702773a3b63b2ce4fb5d03da57dc5]]>
            </message>
            <full-stacktrace>
              <![CDATA[org.openqa.selenium.NoSuchElementException: no such element: Unable to locate element: {"method":"xpath","selector":"//input[contains(@value,'Hello Loganayaki!')]"}
  (Session info: chrome=131.0.6778.140)
For documentation on this error, please visit: https://www.selenium.dev/documentation/webdriver/troubleshooting/errors#no-such-element-exception
Build info: version: '4.25.0', revision: '8a8aea2337'
System info: os.name: 'Windows 11', os.arch: 'amd64', os.version: '10.0', java.version: '23'
Driver info: org.openqa.selenium.chrome.ChromeDriver
Command: [ef5702773a3b63b2ce4fb5d03da57dc5, findElement {value=//input[contains(@value,'Hello Loganayaki!')], using=xpath}]
Capabilities {acceptInsecureCerts: false, browserName: chrome, browserVersion: 131.0.6778.140, chrome: {chromedriverVersion: 131.0.6778.108 (3b014839fbc..., userDataDir: C:\Users\Asus\AppData\Local...}, fedcm:accounts: true, goog:chromeOptions: {debuggerAddress: localhost:56578}, networkConnectionEnabled: false, pageLoadStrategy: normal, platformName: windows, proxy: Proxy(), se:cdp: ws://localhost:56578/devtoo..., se:cdpVersion: 131.0.6778.140, setWindowRect: true, strictFileInteractability: false, timeouts: {implicit: 0, pageLoad: 300000, script: 30000}, unhandledPromptBehavior: dismiss and notify, webauthn:extension:credBlob: true, webauthn:extension:largeBlob: true, webauthn:extension:minPinLength: true, webauthn:extension:prf: true, webauthn:virtualAuthenticators: true}
Session ID: ef5702773a3b63b2ce4fb5d03da57dc5
at java.base/jdk.internal.reflect.DirectConstructorHandleAccessor.newInstance(DirectConstructorHandleAccessor.java:62)
at java.base/java.lang.reflect.Constructor.newInstanceWithCaller(Constructor.java:501)
at java.base/java.lang.reflect.Constructor.newInstance(Constructor.java:485)
at org.openqa.selenium.remote.ErrorCodec.decode(ErrorCodec.java:167)
at org.openqa.selenium.remote.codec.w3c.W3CHttpResponseCodec.decode(W3CHttpResponseCodec.java:138)
at org.openqa.selenium.remote.codec.w3c.W3CHttpResponseCodec.decode(W3CHttpResponseCodec.java:50)
at org.openqa.selenium.remote.HttpCommandExecutor.execute(HttpCommandExecutor.java:190)
at org.openqa.selenium.remote.service.DriverCommandExecutor.invokeExecute(DriverCommandExecutor.java:216)
at org.openqa.selenium.remote.service.DriverCommandExecutor.execute(DriverCommandExecutor.java:174)
at org.openqa.selenium.remote.RemoteWebDriver.execute(RemoteWebDriver.java:545)
at org.openqa.selenium.remote.ElementLocation$ElementFinder$2.findElement(ElementLocation.java:165)
at org.openqa.selenium.remote.ElementLocation.findElement(ElementLocation.java:59)
at org.openqa.selenium.remote.RemoteWebDriver.findElement(RemoteWebDriver.java:368)
at org.openqa.selenium.remote.RemoteWebDriver.findElement(RemoteWebDriver.java:362)
at pages.LoginPage.clickLoginButton(LoginPage.java:31)
at test.TC_002_LoginTest.loginTest(TC_002_LoginTest.java:33)
at java.base/jdk.internal.reflect.DirectMethodHandleAccessor.invoke(DirectMethodHandleAccessor.java:103)
at java.base/java.lang.reflect.Method.invoke(Method.java:580)
at org.testng.internal.MethodInvocationHelper.invokeMethod(MethodInvocationHelper.java:133)
at org.testng.internal.TestInvoker.invokeMethod(TestInvoker.java:598)
at org.testng.internal.TestInvoker.invokeTestMethod(TestInvoker.java:173)
at org.testng.internal.MethodRunner.runInSequence(MethodRunner.java:46)
at org.testng.internal.TestInvoker$MethodInvocationAgent.invoke(TestInvoker.java:824)
at org.testng.internal.TestInvoker.invokeTestMethods(TestInvoker.java:146)
at org.testng.internal.TestMethodWorker.invokeTestMethods(TestMethodWorker.java:146)
at org.testng.internal.TestMethodWorker.run(TestMethodWorker.java:128)
at java.base/java.util.ArrayList.forEach(ArrayList.java:1597)
at org.testng.TestRunner.privateRun(TestRunner.java:794)
at org.testng.TestRunner.run(TestRunner.java:596)
at org.testng.SuiteRunner.runTest(SuiteRunner.java:377)
at org.testng.SuiteRunner.runSequentially(SuiteRunner.java:371)
at org.testng.SuiteRunner.privateRun(SuiteRunner.java:332)
at org.testng.SuiteRunner.run(SuiteRunner.java:276)
at org.testng.SuiteRunnerWorker.runSuite(SuiteRunnerWorker.java:53)
at org.testng.SuiteRunnerWorker.run(SuiteRunnerWorker.java:96)
at org.testng.TestNG.runSuitesSequentially(TestNG.java:1212)
at org.testng.TestNG.runSuitesLocally(TestNG.java:1134)
at org.testng.TestNG.runSuites(TestNG.java:1063)
at org.testng.TestNG.run(TestNG.java:1031)
at org.testng.remote.AbstractRemoteTestNG.run(AbstractRemoteTestNG.java:115)
at org.testng.remote.RemoteTestNG.initAndRun(RemoteTestNG.java:293)
at org.testng.remote.RemoteTestNG.main(RemoteTestNG.java:91)
]]>
            </full-stacktrace>
          </exception> <!-- org.openqa.selenium.NoSuchElementException -->
          <reporter-output>
          </reporter-output>
        </test-method> <!-- loginTest -->
        <test-method is-config="true" signature="closeBrowser()[pri:0, instance:test.TC_002_LoginTest@6ed3ccb2]" started-at="2024-12-17T10:59:43 IST" name="closeBrowser" finished-at="2024-12-17T10:59:43 IST" duration-ms="78" status="PASS">
          <reporter-output>
          </reporter-output>
        </test-method> <!-- closeBrowser -->
      </class> <!-- test.TC_002_LoginTest -->
      <class name="test.TC_006_BookConfirmationTest">
        <test-method is-config="true" signature="data()[pri:0, instance:test.TC_006_BookConfirmationTest@3857f613]" started-at="2024-12-17T10:58:15 IST" name="data" finished-at="2024-12-17T10:58:15 IST" duration-ms="0" status="PASS">
          <reporter-output>
          </reporter-output>
        </test-method> <!-- data -->
        <test-method is-config="true" signature="details()[pri:0, instance:test.TC_006_BookConfirmationTest@3857f613]" started-at="2024-12-17T11:02:28 IST" name="details" finished-at="2024-12-17T11:02:28 IST" duration-ms="0" status="PASS">
          <reporter-output>
          </reporter-output>
        </test-method> <!-- details -->
        <test-method is-config="true" signature="LaunchAndLoadURL(java.lang.String)[pri:0, instance:test.TC_006_BookConfirmationTest@3857f613]" started-at="2024-12-17T11:02:28 IST" name="LaunchAndLoadURL" finished-at="2024-12-17T11:02:31 IST" duration-ms="3069" status="PASS">
          <params>
            <param index="0">
              <value>
                <![CDATA[chrome]]>
              </value>
            </param>
          </params>
          <reporter-output>
          </reporter-output>
        </test-method> <!-- LaunchAndLoadURL -->
        <test-method signature="bookingConfirmationTest(java.lang.String,java.lang.String,java.lang.String,java.lang.String,java.lang.String,java.lang.String,java.lang.String,java.lang.String,java.lang.String,java.lang.String,java.lang.String,java.lang.String,java.lang.String,java.lang.String,java.lang.String,java.lang.String,java.lang.String,java.lang.String)[pri:0, instance:test.TC_006_BookConfirmationTest@3857f613]" started-at="2024-12-17T11:02:31 IST" name="bookingConfirmationTest" data-provider="excelRead" finished-at="2024-12-17T11:02:51 IST" duration-ms="19472" status="PASS">
          <params>
            <param index="0">
              <value>
                <![CDATA[Loganayaki]]>
              </value>
            </param>
            <param index="1">
              <value>
                <![CDATA[Logi@1234]]>
              </value>
            </param>
            <param index="2">
              <value>
                <![CDATA[Sydney]]>
              </value>
            </param>
            <param index="3">
              <value>
                <![CDATA[Hotel Creek]]>
              </value>
            </param>
            <param index="4">
              <value>
                <![CDATA[Standard]]>
              </value>
            </param>
            <param index="5">
              <value>
                <![CDATA[2 - Two]]>
              </value>
            </param>
            <param index="6">
              <value>
                <![CDATA[16/12/2024]]>
              </value>
            </param>
            <param index="7">
              <value>
                <![CDATA[15-12-2024]]>
              </value>
            </param>
            <param index="8">
              <value>
                <![CDATA[2 - Two]]>
              </value>
            </param>
            <param index="9">
              <value>
                <![CDATA[1]]>
              </value>
            </param>
            <param index="10">
              <value>
                <![CDATA[LOGANAYAKI]]>
              </value>
            </param>
            <param index="11">
              <value>
                <![CDATA[P]]>
              </value>
            </param>
            <param index="12">
              <value>
                <![CDATA[2/295,Sydney]]>
              </value>
            </param>
            <param index="13">
              <value>
                <![CDATA[1234567890987650]]>
              </value>
            </param>
            <param index="14">
              <value>
                <![CDATA[AMEX]]>
              </value>
            </param>
            <param index="15">
              <value>
                <![CDATA[January]]>
              </value>
            </param>
            <param index="16">
              <value>
                <![CDATA[2030]]>
              </value>
            </param>
            <param index="17">
              <value>
                <![CDATA[234]]>
              </value>
            </param>
          </params>
          <reporter-output>
          </reporter-output>
        </test-method> <!-- bookingConfirmationTest -->
        <test-method is-config="true" signature="closeBrowser()[pri:0, instance:test.TC_006_BookConfirmationTest@3857f613]" started-at="2024-12-17T11:02:51 IST" name="closeBrowser" finished-at="2024-12-17T11:02:51 IST" duration-ms="86" status="PASS">
          <reporter-output>
          </reporter-output>
        </test-method> <!-- closeBrowser -->
      </class> <!-- test.TC_006_BookConfirmationTest -->
      <class name="test.TC_003_SearchHotelTest">
        <test-method is-config="true" signature="data()[pri:0, instance:test.TC_003_SearchHotelTest@1a677343]" started-at="2024-12-17T10:58:15 IST" name="data" finished-at="2024-12-17T10:58:15 IST" duration-ms="0" status="PASS">
          <reporter-output>
          </reporter-output>
        </test-method> <!-- data -->
        <test-method is-config="true" signature="details()[pri:0, instance:test.TC_003_SearchHotelTest@1a677343]" started-at="2024-12-17T10:59:43 IST" name="details" finished-at="2024-12-17T10:59:43 IST" duration-ms="0" status="PASS">
          <reporter-output>
          </reporter-output>
        </test-method> <!-- details -->
        <test-method is-config="true" signature="LaunchAndLoadURL(java.lang.String)[pri:0, instance:test.TC_003_SearchHotelTest@1a677343]" started-at="2024-12-17T10:59:44 IST" name="LaunchAndLoadURL" finished-at="2024-12-17T10:59:46 IST" duration-ms="2904" status="PASS">
          <params>
            <param index="0">
              <value>
                <![CDATA[chrome]]>
              </value>
            </param>
          </params>
          <reporter-output>
          </reporter-output>
        </test-method> <!-- LaunchAndLoadURL -->
        <test-method signature="searchHotelTest(java.lang.String,java.lang.String,java.lang.String,java.lang.String,java.lang.String,java.lang.String,java.lang.String,java.lang.String,java.lang.String,java.lang.String)[pri:0, instance:test.TC_003_SearchHotelTest@1a677343]" started-at="2024-12-17T10:59:46 IST" name="searchHotelTest" data-provider="excelRead" finished-at="2024-12-17T10:59:53 IST" duration-ms="6641" status="PASS">
          <params>
            <param index="0">
              <value>
                <![CDATA[Loganayaki]]>
              </value>
            </param>
            <param index="1">
              <value>
                <![CDATA[Logi@1234]]>
              </value>
            </param>
            <param index="2">
              <value>
                <![CDATA[Sydney]]>
              </value>
            </param>
            <param index="3">
              <value>
                <![CDATA[Hotel Creek]]>
              </value>
            </param>
            <param index="4">
              <value>
                <![CDATA[Standard]]>
              </value>
            </param>
            <param index="5">
              <value>
                <![CDATA[7 - Seven]]>
              </value>
            </param>
            <param index="6">
              <value>
                <![CDATA[14-12-2024]]>
              </value>
            </param>
            <param index="7">
              <value>
                <![CDATA[15-12-2024]]>
              </value>
            </param>
            <param index="8">
              <value>
                <![CDATA[3 - Three]]>
              </value>
            </param>
            <param index="9">
              <value>
                <![CDATA[4]]>
              </value>
            </param>
          </params>
          <reporter-output>
          </reporter-output>
        </test-method> <!-- searchHotelTest -->
        <test-method is-config="true" signature="closeBrowser()[pri:0, instance:test.TC_003_SearchHotelTest@1a677343]" started-at="2024-12-17T10:59:53 IST" name="closeBrowser" finished-at="2024-12-17T10:59:53 IST" duration-ms="110" status="PASS">
          <reporter-output>
          </reporter-output>
        </test-method> <!-- closeBrowser -->
        <test-method is-config="true" signature="LaunchAndLoadURL(java.lang.String)[pri:0, instance:test.TC_003_SearchHotelTest@1a677343]" started-at="2024-12-17T10:59:53 IST" name="LaunchAndLoadURL" finished-at="2024-12-17T10:59:56 IST" duration-ms="2969" status="PASS">
          <params>
            <param index="0">
              <value>
                <![CDATA[chrome]]>
              </value>
            </param>
          </params>
          <reporter-output>
          </reporter-output>
        </test-method> <!-- LaunchAndLoadURL -->
        <test-method signature="searchHotelTest(java.lang.String,java.lang.String,java.lang.String,java.lang.String,java.lang.String,java.lang.String,java.lang.String,java.lang.String,java.lang.String,java.lang.String)[pri:0, instance:test.TC_003_SearchHotelTest@1a677343]" started-at="2024-12-17T10:59:56 IST" name="searchHotelTest" data-provider="excelRead" finished-at="2024-12-17T11:00:03 IST" duration-ms="6603" status="PASS">
          <params>
            <param index="0">
              <value>
                <![CDATA[Loganayaki]]>
              </value>
            </param>
            <param index="1">
              <value>
                <![CDATA[Logi@1234]]>
              </value>
            </param>
            <param index="2">
              <value>
                <![CDATA[Melbourne]]>
              </value>
            </param>
            <param index="3">
              <value>
                <![CDATA[Hotel Sunshine]]>
              </value>
            </param>
            <param index="4">
              <value>
                <![CDATA[Standard]]>
              </value>
            </param>
            <param index="5">
              <value>
                <![CDATA[7 - Seven]]>
              </value>
            </param>
            <param index="6">
              <value>
                <![CDATA[14-12-2024]]>
              </value>
            </param>
            <param index="7">
              <value>
                <![CDATA[15-12-2024]]>
              </value>
            </param>
            <param index="8">
              <value>
                <![CDATA[3 - Three]]>
              </value>
            </param>
            <param index="9">
              <value>
                <![CDATA[4]]>
              </value>
            </param>
          </params>
          <reporter-output>
          </reporter-output>
        </test-method> <!-- searchHotelTest -->
        <test-method is-config="true" signature="closeBrowser()[pri:0, instance:test.TC_003_SearchHotelTest@1a677343]" started-at="2024-12-17T11:00:03 IST" name="closeBrowser" finished-at="2024-12-17T11:00:03 IST" duration-ms="88" status="PASS">
          <reporter-output>
          </reporter-output>
        </test-method> <!-- closeBrowser -->
        <test-method is-config="true" signature="LaunchAndLoadURL(java.lang.String)[pri:0, instance:test.TC_003_SearchHotelTest@1a677343]" started-at="2024-12-17T11:00:03 IST" name="LaunchAndLoadURL" finished-at="2024-12-17T11:00:06 IST" duration-ms="2945" status="PASS">
          <params>
            <param index="0">
              <value>
                <![CDATA[chrome]]>
              </value>
            </param>
          </params>
          <reporter-output>
          </reporter-output>
        </test-method> <!-- LaunchAndLoadURL -->
        <test-method signature="searchHotelTest(java.lang.String,java.lang.String,java.lang.String,java.lang.String,java.lang.String,java.lang.String,java.lang.String,java.lang.String,java.lang.String,java.lang.String)[pri:0, instance:test.TC_003_SearchHotelTest@1a677343]" started-at="2024-12-17T11:00:06 IST" name="searchHotelTest" data-provider="excelRead" finished-at="2024-12-17T11:00:12 IST" duration-ms="6629" status="PASS">
          <params>
            <param index="0">
              <value>
                <![CDATA[Loganayaki]]>
              </value>
            </param>
            <param index="1">
              <value>
                <![CDATA[Logi@1234]]>
              </value>
            </param>
            <param index="2">
              <value>
                <![CDATA[London]]>
              </value>
            </param>
            <param index="3">
              <value>
                <![CDATA[Hotel Hervey]]>
              </value>
            </param>
            <param index="4">
              <value>
                <![CDATA[Double]]>
              </value>
            </param>
            <param index="5">
              <value>
                <![CDATA[7 - Seven]]>
              </value>
            </param>
            <param index="6">
              <value>
                <![CDATA[14-12-2024]]>
              </value>
            </param>
            <param index="7">
              <value>
                <![CDATA[15-12-2024]]>
              </value>
            </param>
            <param index="8">
              <value>
                <![CDATA[3 - Three]]>
              </value>
            </param>
            <param index="9">
              <value>
                <![CDATA[4]]>
              </value>
            </param>
          </params>
          <reporter-output>
          </reporter-output>
        </test-method> <!-- searchHotelTest -->
        <test-method is-config="true" signature="closeBrowser()[pri:0, instance:test.TC_003_SearchHotelTest@1a677343]" started-at="2024-12-17T11:00:12 IST" name="closeBrowser" finished-at="2024-12-17T11:00:13 IST" duration-ms="87" status="PASS">
          <reporter-output>
          </reporter-output>
        </test-method> <!-- closeBrowser -->
        <test-method is-config="true" signature="LaunchAndLoadURL(java.lang.String)[pri:0, instance:test.TC_003_SearchHotelTest@1a677343]" started-at="2024-12-17T11:00:13 IST" name="LaunchAndLoadURL" finished-at="2024-12-17T11:00:16 IST" duration-ms="2979" status="PASS">
          <params>
            <param index="0">
              <value>
                <![CDATA[chrome]]>
              </value>
            </param>
          </params>
          <reporter-output>
          </reporter-output>
        </test-method> <!-- LaunchAndLoadURL -->
        <test-method signature="searchHotelTest(java.lang.String,java.lang.String,java.lang.String,java.lang.String,java.lang.String,java.lang.String,java.lang.String,java.lang.String,java.lang.String,java.lang.String)[pri:0, instance:test.TC_003_SearchHotelTest@1a677343]" started-at="2024-12-17T11:00:16 IST" name="searchHotelTest" data-provider="excelRead" finished-at="2024-12-17T11:00:22 IST" duration-ms="6828" status="PASS">
          <params>
            <param index="0">
              <value>
                <![CDATA[Loganayaki]]>
              </value>
            </param>
            <param index="1">
              <value>
                <![CDATA[Logi@1234]]>
              </value>
            </param>
            <param index="2">
              <value>
                <![CDATA[New York]]>
              </value>
            </param>
            <param index="3">
              <value>
                <![CDATA[Hotel Cornice]]>
              </value>
            </param>
            <param index="4">
              <value>
                <![CDATA[Double]]>
              </value>
            </param>
            <param index="5">
              <value>
                <![CDATA[7 - Seven]]>
              </value>
            </param>
            <param index="6">
              <value>
                <![CDATA[14-12-2024]]>
              </value>
            </param>
            <param index="7">
              <value>
                <![CDATA[15-12-2024]]>
              </value>
            </param>
            <param index="8">
              <value>
                <![CDATA[3 - Three]]>
              </value>
            </param>
            <param index="9">
              <value>
                <![CDATA[4]]>
              </value>
            </param>
          </params>
          <reporter-output>
          </reporter-output>
        </test-method> <!-- searchHotelTest -->
        <test-method is-config="true" signature="closeBrowser()[pri:0, instance:test.TC_003_SearchHotelTest@1a677343]" started-at="2024-12-17T11:00:22 IST" name="closeBrowser" finished-at="2024-12-17T11:00:22 IST" duration-ms="109" status="PASS">
          <reporter-output>
          </reporter-output>
        </test-method> <!-- closeBrowser -->
        <test-method is-config="true" signature="LaunchAndLoadURL(java.lang.String)[pri:0, instance:test.TC_003_SearchHotelTest@1a677343]" started-at="2024-12-17T11:00:22 IST" name="LaunchAndLoadURL" finished-at="2024-12-17T11:00:25 IST" duration-ms="2927" status="PASS">
          <params>
            <param index="0">
              <value>
                <![CDATA[chrome]]>
              </value>
            </param>
          </params>
          <reporter-output>
          </reporter-output>
        </test-method> <!-- LaunchAndLoadURL -->
        <test-method signature="searchHotelTest(java.lang.String,java.lang.String,java.lang.String,java.lang.String,java.lang.String,java.lang.String,java.lang.String,java.lang.String,java.lang.String,java.lang.String)[pri:0, instance:test.TC_003_SearchHotelTest@1a677343]" started-at="2024-12-17T11:00:25 IST" name="searchHotelTest" data-provider="excelRead" finished-at="2024-12-17T11:00:32 IST" duration-ms="6775" status="PASS">
          <params>
            <param index="0">
              <value>
                <![CDATA[Loganayaki]]>
              </value>
            </param>
            <param index="1">
              <value>
                <![CDATA[Logi@1234]]>
              </value>
            </param>
            <param index="2">
              <value>
                <![CDATA[Brisbane]]>
              </value>
            </param>
            <param index="3">
              <value>
                <![CDATA[Hotel Hervey]]>
              </value>
            </param>
            <param index="4">
              <value>
                <![CDATA[Standard]]>
              </value>
            </param>
            <param index="5">
              <value>
                <![CDATA[7 - Seven]]>
              </value>
            </param>
            <param index="6">
              <value>
                <![CDATA[14-12-2024]]>
              </value>
            </param>
            <param index="7">
              <value>
                <![CDATA[15-12-2024]]>
              </value>
            </param>
            <param index="8">
              <value>
                <![CDATA[3 - Three]]>
              </value>
            </param>
            <param index="9">
              <value>
                <![CDATA[4]]>
              </value>
            </param>
          </params>
          <reporter-output>
          </reporter-output>
        </test-method> <!-- searchHotelTest -->
        <test-method is-config="true" signature="closeBrowser()[pri:0, instance:test.TC_003_SearchHotelTest@1a677343]" started-at="2024-12-17T11:00:32 IST" name="closeBrowser" finished-at="2024-12-17T11:00:32 IST" duration-ms="88" status="PASS">
          <reporter-output>
          </reporter-output>
        </test-method> <!-- closeBrowser -->
      </class> <!-- test.TC_003_SearchHotelTest -->
      <class name="test.TC_004_SelectHotelTest">
        <test-method is-config="true" signature="data()[pri:0, instance:test.TC_004_SelectHotelTest@15de0b3c]" started-at="2024-12-17T10:58:15 IST" name="data" finished-at="2024-12-17T10:58:15 IST" duration-ms="0" status="PASS">
          <reporter-output>
          </reporter-output>
        </test-method> <!-- data -->
        <test-method is-config="true" signature="details()[pri:0, instance:test.TC_004_SelectHotelTest@15de0b3c]" started-at="2024-12-17T11:00:32 IST" name="details" finished-at="2024-12-17T11:00:32 IST" duration-ms="0" status="PASS">
          <reporter-output>
          </reporter-output>
        </test-method> <!-- details -->
        <test-method is-config="true" signature="LaunchAndLoadURL(java.lang.String)[pri:0, instance:test.TC_004_SelectHotelTest@15de0b3c]" started-at="2024-12-17T11:00:32 IST" name="LaunchAndLoadURL" finished-at="2024-12-17T11:00:35 IST" duration-ms="2767" status="PASS">
          <params>
            <param index="0">
              <value>
                <![CDATA[chrome]]>
              </value>
            </param>
          </params>
          <reporter-output>
          </reporter-output>
        </test-method> <!-- LaunchAndLoadURL -->
        <test-method signature="searchHotelTest(java.lang.String,java.lang.String,java.lang.String,java.lang.String,java.lang.String,java.lang.String,java.lang.String,java.lang.String,java.lang.String,java.lang.String)[pri:0, instance:test.TC_004_SelectHotelTest@15de0b3c]" started-at="2024-12-17T11:00:35 IST" name="searchHotelTest" data-provider="excelRead" finished-at="2024-12-17T11:00:42 IST" duration-ms="7355" status="PASS">
          <params>
            <param index="0">
              <value>
                <![CDATA[Loganayaki]]>
              </value>
            </param>
            <param index="1">
              <value>
                <![CDATA[Logi@1234]]>
              </value>
            </param>
            <param index="2">
              <value>
                <![CDATA[Sydney]]>
              </value>
            </param>
            <param index="3">
              <value>
                <![CDATA[Hotel Creek]]>
              </value>
            </param>
            <param index="4">
              <value>
                <![CDATA[Standard]]>
              </value>
            </param>
            <param index="5">
              <value>
                <![CDATA[2 - Two]]>
              </value>
            </param>
            <param index="6">
              <value>
                <![CDATA[14/12/2024]]>
              </value>
            </param>
            <param index="7">
              <value>
                <![CDATA[15/12/2024]]>
              </value>
            </param>
            <param index="8">
              <value>
                <![CDATA[2 - Two]]>
              </value>
            </param>
            <param index="9">
              <value>
                <![CDATA[3]]>
              </value>
            </param>
          </params>
          <reporter-output>
          </reporter-output>
        </test-method> <!-- searchHotelTest -->
        <test-method is-config="true" signature="closeBrowser()[pri:0, instance:test.TC_004_SelectHotelTest@15de0b3c]" started-at="2024-12-17T11:00:42 IST" name="closeBrowser" finished-at="2024-12-17T11:00:43 IST" duration-ms="91" status="PASS">
          <reporter-output>
          </reporter-output>
        </test-method> <!-- closeBrowser -->
      </class> <!-- test.TC_004_SelectHotelTest -->
      <class name="test.TC_001_RegisterTest">
        <test-method is-config="true" signature="data()[pri:0, instance:test.TC_001_RegisterTest@9d5509a]" started-at="2024-12-17T10:58:15 IST" name="data" finished-at="2024-12-17T10:58:15 IST" duration-ms="1" status="PASS">
          <reporter-output>
          </reporter-output>
        </test-method> <!-- data -->
        <test-method is-config="true" signature="details()[pri:0, instance:test.TC_001_RegisterTest@9d5509a]" started-at="2024-12-17T10:58:15 IST" name="details" finished-at="2024-12-17T10:58:15 IST" duration-ms="6" status="PASS">
          <reporter-output>
          </reporter-output>
        </test-method> <!-- details -->
        <test-method is-config="true" signature="LaunchAndLoadURL(java.lang.String)[pri:0, instance:test.TC_001_RegisterTest@9d5509a]" started-at="2024-12-17T10:58:15 IST" name="LaunchAndLoadURL" finished-at="2024-12-17T10:58:19 IST" duration-ms="4269" status="PASS">
          <params>
            <param index="0">
              <value>
                <![CDATA[chrome]]>
              </value>
            </param>
          </params>
          <reporter-output>
          </reporter-output>
        </test-method> <!-- LaunchAndLoadURL -->
        <test-method signature="registerTest()[pri:0, instance:test.TC_001_RegisterTest@9d5509a]" started-at="2024-12-17T10:58:19 IST" name="registerTest" finished-at="2024-12-17T10:58:21 IST" duration-ms="2408" status="PASS">
          <reporter-output>
          </reporter-output>
        </test-method> <!-- registerTest -->
        <test-method is-config="true" signature="closeBrowser()[pri:0, instance:test.TC_001_RegisterTest@9d5509a]" started-at="2024-12-17T10:58:21 IST" name="closeBrowser" finished-at="2024-12-17T10:58:21 IST" duration-ms="88" status="PASS">
          <reporter-output>
          </reporter-output>
        </test-method> <!-- closeBrowser -->
        <test-method is-config="true" signature="LaunchAndLoadURL(java.lang.String)[pri:0, instance:test.TC_001_RegisterTest@9d5509a]" started-at="2024-12-17T10:58:21 IST" name="LaunchAndLoadURL" finished-at="2024-12-17T10:58:24 IST" duration-ms="2992" status="PASS">
          <params>
            <param index="0">
              <value>
                <![CDATA[chrome]]>
              </value>
            </param>
          </params>
          <reporter-output>
          </reporter-output>
        </test-method> <!-- LaunchAndLoadURL -->
        <test-method signature="regTestInvalidTestData()[pri:1, instance:test.TC_001_RegisterTest@9d5509a]" started-at="2024-12-17T10:58:24 IST" name="regTestInvalidTestData" finished-at="2024-12-17T10:58:27 IST" duration-ms="2343" status="PASS">
          <reporter-output>
          </reporter-output>
        </test-method> <!-- regTestInvalidTestData -->
        <test-method is-config="true" signature="closeBrowser()[pri:0, instance:test.TC_001_RegisterTest@9d5509a]" started-at="2024-12-17T10:58:27 IST" name="closeBrowser" finished-at="2024-12-17T10:58:27 IST" duration-ms="97" status="PASS">
          <reporter-output>
          </reporter-output>
        </test-method> <!-- closeBrowser -->
      </class> <!-- test.TC_001_RegisterTest -->
      <class name="test.TC_009_FinalLogout">
        <test-method is-config="true" signature="data()[pri:0, instance:test.TC_009_FinalLogout@3c9754d8]" started-at="2024-12-17T10:58:15 IST" name="data" finished-at="2024-12-17T10:58:15 IST" duration-ms="1" status="PASS">
          <reporter-output>
          </reporter-output>
        </test-method> <!-- data -->
        <test-method is-config="true" signature="details()[pri:0, instance:test.TC_009_FinalLogout@3c9754d8]" started-at="2024-12-17T11:03:50 IST" name="details" finished-at="2024-12-17T11:03:50 IST" duration-ms="0" status="PASS">
          <reporter-output>
          </reporter-output>
        </test-method> <!-- details -->
        <test-method is-config="true" signature="LaunchAndLoadURL(java.lang.String)[pri:0, instance:test.TC_009_FinalLogout@3c9754d8]" started-at="2024-12-17T11:03:50 IST" name="LaunchAndLoadURL" finished-at="2024-12-17T11:03:53 IST" duration-ms="3057" status="PASS">
          <params>
            <param index="0">
              <value>
                <![CDATA[chrome]]>
              </value>
            </param>
          </params>
          <reporter-output>
          </reporter-output>
        </test-method> <!-- LaunchAndLoadURL -->
        <test-method signature="endLogoutTest(java.lang.String,java.lang.String)[pri:0, instance:test.TC_009_FinalLogout@3c9754d8]" started-at="2024-12-17T11:03:53 IST" name="endLogoutTest" data-provider="excelRead" finished-at="2024-12-17T11:04:04 IST" duration-ms="11040" status="PASS">
          <params>
            <param index="0">
              <value>
                <![CDATA[Loganayaki]]>
              </value>
            </param>
            <param index="1">
              <value>
                <![CDATA[Logi@1234]]>
              </value>
            </param>
          </params>
          <reporter-output>
          </reporter-output>
        </test-method> <!-- endLogoutTest -->
        <test-method is-config="true" signature="closeBrowser()[pri:0, instance:test.TC_009_FinalLogout@3c9754d8]" started-at="2024-12-17T11:04:04 IST" name="closeBrowser" finished-at="2024-12-17T11:04:04 IST" duration-ms="79" status="PASS">
          <reporter-output>
          </reporter-output>
        </test-method> <!-- closeBrowser -->
      </class> <!-- test.TC_009_FinalLogout -->
    </test> <!-- Chrome Test -->
    <test started-at="2024-12-17T11:04:04 IST" name="Edge Test" finished-at="2024-12-17T11:10:29 IST" duration-ms="384903">
      <class name="test.TC_008_ChangePassword">
        <test-method is-config="true" signature="data()[pri:0, instance:test.TC_008_ChangePassword@4009e306]" started-at="2024-12-17T11:04:04 IST" name="data" finished-at="2024-12-17T11:04:04 IST" duration-ms="0" status="PASS">
          <reporter-output>
          </reporter-output>
        </test-method> <!-- data -->
        <test-method is-config="true" signature="details()[pri:0, instance:test.TC_008_ChangePassword@4009e306]" started-at="2024-12-17T11:09:35 IST" name="details" finished-at="2024-12-17T11:09:35 IST" duration-ms="0" status="PASS">
          <reporter-output>
          </reporter-output>
        </test-method> <!-- details -->
        <test-method is-config="true" signature="LaunchAndLoadURL(java.lang.String)[pri:0, instance:test.TC_008_ChangePassword@4009e306]" started-at="2024-12-17T11:09:35 IST" name="LaunchAndLoadURL" finished-at="2024-12-17T11:09:40 IST" duration-ms="4632" status="PASS">
          <params>
            <param index="0">
              <value>
                <![CDATA[edge]]>
              </value>
            </param>
          </params>
          <reporter-output>
          </reporter-output>
        </test-method> <!-- LaunchAndLoadURL -->
        <test-method signature="changePasswordTest(java.lang.String,java.lang.String,java.lang.String,java.lang.String,java.lang.String)[pri:0, instance:test.TC_008_ChangePassword@4009e306]" started-at="2024-12-17T11:09:40 IST" name="changePasswordTest" data-provider="excelRead" finished-at="2024-12-17T11:09:46 IST" duration-ms="6674" status="PASS">
          <params>
            <param index="0">
              <value>
                <![CDATA[Loganayaki]]>
              </value>
            </param>
            <param index="1">
              <value>
                <![CDATA[Logi@1234]]>
              </value>
            </param>
            <param index="2">
              <value>
                <![CDATA[Logi@1234]]>
              </value>
            </param>
            <param index="3">
              <value>
                <![CDATA[Logi@1234]]>
              </value>
            </param>
            <param index="4">
              <value>
                <![CDATA[Logi@1234]]>
              </value>
            </param>
          </params>
          <reporter-output>
          </reporter-output>
        </test-method> <!-- changePasswordTest -->
        <test-method is-config="true" signature="closeBrowser()[pri:0, instance:test.TC_008_ChangePassword@4009e306]" started-at="2024-12-17T11:09:46 IST" name="closeBrowser" finished-at="2024-12-17T11:09:47 IST" duration-ms="234" status="PASS">
          <reporter-output>
          </reporter-output>
        </test-method> <!-- closeBrowser -->
        <test-method is-config="true" signature="LaunchAndLoadURL(java.lang.String)[pri:0, instance:test.TC_008_ChangePassword@4009e306]" started-at="2024-12-17T11:09:47 IST" name="LaunchAndLoadURL" finished-at="2024-12-17T11:09:51 IST" duration-ms="4541" status="PASS">
          <params>
            <param index="0">
              <value>
                <![CDATA[edge]]>
              </value>
            </param>
          </params>
          <reporter-output>
          </reporter-output>
        </test-method> <!-- LaunchAndLoadURL -->
        <test-method signature="changePasswordTest(java.lang.String,java.lang.String,java.lang.String,java.lang.String,java.lang.String)[pri:0, instance:test.TC_008_ChangePassword@4009e306]" started-at="2024-12-17T11:09:51 IST" name="changePasswordTest" data-provider="excelRead" finished-at="2024-12-17T11:10:13 IST" duration-ms="21557" status="FAIL">
          <params>
            <param index="0">
              <value>
                <![CDATA[Loganayaki]]>
              </value>
            </param>
            <param index="1">
              <value>
                <![CDATA[Logi@1234]]>
              </value>
            </param>
            <param index="2">
              <value>
                <![CDATA[L@123]]>
              </value>
            </param>
            <param index="3">
              <value>
                <![CDATA[Logi@1234]]>
              </value>
            </param>
            <param index="4">
              <value>
                <![CDATA[Logi@1234]]>
              </value>
            </param>
          </params>
          <exception class="org.openqa.selenium.NoSuchElementException">
            <message>
              <![CDATA[no such element: Unable to locate element: {"method":"xpath","selector":"//span[contains(text(),'Your Password is successfully updated!!!')]"}
  (Session info: MicrosoftEdge=131.0.2903.99)
For documentation on this error, please visit: https://www.selenium.dev/documentation/webdriver/troubleshooting/errors#no-such-element-exception
Build info: version: '4.25.0', revision: '8a8aea2337'
System info: os.name: 'Windows 11', os.arch: 'amd64', os.version: '10.0', java.version: '23'
Driver info: org.openqa.selenium.edge.EdgeDriver
Command: [84768cc412780d53cf9a262ca1b929d9, findElement {value=//span[contains(text(),'Your Password is successfully updated!!!')], using=xpath}]
Capabilities {acceptInsecureCerts: false, browserName: MicrosoftEdge, browserVersion: 131.0.2903.99, fedcm:accounts: true, ms:edgeOptions: {debuggerAddress: localhost:57749}, msedge: {msedgedriverVersion: 131.0.2903.99 (f96a870b1316..., userDataDir: C:\Users\Asus\AppData\Local...}, networkConnectionEnabled: false, pageLoadStrategy: normal, platformName: windows, proxy: Proxy(), se:cdp: ws://localhost:57749/devtoo..., se:cdpVersion: 131.0.2903.99, setWindowRect: true, strictFileInteractability: false, timeouts: {implicit: 0, pageLoad: 300000, script: 30000}, unhandledPromptBehavior: dismiss and notify, webauthn:extension:credBlob: true, webauthn:extension:largeBlob: true, webauthn:extension:minPinLength: true, webauthn:extension:prf: true, webauthn:virtualAuthenticators: true}
Session ID: 84768cc412780d53cf9a262ca1b929d9]]>
            </message>
            <full-stacktrace>
              <![CDATA[org.openqa.selenium.NoSuchElementException: no such element: Unable to locate element: {"method":"xpath","selector":"//span[contains(text(),'Your Password is successfully updated!!!')]"}
  (Session info: MicrosoftEdge=131.0.2903.99)
For documentation on this error, please visit: https://www.selenium.dev/documentation/webdriver/troubleshooting/errors#no-such-element-exception
Build info: version: '4.25.0', revision: '8a8aea2337'
System info: os.name: 'Windows 11', os.arch: 'amd64', os.version: '10.0', java.version: '23'
Driver info: org.openqa.selenium.edge.EdgeDriver
Command: [84768cc412780d53cf9a262ca1b929d9, findElement {value=//span[contains(text(),'Your Password is successfully updated!!!')], using=xpath}]
Capabilities {acceptInsecureCerts: false, browserName: MicrosoftEdge, browserVersion: 131.0.2903.99, fedcm:accounts: true, ms:edgeOptions: {debuggerAddress: localhost:57749}, msedge: {msedgedriverVersion: 131.0.2903.99 (f96a870b1316..., userDataDir: C:\Users\Asus\AppData\Local...}, networkConnectionEnabled: false, pageLoadStrategy: normal, platformName: windows, proxy: Proxy(), se:cdp: ws://localhost:57749/devtoo..., se:cdpVersion: 131.0.2903.99, setWindowRect: true, strictFileInteractability: false, timeouts: {implicit: 0, pageLoad: 300000, script: 30000}, unhandledPromptBehavior: dismiss and notify, webauthn:extension:credBlob: true, webauthn:extension:largeBlob: true, webauthn:extension:minPinLength: true, webauthn:extension:prf: true, webauthn:virtualAuthenticators: true}
Session ID: 84768cc412780d53cf9a262ca1b929d9
at java.base/jdk.internal.reflect.DirectConstructorHandleAccessor.newInstance(DirectConstructorHandleAccessor.java:62)
at java.base/java.lang.reflect.Constructor.newInstanceWithCaller(Constructor.java:501)
at java.base/java.lang.reflect.Constructor.newInstance(Constructor.java:485)
at org.openqa.selenium.remote.ErrorCodec.decode(ErrorCodec.java:167)
at org.openqa.selenium.remote.codec.w3c.W3CHttpResponseCodec.decode(W3CHttpResponseCodec.java:138)
at org.openqa.selenium.remote.codec.w3c.W3CHttpResponseCodec.decode(W3CHttpResponseCodec.java:50)
at org.openqa.selenium.remote.HttpCommandExecutor.execute(HttpCommandExecutor.java:190)
at org.openqa.selenium.remote.service.DriverCommandExecutor.invokeExecute(DriverCommandExecutor.java:216)
at org.openqa.selenium.remote.service.DriverCommandExecutor.execute(DriverCommandExecutor.java:174)
at org.openqa.selenium.remote.RemoteWebDriver.execute(RemoteWebDriver.java:545)
at org.openqa.selenium.remote.ElementLocation$ElementFinder$2.findElement(ElementLocation.java:165)
at org.openqa.selenium.remote.ElementLocation.findElement(ElementLocation.java:59)
at org.openqa.selenium.remote.RemoteWebDriver.findElement(RemoteWebDriver.java:368)
at org.openqa.selenium.remote.RemoteWebDriver.findElement(RemoteWebDriver.java:362)
at pages.ChangePassWord.clickSubmit(ChangePassWord.java:39)
at test.TC_008_ChangePassword.changePasswordTest(TC_008_ChangePassword.java:34)
at java.base/jdk.internal.reflect.DirectMethodHandleAccessor.invoke(DirectMethodHandleAccessor.java:103)
at java.base/java.lang.reflect.Method.invoke(Method.java:580)
at org.testng.internal.MethodInvocationHelper.invokeMethod(MethodInvocationHelper.java:133)
at org.testng.internal.TestInvoker.invokeMethod(TestInvoker.java:598)
at org.testng.internal.TestInvoker.invokeTestMethod(TestInvoker.java:173)
at org.testng.internal.MethodRunner.runInSequence(MethodRunner.java:46)
at org.testng.internal.TestInvoker$MethodInvocationAgent.invoke(TestInvoker.java:824)
at org.testng.internal.TestInvoker.invokeTestMethods(TestInvoker.java:146)
at org.testng.internal.TestMethodWorker.invokeTestMethods(TestMethodWorker.java:146)
at org.testng.internal.TestMethodWorker.run(TestMethodWorker.java:128)
at java.base/java.util.ArrayList.forEach(ArrayList.java:1597)
at org.testng.TestRunner.privateRun(TestRunner.java:794)
at org.testng.TestRunner.run(TestRunner.java:596)
at org.testng.SuiteRunner.runTest(SuiteRunner.java:377)
at org.testng.SuiteRunner.runSequentially(SuiteRunner.java:371)
at org.testng.SuiteRunner.privateRun(SuiteRunner.java:332)
at org.testng.SuiteRunner.run(SuiteRunner.java:276)
at org.testng.SuiteRunnerWorker.runSuite(SuiteRunnerWorker.java:53)
at org.testng.SuiteRunnerWorker.run(SuiteRunnerWorker.java:96)
at org.testng.TestNG.runSuitesSequentially(TestNG.java:1212)
at org.testng.TestNG.runSuitesLocally(TestNG.java:1134)
at org.testng.TestNG.runSuites(TestNG.java:1063)
at org.testng.TestNG.run(TestNG.java:1031)
at org.testng.remote.AbstractRemoteTestNG.run(AbstractRemoteTestNG.java:115)
at org.testng.remote.RemoteTestNG.initAndRun(RemoteTestNG.java:293)
at org.testng.remote.RemoteTestNG.main(RemoteTestNG.java:91)
]]>
            </full-stacktrace>
          </exception> <!-- org.openqa.selenium.NoSuchElementException -->
          <reporter-output>
          </reporter-output>
        </test-method> <!-- changePasswordTest -->
        <test-method is-config="true" signature="closeBrowser()[pri:0, instance:test.TC_008_ChangePassword@4009e306]" started-at="2024-12-17T11:10:13 IST" name="closeBrowser" finished-at="2024-12-17T11:10:13 IST" duration-ms="218" status="PASS">
          <reporter-output>
          </reporter-output>
        </test-method> <!-- closeBrowser -->
      </class> <!-- test.TC_008_ChangePassword -->
      <class name="test.TC_005_BookAHotelTest">
        <test-method is-config="true" signature="data()[pri:0, instance:test.TC_005_BookAHotelTest@ae13544]" started-at="2024-12-17T11:04:04 IST" name="data" finished-at="2024-12-17T11:04:04 IST" duration-ms="0" status="PASS">
          <reporter-output>
          </reporter-output>
        </test-method> <!-- data -->
        <test-method is-config="true" signature="details()[pri:0, instance:test.TC_005_BookAHotelTest@ae13544]" started-at="2024-12-17T11:06:53 IST" name="details" finished-at="2024-12-17T11:06:53 IST" duration-ms="0" status="PASS">
          <reporter-output>
          </reporter-output>
        </test-method> <!-- details -->
        <test-method is-config="true" signature="LaunchAndLoadURL(java.lang.String)[pri:0, instance:test.TC_005_BookAHotelTest@ae13544]" started-at="2024-12-17T11:06:53 IST" name="LaunchAndLoadURL" finished-at="2024-12-17T11:06:57 IST" duration-ms="4517" status="PASS">
          <params>
            <param index="0">
              <value>
                <![CDATA[edge]]>
              </value>
            </param>
          </params>
          <reporter-output>
          </reporter-output>
        </test-method> <!-- LaunchAndLoadURL -->
        <test-method signature="bookAHotelTest(java.lang.String,java.lang.String,java.lang.String,java.lang.String,java.lang.String,java.lang.String,java.lang.String,java.lang.String,java.lang.String,java.lang.String,java.lang.String,java.lang.String,java.lang.String,java.lang.String,java.lang.String,java.lang.String,java.lang.String,java.lang.String)[pri:0, instance:test.TC_005_BookAHotelTest@ae13544]" started-at="2024-12-17T11:06:57 IST" name="bookAHotelTest" data-provider="excelRead" finished-at="2024-12-17T11:07:15 IST" duration-ms="18212" status="PASS">
          <params>
            <param index="0">
              <value>
                <![CDATA[Loganayaki]]>
              </value>
            </param>
            <param index="1">
              <value>
                <![CDATA[Logi@1234]]>
              </value>
            </param>
            <param index="2">
              <value>
                <![CDATA[Sydney]]>
              </value>
            </param>
            <param index="3">
              <value>
                <![CDATA[Hotel Creek]]>
              </value>
            </param>
            <param index="4">
              <value>
                <![CDATA[Standard]]>
              </value>
            </param>
            <param index="5">
              <value>
                <![CDATA[2 - Two]]>
              </value>
            </param>
            <param index="6">
              <value>
                <![CDATA[14/12/2024]]>
              </value>
            </param>
            <param index="7">
              <value>
                <![CDATA[15/12/2024]]>
              </value>
            </param>
            <param index="8">
              <value>
                <![CDATA[2 - Two]]>
              </value>
            </param>
            <param index="9">
              <value>
                <![CDATA[3]]>
              </value>
            </param>
            <param index="10">
              <value>
                <![CDATA[LOGANAYAKI]]>
              </value>
            </param>
            <param index="11">
              <value>
                <![CDATA[P]]>
              </value>
            </param>
            <param index="12">
              <value>
                <![CDATA[2/295,Sydney]]>
              </value>
            </param>
            <param index="13">
              <value>
                <![CDATA[1234567890987650]]>
              </value>
            </param>
            <param index="14">
              <value>
                <![CDATA[AMEX]]>
              </value>
            </param>
            <param index="15">
              <value>
                <![CDATA[January]]>
              </value>
            </param>
            <param index="16">
              <value>
                <![CDATA[2026]]>
              </value>
            </param>
            <param index="17">
              <value>
                <![CDATA[234]]>
              </value>
            </param>
          </params>
          <reporter-output>
          </reporter-output>
        </test-method> <!-- bookAHotelTest -->
        <test-method is-config="true" signature="closeBrowser()[pri:0, instance:test.TC_005_BookAHotelTest@ae13544]" started-at="2024-12-17T11:07:15 IST" name="closeBrowser" finished-at="2024-12-17T11:07:15 IST" duration-ms="140" status="PASS">
          <reporter-output>
          </reporter-output>
        </test-method> <!-- closeBrowser -->
        <test-method is-config="true" signature="LaunchAndLoadURL(java.lang.String)[pri:0, instance:test.TC_005_BookAHotelTest@ae13544]" started-at="2024-12-17T11:07:15 IST" name="LaunchAndLoadURL" finished-at="2024-12-17T11:07:20 IST" duration-ms="4612" status="PASS">
          <params>
            <param index="0">
              <value>
                <![CDATA[edge]]>
              </value>
            </param>
          </params>
          <reporter-output>
          </reporter-output>
        </test-method> <!-- LaunchAndLoadURL -->
        <test-method signature="bookAHotelTest(java.lang.String,java.lang.String,java.lang.String,java.lang.String,java.lang.String,java.lang.String,java.lang.String,java.lang.String,java.lang.String,java.lang.String,java.lang.String,java.lang.String,java.lang.String,java.lang.String,java.lang.String,java.lang.String,java.lang.String,java.lang.String)[pri:0, instance:test.TC_005_BookAHotelTest@ae13544]" started-at="2024-12-17T11:07:20 IST" name="bookAHotelTest" data-provider="excelRead" finished-at="2024-12-17T11:07:48 IST" duration-ms="27894" status="FAIL">
          <params>
            <param index="0">
              <value>
                <![CDATA[Loganayaki]]>
              </value>
            </param>
            <param index="1">
              <value>
                <![CDATA[Logi@1234]]>
              </value>
            </param>
            <param index="2">
              <value>
                <![CDATA[Melbourne]]>
              </value>
            </param>
            <param index="3">
              <value>
                <![CDATA[Hotel Sunshine]]>
              </value>
            </param>
            <param index="4">
              <value>
                <![CDATA[Standard]]>
              </value>
            </param>
            <param index="5">
              <value>
                <![CDATA[3 - Three]]>
              </value>
            </param>
            <param index="6">
              <value>
                <![CDATA[14/12/2024]]>
              </value>
            </param>
            <param index="7">
              <value>
                <![CDATA[15-12-2024]]>
              </value>
            </param>
            <param index="8">
              <value>
                <![CDATA[2 - Two]]>
              </value>
            </param>
            <param index="9">
              <value>
                <![CDATA[1]]>
              </value>
            </param>
            <param index="10">
              <value>
                <![CDATA[Logu]]>
              </value>
            </param>
            <param index="11">
              <value>
                <![CDATA[P]]>
              </value>
            </param>
            <param index="12">
              <value>
                <![CDATA[2/295,Melbourne]]>
              </value>
            </param>
            <param index="13">
              <value>
                <![CDATA[987654321098765]]>
              </value>
            </param>
            <param index="14">
              <value>
                <![CDATA[VISA]]>
              </value>
            </param>
            <param index="15">
              <value>
                <![CDATA[February]]>
              </value>
            </param>
            <param index="16">
              <value>
                <![CDATA[2030]]>
              </value>
            </param>
            <param index="17">
              <value>
                <![CDATA[456]]>
              </value>
            </param>
          </params>
          <exception class="org.openqa.selenium.NoSuchElementException">
            <message>
              <![CDATA[no such element: Unable to locate element: {"method":"xpath","selector":"//td[contains(text(),'Booking Confirmation ')]"}
  (Session info: MicrosoftEdge=131.0.2903.99)
For documentation on this error, please visit: https://www.selenium.dev/documentation/webdriver/troubleshooting/errors#no-such-element-exception
Build info: version: '4.25.0', revision: '8a8aea2337'
System info: os.name: 'Windows 11', os.arch: 'amd64', os.version: '10.0', java.version: '23'
Driver info: org.openqa.selenium.edge.EdgeDriver
Command: [fdf9d3473806fb48c25b05bd60c2858e, findElement {value=//td[contains(text(),'Booking Confirmation ')], using=xpath}]
Capabilities {acceptInsecureCerts: false, browserName: MicrosoftEdge, browserVersion: 131.0.2903.99, fedcm:accounts: true, ms:edgeOptions: {debuggerAddress: localhost:57484}, msedge: {msedgedriverVersion: 131.0.2903.99 (f96a870b1316..., userDataDir: C:\Users\Asus\AppData\Local...}, networkConnectionEnabled: false, pageLoadStrategy: normal, platformName: windows, proxy: Proxy(), se:cdp: ws://localhost:57484/devtoo..., se:cdpVersion: 131.0.2903.99, setWindowRect: true, strictFileInteractability: false, timeouts: {implicit: 0, pageLoad: 300000, script: 30000}, unhandledPromptBehavior: dismiss and notify, webauthn:extension:credBlob: true, webauthn:extension:largeBlob: true, webauthn:extension:minPinLength: true, webauthn:extension:prf: true, webauthn:virtualAuthenticators: true}
Session ID: fdf9d3473806fb48c25b05bd60c2858e]]>
            </message>
            <full-stacktrace>
              <![CDATA[org.openqa.selenium.NoSuchElementException: no such element: Unable to locate element: {"method":"xpath","selector":"//td[contains(text(),'Booking Confirmation ')]"}
  (Session info: MicrosoftEdge=131.0.2903.99)
For documentation on this error, please visit: https://www.selenium.dev/documentation/webdriver/troubleshooting/errors#no-such-element-exception
Build info: version: '4.25.0', revision: '8a8aea2337'
System info: os.name: 'Windows 11', os.arch: 'amd64', os.version: '10.0', java.version: '23'
Driver info: org.openqa.selenium.edge.EdgeDriver
Command: [fdf9d3473806fb48c25b05bd60c2858e, findElement {value=//td[contains(text(),'Booking Confirmation ')], using=xpath}]
Capabilities {acceptInsecureCerts: false, browserName: MicrosoftEdge, browserVersion: 131.0.2903.99, fedcm:accounts: true, ms:edgeOptions: {debuggerAddress: localhost:57484}, msedge: {msedgedriverVersion: 131.0.2903.99 (f96a870b1316..., userDataDir: C:\Users\Asus\AppData\Local...}, networkConnectionEnabled: false, pageLoadStrategy: normal, platformName: windows, proxy: Proxy(), se:cdp: ws://localhost:57484/devtoo..., se:cdpVersion: 131.0.2903.99, setWindowRect: true, strictFileInteractability: false, timeouts: {implicit: 0, pageLoad: 300000, script: 30000}, unhandledPromptBehavior: dismiss and notify, webauthn:extension:credBlob: true, webauthn:extension:largeBlob: true, webauthn:extension:minPinLength: true, webauthn:extension:prf: true, webauthn:virtualAuthenticators: true}
Session ID: fdf9d3473806fb48c25b05bd60c2858e
at java.base/jdk.internal.reflect.DirectConstructorHandleAccessor.newInstance(DirectConstructorHandleAccessor.java:62)
at java.base/java.lang.reflect.Constructor.newInstanceWithCaller(Constructor.java:501)
at java.base/java.lang.reflect.Constructor.newInstance(Constructor.java:485)
at org.openqa.selenium.remote.ErrorCodec.decode(ErrorCodec.java:167)
at org.openqa.selenium.remote.codec.w3c.W3CHttpResponseCodec.decode(W3CHttpResponseCodec.java:138)
at org.openqa.selenium.remote.codec.w3c.W3CHttpResponseCodec.decode(W3CHttpResponseCodec.java:50)
at org.openqa.selenium.remote.HttpCommandExecutor.execute(HttpCommandExecutor.java:190)
at org.openqa.selenium.remote.service.DriverCommandExecutor.invokeExecute(DriverCommandExecutor.java:216)
at org.openqa.selenium.remote.service.DriverCommandExecutor.execute(DriverCommandExecutor.java:174)
at org.openqa.selenium.remote.RemoteWebDriver.execute(RemoteWebDriver.java:545)
at org.openqa.selenium.remote.ElementLocation$ElementFinder$2.findElement(ElementLocation.java:165)
at org.openqa.selenium.remote.ElementLocation.findElement(ElementLocation.java:59)
at org.openqa.selenium.remote.RemoteWebDriver.findElement(RemoteWebDriver.java:368)
at org.openqa.selenium.remote.RemoteWebDriver.findElement(RemoteWebDriver.java:362)
at pages.BookAHotel.clickBookNow(BookAHotel.java:76)
at test.TC_005_BookAHotelTest.bookAHotelTest(TC_005_BookAHotelTest.java:41)
at java.base/jdk.internal.reflect.DirectMethodHandleAccessor.invoke(DirectMethodHandleAccessor.java:103)
at java.base/java.lang.reflect.Method.invoke(Method.java:580)
at org.testng.internal.MethodInvocationHelper.invokeMethod(MethodInvocationHelper.java:133)
at org.testng.internal.TestInvoker.invokeMethod(TestInvoker.java:598)
at org.testng.internal.TestInvoker.invokeTestMethod(TestInvoker.java:173)
at org.testng.internal.MethodRunner.runInSequence(MethodRunner.java:46)
at org.testng.internal.TestInvoker$MethodInvocationAgent.invoke(TestInvoker.java:824)
at org.testng.internal.TestInvoker.invokeTestMethods(TestInvoker.java:146)
at org.testng.internal.TestMethodWorker.invokeTestMethods(TestMethodWorker.java:146)
at org.testng.internal.TestMethodWorker.run(TestMethodWorker.java:128)
at java.base/java.util.ArrayList.forEach(ArrayList.java:1597)
at org.testng.TestRunner.privateRun(TestRunner.java:794)
at org.testng.TestRunner.run(TestRunner.java:596)
at org.testng.SuiteRunner.runTest(SuiteRunner.java:377)
at org.testng.SuiteRunner.runSequentially(SuiteRunner.java:371)
at org.testng.SuiteRunner.privateRun(SuiteRunner.java:332)
at org.testng.SuiteRunner.run(SuiteRunner.java:276)
at org.testng.SuiteRunnerWorker.runSuite(SuiteRunnerWorker.java:53)
at org.testng.SuiteRunnerWorker.run(SuiteRunnerWorker.java:96)
at org.testng.TestNG.runSuitesSequentially(TestNG.java:1212)
at org.testng.TestNG.runSuitesLocally(TestNG.java:1134)
at org.testng.TestNG.runSuites(TestNG.java:1063)
at org.testng.TestNG.run(TestNG.java:1031)
at org.testng.remote.AbstractRemoteTestNG.run(AbstractRemoteTestNG.java:115)
at org.testng.remote.RemoteTestNG.initAndRun(RemoteTestNG.java:293)
at org.testng.remote.RemoteTestNG.main(RemoteTestNG.java:91)
]]>
            </full-stacktrace>
          </exception> <!-- org.openqa.selenium.NoSuchElementException -->
          <reporter-output>
          </reporter-output>
        </test-method> <!-- bookAHotelTest -->
        <test-method is-config="true" signature="closeBrowser()[pri:0, instance:test.TC_005_BookAHotelTest@ae13544]" started-at="2024-12-17T11:07:48 IST" name="closeBrowser" finished-at="2024-12-17T11:07:48 IST" duration-ms="125" status="PASS">
          <reporter-output>
          </reporter-output>
        </test-method> <!-- closeBrowser -->
        <test-method is-config="true" signature="LaunchAndLoadURL(java.lang.String)[pri:0, instance:test.TC_005_BookAHotelTest@ae13544]" started-at="2024-12-17T11:07:48 IST" name="LaunchAndLoadURL" finished-at="2024-12-17T11:07:53 IST" duration-ms="4592" status="PASS">
          <params>
            <param index="0">
              <value>
                <![CDATA[edge]]>
              </value>
            </param>
          </params>
          <reporter-output>
          </reporter-output>
        </test-method> <!-- LaunchAndLoadURL -->
        <test-method signature="bookAHotelTest(java.lang.String,java.lang.String,java.lang.String,java.lang.String,java.lang.String,java.lang.String,java.lang.String,java.lang.String,java.lang.String,java.lang.String,java.lang.String,java.lang.String,java.lang.String,java.lang.String,java.lang.String,java.lang.String,java.lang.String,java.lang.String)[pri:0, instance:test.TC_005_BookAHotelTest@ae13544]" started-at="2024-12-17T11:07:53 IST" name="bookAHotelTest" data-provider="excelRead" finished-at="2024-12-17T11:08:11 IST" duration-ms="18188" status="PASS">
          <params>
            <param index="0">
              <value>
                <![CDATA[Loganayaki]]>
              </value>
            </param>
            <param index="1">
              <value>
                <![CDATA[Logi@1234]]>
              </value>
            </param>
            <param index="2">
              <value>
                <![CDATA[Sydney]]>
              </value>
            </param>
            <param index="3">
              <value>
                <![CDATA[Hotel Creek]]>
              </value>
            </param>
            <param index="4">
              <value>
                <![CDATA[Standard]]>
              </value>
            </param>
            <param index="5">
              <value>
                <![CDATA[2 - Two]]>
              </value>
            </param>
            <param index="6">
              <value>
                <![CDATA[14/12/2024]]>
              </value>
            </param>
            <param index="7">
              <value>
                <![CDATA[15/12/2024]]>
              </value>
            </param>
            <param index="8">
              <value>
                <![CDATA[2 - Two]]>
              </value>
            </param>
            <param index="9">
              <value>
                <![CDATA[3]]>
              </value>
            </param>
            <param index="10">
              <value>
                <![CDATA[LOGANAYAKI]]>
              </value>
            </param>
            <param index="11">
              <value>
                <![CDATA[P]]>
              </value>
            </param>
            <param index="12">
              <value>
                <![CDATA[2/295,Sydney]]>
              </value>
            </param>
            <param index="13">
              <value>
                <![CDATA[1234567890987650]]>
              </value>
            </param>
            <param index="14">
              <value>
                <![CDATA[AMEX]]>
              </value>
            </param>
            <param index="15">
              <value>
                <![CDATA[January]]>
              </value>
            </param>
            <param index="16">
              <value>
                <![CDATA[2026]]>
              </value>
            </param>
            <param index="17">
              <value>
                <![CDATA[234]]>
              </value>
            </param>
          </params>
          <reporter-output>
          </reporter-output>
        </test-method> <!-- bookAHotelTest -->
        <test-method is-config="true" signature="closeBrowser()[pri:0, instance:test.TC_005_BookAHotelTest@ae13544]" started-at="2024-12-17T11:08:11 IST" name="closeBrowser" finished-at="2024-12-17T11:08:11 IST" duration-ms="136" status="PASS">
          <reporter-output>
          </reporter-output>
        </test-method> <!-- closeBrowser -->
        <test-method is-config="true" signature="LaunchAndLoadURL(java.lang.String)[pri:0, instance:test.TC_005_BookAHotelTest@ae13544]" started-at="2024-12-17T11:08:11 IST" name="LaunchAndLoadURL" finished-at="2024-12-17T11:08:16 IST" duration-ms="4589" status="PASS">
          <params>
            <param index="0">
              <value>
                <![CDATA[edge]]>
              </value>
            </param>
          </params>
          <reporter-output>
          </reporter-output>
        </test-method> <!-- LaunchAndLoadURL -->
        <test-method signature="bookAHotelTest(java.lang.String,java.lang.String,java.lang.String,java.lang.String,java.lang.String,java.lang.String,java.lang.String,java.lang.String,java.lang.String,java.lang.String,java.lang.String,java.lang.String,java.lang.String,java.lang.String,java.lang.String,java.lang.String,java.lang.String,java.lang.String)[pri:0, instance:test.TC_005_BookAHotelTest@ae13544]" started-at="2024-12-17T11:08:16 IST" name="bookAHotelTest" data-provider="excelRead" finished-at="2024-12-17T11:08:44 IST" duration-ms="27990" status="FAIL">
          <params>
            <param index="0">
              <value>
                <![CDATA[Loganayaki]]>
              </value>
            </param>
            <param index="1">
              <value>
                <![CDATA[Logi@1234]]>
              </value>
            </param>
            <param index="2">
              <value>
                <![CDATA[Melbourne]]>
              </value>
            </param>
            <param index="3">
              <value>
                <![CDATA[Hotel Sunshine]]>
              </value>
            </param>
            <param index="4">
              <value>
                <![CDATA[Standard]]>
              </value>
            </param>
            <param index="5">
              <value>
                <![CDATA[3 - Three]]>
              </value>
            </param>
            <param index="6">
              <value>
                <![CDATA[14/12/2024]]>
              </value>
            </param>
            <param index="7">
              <value>
                <![CDATA[15-12-2024]]>
              </value>
            </param>
            <param index="8">
              <value>
                <![CDATA[2 - Two]]>
              </value>
            </param>
            <param index="9">
              <value>
                <![CDATA[1]]>
              </value>
            </param>
            <param index="10">
              <value>
                <![CDATA[Logu]]>
              </value>
            </param>
            <param index="11">
              <value>
                <![CDATA[P]]>
              </value>
            </param>
            <param index="12">
              <value>
                <![CDATA[2/295,Melbourne]]>
              </value>
            </param>
            <param index="13">
              <value>
                <![CDATA[23456]]>
              </value>
            </param>
            <param index="14">
              <value>
                <![CDATA[VISA]]>
              </value>
            </param>
            <param index="15">
              <value>
                <![CDATA[February]]>
              </value>
            </param>
            <param index="16">
              <value>
                <![CDATA[2030]]>
              </value>
            </param>
            <param index="17">
              <value>
                <![CDATA[456]]>
              </value>
            </param>
          </params>
          <exception class="org.openqa.selenium.NoSuchElementException">
            <message>
              <![CDATA[no such element: Unable to locate element: {"method":"xpath","selector":"//td[contains(text(),'Booking Confirmation ')]"}
  (Session info: MicrosoftEdge=131.0.2903.99)
For documentation on this error, please visit: https://www.selenium.dev/documentation/webdriver/troubleshooting/errors#no-such-element-exception
Build info: version: '4.25.0', revision: '8a8aea2337'
System info: os.name: 'Windows 11', os.arch: 'amd64', os.version: '10.0', java.version: '23'
Driver info: org.openqa.selenium.edge.EdgeDriver
Command: [f5fe9e2801ac51af74232f75b74d8d73, findElement {value=//td[contains(text(),'Booking Confirmation ')], using=xpath}]
Capabilities {acceptInsecureCerts: false, browserName: MicrosoftEdge, browserVersion: 131.0.2903.99, fedcm:accounts: true, ms:edgeOptions: {debuggerAddress: localhost:57575}, msedge: {msedgedriverVersion: 131.0.2903.99 (f96a870b1316..., userDataDir: C:\Users\Asus\AppData\Local...}, networkConnectionEnabled: false, pageLoadStrategy: normal, platformName: windows, proxy: Proxy(), se:cdp: ws://localhost:57575/devtoo..., se:cdpVersion: 131.0.2903.99, setWindowRect: true, strictFileInteractability: false, timeouts: {implicit: 0, pageLoad: 300000, script: 30000}, unhandledPromptBehavior: dismiss and notify, webauthn:extension:credBlob: true, webauthn:extension:largeBlob: true, webauthn:extension:minPinLength: true, webauthn:extension:prf: true, webauthn:virtualAuthenticators: true}
Session ID: f5fe9e2801ac51af74232f75b74d8d73]]>
            </message>
            <full-stacktrace>
              <![CDATA[org.openqa.selenium.NoSuchElementException: no such element: Unable to locate element: {"method":"xpath","selector":"//td[contains(text(),'Booking Confirmation ')]"}
  (Session info: MicrosoftEdge=131.0.2903.99)
For documentation on this error, please visit: https://www.selenium.dev/documentation/webdriver/troubleshooting/errors#no-such-element-exception
Build info: version: '4.25.0', revision: '8a8aea2337'
System info: os.name: 'Windows 11', os.arch: 'amd64', os.version: '10.0', java.version: '23'
Driver info: org.openqa.selenium.edge.EdgeDriver
Command: [f5fe9e2801ac51af74232f75b74d8d73, findElement {value=//td[contains(text(),'Booking Confirmation ')], using=xpath}]
Capabilities {acceptInsecureCerts: false, browserName: MicrosoftEdge, browserVersion: 131.0.2903.99, fedcm:accounts: true, ms:edgeOptions: {debuggerAddress: localhost:57575}, msedge: {msedgedriverVersion: 131.0.2903.99 (f96a870b1316..., userDataDir: C:\Users\Asus\AppData\Local...}, networkConnectionEnabled: false, pageLoadStrategy: normal, platformName: windows, proxy: Proxy(), se:cdp: ws://localhost:57575/devtoo..., se:cdpVersion: 131.0.2903.99, setWindowRect: true, strictFileInteractability: false, timeouts: {implicit: 0, pageLoad: 300000, script: 30000}, unhandledPromptBehavior: dismiss and notify, webauthn:extension:credBlob: true, webauthn:extension:largeBlob: true, webauthn:extension:minPinLength: true, webauthn:extension:prf: true, webauthn:virtualAuthenticators: true}
Session ID: f5fe9e2801ac51af74232f75b74d8d73
at java.base/jdk.internal.reflect.DirectConstructorHandleAccessor.newInstance(DirectConstructorHandleAccessor.java:62)
at java.base/java.lang.reflect.Constructor.newInstanceWithCaller(Constructor.java:501)
at java.base/java.lang.reflect.Constructor.newInstance(Constructor.java:485)
at org.openqa.selenium.remote.ErrorCodec.decode(ErrorCodec.java:167)
at org.openqa.selenium.remote.codec.w3c.W3CHttpResponseCodec.decode(W3CHttpResponseCodec.java:138)
at org.openqa.selenium.remote.codec.w3c.W3CHttpResponseCodec.decode(W3CHttpResponseCodec.java:50)
at org.openqa.selenium.remote.HttpCommandExecutor.execute(HttpCommandExecutor.java:190)
at org.openqa.selenium.remote.service.DriverCommandExecutor.invokeExecute(DriverCommandExecutor.java:216)
at org.openqa.selenium.remote.service.DriverCommandExecutor.execute(DriverCommandExecutor.java:174)
at org.openqa.selenium.remote.RemoteWebDriver.execute(RemoteWebDriver.java:545)
at org.openqa.selenium.remote.ElementLocation$ElementFinder$2.findElement(ElementLocation.java:165)
at org.openqa.selenium.remote.ElementLocation.findElement(ElementLocation.java:59)
at org.openqa.selenium.remote.RemoteWebDriver.findElement(RemoteWebDriver.java:368)
at org.openqa.selenium.remote.RemoteWebDriver.findElement(RemoteWebDriver.java:362)
at pages.BookAHotel.clickBookNow(BookAHotel.java:76)
at test.TC_005_BookAHotelTest.bookAHotelTest(TC_005_BookAHotelTest.java:41)
at java.base/jdk.internal.reflect.DirectMethodHandleAccessor.invoke(DirectMethodHandleAccessor.java:103)
at java.base/java.lang.reflect.Method.invoke(Method.java:580)
at org.testng.internal.MethodInvocationHelper.invokeMethod(MethodInvocationHelper.java:133)
at org.testng.internal.TestInvoker.invokeMethod(TestInvoker.java:598)
at org.testng.internal.TestInvoker.invokeTestMethod(TestInvoker.java:173)
at org.testng.internal.MethodRunner.runInSequence(MethodRunner.java:46)
at org.testng.internal.TestInvoker$MethodInvocationAgent.invoke(TestInvoker.java:824)
at org.testng.internal.TestInvoker.invokeTestMethods(TestInvoker.java:146)
at org.testng.internal.TestMethodWorker.invokeTestMethods(TestMethodWorker.java:146)
at org.testng.internal.TestMethodWorker.run(TestMethodWorker.java:128)
at java.base/java.util.ArrayList.forEach(ArrayList.java:1597)
at org.testng.TestRunner.privateRun(TestRunner.java:794)
at org.testng.TestRunner.run(TestRunner.java:596)
at org.testng.SuiteRunner.runTest(SuiteRunner.java:377)
at org.testng.SuiteRunner.runSequentially(SuiteRunner.java:371)
at org.testng.SuiteRunner.privateRun(SuiteRunner.java:332)
at org.testng.SuiteRunner.run(SuiteRunner.java:276)
at org.testng.SuiteRunnerWorker.runSuite(SuiteRunnerWorker.java:53)
at org.testng.SuiteRunnerWorker.run(SuiteRunnerWorker.java:96)
at org.testng.TestNG.runSuitesSequentially(TestNG.java:1212)
at org.testng.TestNG.runSuitesLocally(TestNG.java:1134)
at org.testng.TestNG.runSuites(TestNG.java:1063)
at org.testng.TestNG.run(TestNG.java:1031)
at org.testng.remote.AbstractRemoteTestNG.run(AbstractRemoteTestNG.java:115)
at org.testng.remote.RemoteTestNG.initAndRun(RemoteTestNG.java:293)
at org.testng.remote.RemoteTestNG.main(RemoteTestNG.java:91)
]]>
            </full-stacktrace>
          </exception> <!-- org.openqa.selenium.NoSuchElementException -->
          <reporter-output>
          </reporter-output>
        </test-method> <!-- bookAHotelTest -->
        <test-method is-config="true" signature="closeBrowser()[pri:0, instance:test.TC_005_BookAHotelTest@ae13544]" started-at="2024-12-17T11:08:44 IST" name="closeBrowser" finished-at="2024-12-17T11:08:44 IST" duration-ms="125" status="PASS">
          <reporter-output>
          </reporter-output>
        </test-method> <!-- closeBrowser -->
      </class> <!-- test.TC_005_BookAHotelTest -->
      <class name="test.TC_007_BookedItineraryTest">
        <test-method is-config="true" signature="data()[pri:0, instance:test.TC_007_BookedItineraryTest@7dc0f706]" started-at="2024-12-17T11:04:04 IST" name="data" finished-at="2024-12-17T11:04:04 IST" duration-ms="0" status="PASS">
          <reporter-output>
          </reporter-output>
        </test-method> <!-- data -->
        <test-method is-config="true" signature="details()[pri:0, instance:test.TC_007_BookedItineraryTest@7dc0f706]" started-at="2024-12-17T11:09:10 IST" name="details" finished-at="2024-12-17T11:09:10 IST" duration-ms="0" status="PASS">
          <reporter-output>
          </reporter-output>
        </test-method> <!-- details -->
        <test-method is-config="true" signature="LaunchAndLoadURL(java.lang.String)[pri:0, instance:test.TC_007_BookedItineraryTest@7dc0f706]" started-at="2024-12-17T11:09:10 IST" name="LaunchAndLoadURL" finished-at="2024-12-17T11:09:14 IST" duration-ms="4582" status="PASS">
          <params>
            <param index="0">
              <value>
                <![CDATA[edge]]>
              </value>
            </param>
          </params>
          <reporter-output>
          </reporter-output>
        </test-method> <!-- LaunchAndLoadURL -->
        <test-method signature="bookedItineraryTest(java.lang.String,java.lang.String,java.lang.String,java.lang.String,java.lang.String,java.lang.String,java.lang.String,java.lang.String,java.lang.String,java.lang.String,java.lang.String,java.lang.String,java.lang.String,java.lang.String,java.lang.String,java.lang.String,java.lang.String,java.lang.String)[pri:0, instance:test.TC_007_BookedItineraryTest@7dc0f706]" started-at="2024-12-17T11:09:14 IST" name="bookedItineraryTest" data-provider="excelRead" finished-at="2024-12-17T11:09:35 IST" duration-ms="20395" status="PASS">
          <params>
            <param index="0">
              <value>
                <![CDATA[Loganayaki]]>
              </value>
            </param>
            <param index="1">
              <value>
                <![CDATA[Logi@1234]]>
              </value>
            </param>
            <param index="2">
              <value>
                <![CDATA[Sydney]]>
              </value>
            </param>
            <param index="3">
              <value>
                <![CDATA[Hotel Creek]]>
              </value>
            </param>
            <param index="4">
              <value>
                <![CDATA[Standard]]>
              </value>
            </param>
            <param index="5">
              <value>
                <![CDATA[2 - Two]]>
              </value>
            </param>
            <param index="6">
              <value>
                <![CDATA[16/12/2024]]>
              </value>
            </param>
            <param index="7">
              <value>
                <![CDATA[15-12-2024]]>
              </value>
            </param>
            <param index="8">
              <value>
                <![CDATA[2 - Two]]>
              </value>
            </param>
            <param index="9">
              <value>
                <![CDATA[1]]>
              </value>
            </param>
            <param index="10">
              <value>
                <![CDATA[LOGANAYAKI]]>
              </value>
            </param>
            <param index="11">
              <value>
                <![CDATA[P]]>
              </value>
            </param>
            <param index="12">
              <value>
                <![CDATA[2/295,Sydney]]>
              </value>
            </param>
            <param index="13">
              <value>
                <![CDATA[1234567890987650]]>
              </value>
            </param>
            <param index="14">
              <value>
                <![CDATA[AMEX]]>
              </value>
            </param>
            <param index="15">
              <value>
                <![CDATA[January]]>
              </value>
            </param>
            <param index="16">
              <value>
                <![CDATA[2030]]>
              </value>
            </param>
            <param index="17">
              <value>
                <![CDATA[234]]>
              </value>
            </param>
          </params>
          <reporter-output>
          </reporter-output>
        </test-method> <!-- bookedItineraryTest -->
        <test-method is-config="true" signature="closeBrowser()[pri:0, instance:test.TC_007_BookedItineraryTest@7dc0f706]" started-at="2024-12-17T11:09:35 IST" name="closeBrowser" finished-at="2024-12-17T11:09:35 IST" duration-ms="219" status="PASS">
          <reporter-output>
          </reporter-output>
        </test-method> <!-- closeBrowser -->
      </class> <!-- test.TC_007_BookedItineraryTest -->
      <class name="test.TC_002_LoginTest">
        <test-method is-config="true" signature="data()[pri:0, instance:test.TC_002_LoginTest@2002fc1d]" started-at="2024-12-17T11:04:04 IST" name="data" finished-at="2024-12-17T11:04:04 IST" duration-ms="0" status="PASS">
          <reporter-output>
          </reporter-output>
        </test-method> <!-- data -->
        <test-method is-config="true" signature="details()[pri:0, instance:test.TC_002_LoginTest@2002fc1d]" started-at="2024-12-17T11:04:17 IST" name="details" finished-at="2024-12-17T11:04:17 IST" duration-ms="1" status="PASS">
          <reporter-output>
          </reporter-output>
        </test-method> <!-- details -->
        <test-method is-config="true" signature="LaunchAndLoadURL(java.lang.String)[pri:0, instance:test.TC_002_LoginTest@2002fc1d]" started-at="2024-12-17T11:04:17 IST" name="LaunchAndLoadURL" finished-at="2024-12-17T11:04:22 IST" duration-ms="4723" status="PASS">
          <params>
            <param index="0">
              <value>
                <![CDATA[edge]]>
              </value>
            </param>
          </params>
          <reporter-output>
          </reporter-output>
        </test-method> <!-- LaunchAndLoadURL -->
        <test-method signature="loginTest(java.lang.String,java.lang.String)[pri:0, instance:test.TC_002_LoginTest@2002fc1d]" started-at="2024-12-17T11:04:22 IST" name="loginTest" data-provider="excelRead" finished-at="2024-12-17T11:04:33 IST" duration-ms="10917" status="PASS">
          <params>
            <param index="0">
              <value>
                <![CDATA[Loganayaki]]>
              </value>
            </param>
            <param index="1">
              <value>
                <![CDATA[Logi@1234]]>
              </value>
            </param>
          </params>
          <reporter-output>
          </reporter-output>
        </test-method> <!-- loginTest -->
        <test-method is-config="true" signature="closeBrowser()[pri:0, instance:test.TC_002_LoginTest@2002fc1d]" started-at="2024-12-17T11:04:33 IST" name="closeBrowser" finished-at="2024-12-17T11:04:33 IST" duration-ms="234" status="PASS">
          <reporter-output>
          </reporter-output>
        </test-method> <!-- closeBrowser -->
        <test-method is-config="true" signature="LaunchAndLoadURL(java.lang.String)[pri:0, instance:test.TC_002_LoginTest@2002fc1d]" started-at="2024-12-17T11:04:33 IST" name="LaunchAndLoadURL" finished-at="2024-12-17T11:04:38 IST" duration-ms="4592" status="PASS">
          <params>
            <param index="0">
              <value>
                <![CDATA[edge]]>
              </value>
            </param>
          </params>
          <reporter-output>
          </reporter-output>
        </test-method> <!-- LaunchAndLoadURL -->
        <test-method signature="loginTest(java.lang.String,java.lang.String)[pri:0, instance:test.TC_002_LoginTest@2002fc1d]" started-at="2024-12-17T11:04:38 IST" name="loginTest" data-provider="excelRead" finished-at="2024-12-17T11:04:48 IST" duration-ms="10932" status="PASS">
          <params>
            <param index="0">
              <value>
                <![CDATA[Loganayaki]]>
              </value>
            </param>
            <param index="1">
              <value>
                <![CDATA[Logi@1234]]>
              </value>
            </param>
          </params>
          <reporter-output>
          </reporter-output>
        </test-method> <!-- loginTest -->
        <test-method is-config="true" signature="closeBrowser()[pri:0, instance:test.TC_002_LoginTest@2002fc1d]" started-at="2024-12-17T11:04:48 IST" name="closeBrowser" finished-at="2024-12-17T11:04:49 IST" duration-ms="125" status="PASS">
          <reporter-output>
          </reporter-output>
        </test-method> <!-- closeBrowser -->
        <test-method is-config="true" signature="LaunchAndLoadURL(java.lang.String)[pri:0, instance:test.TC_002_LoginTest@2002fc1d]" started-at="2024-12-17T11:04:49 IST" name="LaunchAndLoadURL" finished-at="2024-12-17T11:04:53 IST" duration-ms="4611" status="PASS">
          <params>
            <param index="0">
              <value>
                <![CDATA[edge]]>
              </value>
            </param>
          </params>
          <reporter-output>
          </reporter-output>
        </test-method> <!-- LaunchAndLoadURL -->
        <test-method signature="loginTest(java.lang.String,java.lang.String)[pri:0, instance:test.TC_002_LoginTest@2002fc1d]" started-at="2024-12-17T11:04:53 IST" name="loginTest" data-provider="excelRead" finished-at="2024-12-17T11:05:14 IST" duration-ms="20444" status="FAIL">
          <params>
            <param index="0">
              <value>
                <![CDATA[Loganayak]]>
              </value>
            </param>
            <param index="1">
              <value>
                <![CDATA[Happ2024]]>
              </value>
            </param>
          </params>
          <exception class="org.openqa.selenium.NoSuchElementException">
            <message>
              <![CDATA[no such element: Unable to locate element: {"method":"xpath","selector":"//input[contains(@value,'Hello Loganayaki!')]"}
  (Session info: MicrosoftEdge=131.0.2903.99)
For documentation on this error, please visit: https://www.selenium.dev/documentation/webdriver/troubleshooting/errors#no-such-element-exception
Build info: version: '4.25.0', revision: '8a8aea2337'
System info: os.name: 'Windows 11', os.arch: 'amd64', os.version: '10.0', java.version: '23'
Driver info: org.openqa.selenium.edge.EdgeDriver
Command: [03c9071254f7592485a2a2464faaa414, findElement {value=//input[contains(@value,'Hello Loganayaki!')], using=xpath}]
Capabilities {acceptInsecureCerts: false, browserName: MicrosoftEdge, browserVersion: 131.0.2903.99, fedcm:accounts: true, ms:edgeOptions: {debuggerAddress: localhost:57129}, msedge: {msedgedriverVersion: 131.0.2903.99 (f96a870b1316..., userDataDir: C:\Users\Asus\AppData\Local...}, networkConnectionEnabled: false, pageLoadStrategy: normal, platformName: windows, proxy: Proxy(), se:cdp: ws://localhost:57129/devtoo..., se:cdpVersion: 131.0.2903.99, setWindowRect: true, strictFileInteractability: false, timeouts: {implicit: 0, pageLoad: 300000, script: 30000}, unhandledPromptBehavior: dismiss and notify, webauthn:extension:credBlob: true, webauthn:extension:largeBlob: true, webauthn:extension:minPinLength: true, webauthn:extension:prf: true, webauthn:virtualAuthenticators: true}
Session ID: 03c9071254f7592485a2a2464faaa414]]>
            </message>
            <full-stacktrace>
              <![CDATA[org.openqa.selenium.NoSuchElementException: no such element: Unable to locate element: {"method":"xpath","selector":"//input[contains(@value,'Hello Loganayaki!')]"}
  (Session info: MicrosoftEdge=131.0.2903.99)
For documentation on this error, please visit: https://www.selenium.dev/documentation/webdriver/troubleshooting/errors#no-such-element-exception
Build info: version: '4.25.0', revision: '8a8aea2337'
System info: os.name: 'Windows 11', os.arch: 'amd64', os.version: '10.0', java.version: '23'
Driver info: org.openqa.selenium.edge.EdgeDriver
Command: [03c9071254f7592485a2a2464faaa414, findElement {value=//input[contains(@value,'Hello Loganayaki!')], using=xpath}]
Capabilities {acceptInsecureCerts: false, browserName: MicrosoftEdge, browserVersion: 131.0.2903.99, fedcm:accounts: true, ms:edgeOptions: {debuggerAddress: localhost:57129}, msedge: {msedgedriverVersion: 131.0.2903.99 (f96a870b1316..., userDataDir: C:\Users\Asus\AppData\Local...}, networkConnectionEnabled: false, pageLoadStrategy: normal, platformName: windows, proxy: Proxy(), se:cdp: ws://localhost:57129/devtoo..., se:cdpVersion: 131.0.2903.99, setWindowRect: true, strictFileInteractability: false, timeouts: {implicit: 0, pageLoad: 300000, script: 30000}, unhandledPromptBehavior: dismiss and notify, webauthn:extension:credBlob: true, webauthn:extension:largeBlob: true, webauthn:extension:minPinLength: true, webauthn:extension:prf: true, webauthn:virtualAuthenticators: true}
Session ID: 03c9071254f7592485a2a2464faaa414
at java.base/jdk.internal.reflect.DirectConstructorHandleAccessor.newInstance(DirectConstructorHandleAccessor.java:62)
at java.base/java.lang.reflect.Constructor.newInstanceWithCaller(Constructor.java:501)
at java.base/java.lang.reflect.Constructor.newInstance(Constructor.java:485)
at org.openqa.selenium.remote.ErrorCodec.decode(ErrorCodec.java:167)
at org.openqa.selenium.remote.codec.w3c.W3CHttpResponseCodec.decode(W3CHttpResponseCodec.java:138)
at org.openqa.selenium.remote.codec.w3c.W3CHttpResponseCodec.decode(W3CHttpResponseCodec.java:50)
at org.openqa.selenium.remote.HttpCommandExecutor.execute(HttpCommandExecutor.java:190)
at org.openqa.selenium.remote.service.DriverCommandExecutor.invokeExecute(DriverCommandExecutor.java:216)
at org.openqa.selenium.remote.service.DriverCommandExecutor.execute(DriverCommandExecutor.java:174)
at org.openqa.selenium.remote.RemoteWebDriver.execute(RemoteWebDriver.java:545)
at org.openqa.selenium.remote.ElementLocation$ElementFinder$2.findElement(ElementLocation.java:165)
at org.openqa.selenium.remote.ElementLocation.findElement(ElementLocation.java:59)
at org.openqa.selenium.remote.RemoteWebDriver.findElement(RemoteWebDriver.java:368)
at org.openqa.selenium.remote.RemoteWebDriver.findElement(RemoteWebDriver.java:362)
at pages.LoginPage.clickLoginButton(LoginPage.java:31)
at test.TC_002_LoginTest.loginTest(TC_002_LoginTest.java:33)
at java.base/jdk.internal.reflect.DirectMethodHandleAccessor.invoke(DirectMethodHandleAccessor.java:103)
at java.base/java.lang.reflect.Method.invoke(Method.java:580)
at org.testng.internal.MethodInvocationHelper.invokeMethod(MethodInvocationHelper.java:133)
at org.testng.internal.TestInvoker.invokeMethod(TestInvoker.java:598)
at org.testng.internal.TestInvoker.invokeTestMethod(TestInvoker.java:173)
at org.testng.internal.MethodRunner.runInSequence(MethodRunner.java:46)
at org.testng.internal.TestInvoker$MethodInvocationAgent.invoke(TestInvoker.java:824)
at org.testng.internal.TestInvoker.invokeTestMethods(TestInvoker.java:146)
at org.testng.internal.TestMethodWorker.invokeTestMethods(TestMethodWorker.java:146)
at org.testng.internal.TestMethodWorker.run(TestMethodWorker.java:128)
at java.base/java.util.ArrayList.forEach(ArrayList.java:1597)
at org.testng.TestRunner.privateRun(TestRunner.java:794)
at org.testng.TestRunner.run(TestRunner.java:596)
at org.testng.SuiteRunner.runTest(SuiteRunner.java:377)
at org.testng.SuiteRunner.runSequentially(SuiteRunner.java:371)
at org.testng.SuiteRunner.privateRun(SuiteRunner.java:332)
at org.testng.SuiteRunner.run(SuiteRunner.java:276)
at org.testng.SuiteRunnerWorker.runSuite(SuiteRunnerWorker.java:53)
at org.testng.SuiteRunnerWorker.run(SuiteRunnerWorker.java:96)
at org.testng.TestNG.runSuitesSequentially(TestNG.java:1212)
at org.testng.TestNG.runSuitesLocally(TestNG.java:1134)
at org.testng.TestNG.runSuites(TestNG.java:1063)
at org.testng.TestNG.run(TestNG.java:1031)
at org.testng.remote.AbstractRemoteTestNG.run(AbstractRemoteTestNG.java:115)
at org.testng.remote.RemoteTestNG.initAndRun(RemoteTestNG.java:293)
at org.testng.remote.RemoteTestNG.main(RemoteTestNG.java:91)
]]>
            </full-stacktrace>
          </exception> <!-- org.openqa.selenium.NoSuchElementException -->
          <reporter-output>
          </reporter-output>
        </test-method> <!-- loginTest -->
        <test-method is-config="true" signature="closeBrowser()[pri:0, instance:test.TC_002_LoginTest@2002fc1d]" started-at="2024-12-17T11:05:14 IST" name="closeBrowser" finished-at="2024-12-17T11:05:14 IST" duration-ms="109" status="PASS">
          <reporter-output>
          </reporter-output>
        </test-method> <!-- closeBrowser -->
        <test-method is-config="true" signature="LaunchAndLoadURL(java.lang.String)[pri:0, instance:test.TC_002_LoginTest@2002fc1d]" started-at="2024-12-17T11:05:14 IST" name="LaunchAndLoadURL" finished-at="2024-12-17T11:05:18 IST" duration-ms="4535" status="PASS">
          <params>
            <param index="0">
              <value>
                <![CDATA[edge]]>
              </value>
            </param>
          </params>
          <reporter-output>
          </reporter-output>
        </test-method> <!-- LaunchAndLoadURL -->
        <test-method signature="loginTest(java.lang.String,java.lang.String)[pri:0, instance:test.TC_002_LoginTest@2002fc1d]" started-at="2024-12-17T11:05:18 IST" name="loginTest" data-provider="excelRead" finished-at="2024-12-17T11:05:39 IST" duration-ms="20434" status="FAIL">
          <params>
            <param index="0">
              <value>
                <![CDATA[Loganyaki]]>
              </value>
            </param>
            <param index="1">
              <value>
                <![CDATA[Happ202]]>
              </value>
            </param>
          </params>
          <exception class="org.openqa.selenium.NoSuchElementException">
            <message>
              <![CDATA[no such element: Unable to locate element: {"method":"xpath","selector":"//input[contains(@value,'Hello Loganayaki!')]"}
  (Session info: MicrosoftEdge=131.0.2903.99)
For documentation on this error, please visit: https://www.selenium.dev/documentation/webdriver/troubleshooting/errors#no-such-element-exception
Build info: version: '4.25.0', revision: '8a8aea2337'
System info: os.name: 'Windows 11', os.arch: 'amd64', os.version: '10.0', java.version: '23'
Driver info: org.openqa.selenium.edge.EdgeDriver
Command: [f3d635f5488166062a3aabc194a2e8f7, findElement {value=//input[contains(@value,'Hello Loganayaki!')], using=xpath}]
Capabilities {acceptInsecureCerts: false, browserName: MicrosoftEdge, browserVersion: 131.0.2903.99, fedcm:accounts: true, ms:edgeOptions: {debuggerAddress: localhost:57168}, msedge: {msedgedriverVersion: 131.0.2903.99 (f96a870b1316..., userDataDir: C:\Users\Asus\AppData\Local...}, networkConnectionEnabled: false, pageLoadStrategy: normal, platformName: windows, proxy: Proxy(), se:cdp: ws://localhost:57168/devtoo..., se:cdpVersion: 131.0.2903.99, setWindowRect: true, strictFileInteractability: false, timeouts: {implicit: 0, pageLoad: 300000, script: 30000}, unhandledPromptBehavior: dismiss and notify, webauthn:extension:credBlob: true, webauthn:extension:largeBlob: true, webauthn:extension:minPinLength: true, webauthn:extension:prf: true, webauthn:virtualAuthenticators: true}
Session ID: f3d635f5488166062a3aabc194a2e8f7]]>
            </message>
            <full-stacktrace>
              <![CDATA[org.openqa.selenium.NoSuchElementException: no such element: Unable to locate element: {"method":"xpath","selector":"//input[contains(@value,'Hello Loganayaki!')]"}
  (Session info: MicrosoftEdge=131.0.2903.99)
For documentation on this error, please visit: https://www.selenium.dev/documentation/webdriver/troubleshooting/errors#no-such-element-exception
Build info: version: '4.25.0', revision: '8a8aea2337'
System info: os.name: 'Windows 11', os.arch: 'amd64', os.version: '10.0', java.version: '23'
Driver info: org.openqa.selenium.edge.EdgeDriver
Command: [f3d635f5488166062a3aabc194a2e8f7, findElement {value=//input[contains(@value,'Hello Loganayaki!')], using=xpath}]
Capabilities {acceptInsecureCerts: false, browserName: MicrosoftEdge, browserVersion: 131.0.2903.99, fedcm:accounts: true, ms:edgeOptions: {debuggerAddress: localhost:57168}, msedge: {msedgedriverVersion: 131.0.2903.99 (f96a870b1316..., userDataDir: C:\Users\Asus\AppData\Local...}, networkConnectionEnabled: false, pageLoadStrategy: normal, platformName: windows, proxy: Proxy(), se:cdp: ws://localhost:57168/devtoo..., se:cdpVersion: 131.0.2903.99, setWindowRect: true, strictFileInteractability: false, timeouts: {implicit: 0, pageLoad: 300000, script: 30000}, unhandledPromptBehavior: dismiss and notify, webauthn:extension:credBlob: true, webauthn:extension:largeBlob: true, webauthn:extension:minPinLength: true, webauthn:extension:prf: true, webauthn:virtualAuthenticators: true}
Session ID: f3d635f5488166062a3aabc194a2e8f7
at java.base/jdk.internal.reflect.DirectConstructorHandleAccessor.newInstance(DirectConstructorHandleAccessor.java:62)
at java.base/java.lang.reflect.Constructor.newInstanceWithCaller(Constructor.java:501)
at java.base/java.lang.reflect.Constructor.newInstance(Constructor.java:485)
at org.openqa.selenium.remote.ErrorCodec.decode(ErrorCodec.java:167)
at org.openqa.selenium.remote.codec.w3c.W3CHttpResponseCodec.decode(W3CHttpResponseCodec.java:138)
at org.openqa.selenium.remote.codec.w3c.W3CHttpResponseCodec.decode(W3CHttpResponseCodec.java:50)
at org.openqa.selenium.remote.HttpCommandExecutor.execute(HttpCommandExecutor.java:190)
at org.openqa.selenium.remote.service.DriverCommandExecutor.invokeExecute(DriverCommandExecutor.java:216)
at org.openqa.selenium.remote.service.DriverCommandExecutor.execute(DriverCommandExecutor.java:174)
at org.openqa.selenium.remote.RemoteWebDriver.execute(RemoteWebDriver.java:545)
at org.openqa.selenium.remote.ElementLocation$ElementFinder$2.findElement(ElementLocation.java:165)
at org.openqa.selenium.remote.ElementLocation.findElement(ElementLocation.java:59)
at org.openqa.selenium.remote.RemoteWebDriver.findElement(RemoteWebDriver.java:368)
at org.openqa.selenium.remote.RemoteWebDriver.findElement(RemoteWebDriver.java:362)
at pages.LoginPage.clickLoginButton(LoginPage.java:31)
at test.TC_002_LoginTest.loginTest(TC_002_LoginTest.java:33)
at java.base/jdk.internal.reflect.DirectMethodHandleAccessor.invoke(DirectMethodHandleAccessor.java:103)
at java.base/java.lang.reflect.Method.invoke(Method.java:580)
at org.testng.internal.MethodInvocationHelper.invokeMethod(MethodInvocationHelper.java:133)
at org.testng.internal.TestInvoker.invokeMethod(TestInvoker.java:598)
at org.testng.internal.TestInvoker.invokeTestMethod(TestInvoker.java:173)
at org.testng.internal.MethodRunner.runInSequence(MethodRunner.java:46)
at org.testng.internal.TestInvoker$MethodInvocationAgent.invoke(TestInvoker.java:824)
at org.testng.internal.TestInvoker.invokeTestMethods(TestInvoker.java:146)
at org.testng.internal.TestMethodWorker.invokeTestMethods(TestMethodWorker.java:146)
at org.testng.internal.TestMethodWorker.run(TestMethodWorker.java:128)
at java.base/java.util.ArrayList.forEach(ArrayList.java:1597)
at org.testng.TestRunner.privateRun(TestRunner.java:794)
at org.testng.TestRunner.run(TestRunner.java:596)
at org.testng.SuiteRunner.runTest(SuiteRunner.java:377)
at org.testng.SuiteRunner.runSequentially(SuiteRunner.java:371)
at org.testng.SuiteRunner.privateRun(SuiteRunner.java:332)
at org.testng.SuiteRunner.run(SuiteRunner.java:276)
at org.testng.SuiteRunnerWorker.runSuite(SuiteRunnerWorker.java:53)
at org.testng.SuiteRunnerWorker.run(SuiteRunnerWorker.java:96)
at org.testng.TestNG.runSuitesSequentially(TestNG.java:1212)
at org.testng.TestNG.runSuitesLocally(TestNG.java:1134)
at org.testng.TestNG.runSuites(TestNG.java:1063)
at org.testng.TestNG.run(TestNG.java:1031)
at org.testng.remote.AbstractRemoteTestNG.run(AbstractRemoteTestNG.java:115)
at org.testng.remote.RemoteTestNG.initAndRun(RemoteTestNG.java:293)
at org.testng.remote.RemoteTestNG.main(RemoteTestNG.java:91)
]]>
            </full-stacktrace>
          </exception> <!-- org.openqa.selenium.NoSuchElementException -->
          <reporter-output>
          </reporter-output>
        </test-method> <!-- loginTest -->
        <test-method is-config="true" signature="closeBrowser()[pri:0, instance:test.TC_002_LoginTest@2002fc1d]" started-at="2024-12-17T11:05:39 IST" name="closeBrowser" finished-at="2024-12-17T11:05:39 IST" duration-ms="110" status="PASS">
          <reporter-output>
          </reporter-output>
        </test-method> <!-- closeBrowser -->
      </class> <!-- test.TC_002_LoginTest -->
      <class name="test.TC_003_SearchHotelTest">
        <test-method is-config="true" signature="data()[pri:0, instance:test.TC_003_SearchHotelTest@69453e37]" started-at="2024-12-17T11:04:04 IST" name="data" finished-at="2024-12-17T11:04:04 IST" duration-ms="0" status="PASS">
          <reporter-output>
          </reporter-output>
        </test-method> <!-- data -->
        <test-method is-config="true" signature="details()[pri:0, instance:test.TC_003_SearchHotelTest@69453e37]" started-at="2024-12-17T11:05:39 IST" name="details" finished-at="2024-12-17T11:05:39 IST" duration-ms="0" status="PASS">
          <reporter-output>
          </reporter-output>
        </test-method> <!-- details -->
        <test-method is-config="true" signature="LaunchAndLoadURL(java.lang.String)[pri:0, instance:test.TC_003_SearchHotelTest@69453e37]" started-at="2024-12-17T11:05:39 IST" name="LaunchAndLoadURL" finished-at="2024-12-17T11:05:44 IST" duration-ms="4602" status="PASS">
          <params>
            <param index="0">
              <value>
                <![CDATA[edge]]>
              </value>
            </param>
          </params>
          <reporter-output>
          </reporter-output>
        </test-method> <!-- LaunchAndLoadURL -->
        <test-method signature="searchHotelTest(java.lang.String,java.lang.String,java.lang.String,java.lang.String,java.lang.String,java.lang.String,java.lang.String,java.lang.String,java.lang.String,java.lang.String)[pri:0, instance:test.TC_003_SearchHotelTest@69453e37]" started-at="2024-12-17T11:05:44 IST" name="searchHotelTest" data-provider="excelRead" finished-at="2024-12-17T11:05:51 IST" duration-ms="6822" status="PASS">
          <params>
            <param index="0">
              <value>
                <![CDATA[Loganayaki]]>
              </value>
            </param>
            <param index="1">
              <value>
                <![CDATA[Logi@1234]]>
              </value>
            </param>
            <param index="2">
              <value>
                <![CDATA[Sydney]]>
              </value>
            </param>
            <param index="3">
              <value>
                <![CDATA[Hotel Creek]]>
              </value>
            </param>
            <param index="4">
              <value>
                <![CDATA[Standard]]>
              </value>
            </param>
            <param index="5">
              <value>
                <![CDATA[7 - Seven]]>
              </value>
            </param>
            <param index="6">
              <value>
                <![CDATA[14-12-2024]]>
              </value>
            </param>
            <param index="7">
              <value>
                <![CDATA[15-12-2024]]>
              </value>
            </param>
            <param index="8">
              <value>
                <![CDATA[3 - Three]]>
              </value>
            </param>
            <param index="9">
              <value>
                <![CDATA[4]]>
              </value>
            </param>
          </params>
          <reporter-output>
          </reporter-output>
        </test-method> <!-- searchHotelTest -->
        <test-method is-config="true" signature="closeBrowser()[pri:0, instance:test.TC_003_SearchHotelTest@69453e37]" started-at="2024-12-17T11:05:51 IST" name="closeBrowser" finished-at="2024-12-17T11:05:51 IST" duration-ms="139" status="PASS">
          <reporter-output>
          </reporter-output>
        </test-method> <!-- closeBrowser -->
        <test-method is-config="true" signature="LaunchAndLoadURL(java.lang.String)[pri:0, instance:test.TC_003_SearchHotelTest@69453e37]" started-at="2024-12-17T11:05:51 IST" name="LaunchAndLoadURL" finished-at="2024-12-17T11:05:55 IST" duration-ms="4544" status="PASS">
          <params>
            <param index="0">
              <value>
                <![CDATA[edge]]>
              </value>
            </param>
          </params>
          <reporter-output>
          </reporter-output>
        </test-method> <!-- LaunchAndLoadURL -->
        <test-method signature="searchHotelTest(java.lang.String,java.lang.String,java.lang.String,java.lang.String,java.lang.String,java.lang.String,java.lang.String,java.lang.String,java.lang.String,java.lang.String)[pri:0, instance:test.TC_003_SearchHotelTest@69453e37]" started-at="2024-12-17T11:05:55 IST" name="searchHotelTest" data-provider="excelRead" finished-at="2024-12-17T11:06:02 IST" duration-ms="6779" status="PASS">
          <params>
            <param index="0">
              <value>
                <![CDATA[Loganayaki]]>
              </value>
            </param>
            <param index="1">
              <value>
                <![CDATA[Logi@1234]]>
              </value>
            </param>
            <param index="2">
              <value>
                <![CDATA[Melbourne]]>
              </value>
            </param>
            <param index="3">
              <value>
                <![CDATA[Hotel Sunshine]]>
              </value>
            </param>
            <param index="4">
              <value>
                <![CDATA[Standard]]>
              </value>
            </param>
            <param index="5">
              <value>
                <![CDATA[7 - Seven]]>
              </value>
            </param>
            <param index="6">
              <value>
                <![CDATA[14-12-2024]]>
              </value>
            </param>
            <param index="7">
              <value>
                <![CDATA[15-12-2024]]>
              </value>
            </param>
            <param index="8">
              <value>
                <![CDATA[3 - Three]]>
              </value>
            </param>
            <param index="9">
              <value>
                <![CDATA[4]]>
              </value>
            </param>
          </params>
          <reporter-output>
          </reporter-output>
        </test-method> <!-- searchHotelTest -->
        <test-method is-config="true" signature="closeBrowser()[pri:0, instance:test.TC_003_SearchHotelTest@69453e37]" started-at="2024-12-17T11:06:02 IST" name="closeBrowser" finished-at="2024-12-17T11:06:02 IST" duration-ms="110" status="PASS">
          <reporter-output>
          </reporter-output>
        </test-method> <!-- closeBrowser -->
        <test-method is-config="true" signature="LaunchAndLoadURL(java.lang.String)[pri:0, instance:test.TC_003_SearchHotelTest@69453e37]" started-at="2024-12-17T11:06:02 IST" name="LaunchAndLoadURL" finished-at="2024-12-17T11:06:07 IST" duration-ms="4772" status="PASS">
          <params>
            <param index="0">
              <value>
                <![CDATA[edge]]>
              </value>
            </param>
          </params>
          <reporter-output>
          </reporter-output>
        </test-method> <!-- LaunchAndLoadURL -->
        <test-method signature="searchHotelTest(java.lang.String,java.lang.String,java.lang.String,java.lang.String,java.lang.String,java.lang.String,java.lang.String,java.lang.String,java.lang.String,java.lang.String)[pri:0, instance:test.TC_003_SearchHotelTest@69453e37]" started-at="2024-12-17T11:06:07 IST" name="searchHotelTest" data-provider="excelRead" finished-at="2024-12-17T11:06:14 IST" duration-ms="6887" status="PASS">
          <params>
            <param index="0">
              <value>
                <![CDATA[Loganayaki]]>
              </value>
            </param>
            <param index="1">
              <value>
                <![CDATA[Logi@1234]]>
              </value>
            </param>
            <param index="2">
              <value>
                <![CDATA[London]]>
              </value>
            </param>
            <param index="3">
              <value>
                <![CDATA[Hotel Hervey]]>
              </value>
            </param>
            <param index="4">
              <value>
                <![CDATA[Double]]>
              </value>
            </param>
            <param index="5">
              <value>
                <![CDATA[7 - Seven]]>
              </value>
            </param>
            <param index="6">
              <value>
                <![CDATA[14-12-2024]]>
              </value>
            </param>
            <param index="7">
              <value>
                <![CDATA[15-12-2024]]>
              </value>
            </param>
            <param index="8">
              <value>
                <![CDATA[3 - Three]]>
              </value>
            </param>
            <param index="9">
              <value>
                <![CDATA[4]]>
              </value>
            </param>
          </params>
          <reporter-output>
          </reporter-output>
        </test-method> <!-- searchHotelTest -->
        <test-method is-config="true" signature="closeBrowser()[pri:0, instance:test.TC_003_SearchHotelTest@69453e37]" started-at="2024-12-17T11:06:14 IST" name="closeBrowser" finished-at="2024-12-17T11:06:14 IST" duration-ms="182" status="PASS">
          <reporter-output>
          </reporter-output>
        </test-method> <!-- closeBrowser -->
        <test-method is-config="true" signature="LaunchAndLoadURL(java.lang.String)[pri:0, instance:test.TC_003_SearchHotelTest@69453e37]" started-at="2024-12-17T11:06:14 IST" name="LaunchAndLoadURL" finished-at="2024-12-17T11:06:19 IST" duration-ms="4567" status="PASS">
          <params>
            <param index="0">
              <value>
                <![CDATA[edge]]>
              </value>
            </param>
          </params>
          <reporter-output>
          </reporter-output>
        </test-method> <!-- LaunchAndLoadURL -->
        <test-method signature="searchHotelTest(java.lang.String,java.lang.String,java.lang.String,java.lang.String,java.lang.String,java.lang.String,java.lang.String,java.lang.String,java.lang.String,java.lang.String)[pri:0, instance:test.TC_003_SearchHotelTest@69453e37]" started-at="2024-12-17T11:06:19 IST" name="searchHotelTest" data-provider="excelRead" finished-at="2024-12-17T11:06:26 IST" duration-ms="7155" status="PASS">
          <params>
            <param index="0">
              <value>
                <![CDATA[Loganayaki]]>
              </value>
            </param>
            <param index="1">
              <value>
                <![CDATA[Logi@1234]]>
              </value>
            </param>
            <param index="2">
              <value>
                <![CDATA[New York]]>
              </value>
            </param>
            <param index="3">
              <value>
                <![CDATA[Hotel Cornice]]>
              </value>
            </param>
            <param index="4">
              <value>
                <![CDATA[Double]]>
              </value>
            </param>
            <param index="5">
              <value>
                <![CDATA[7 - Seven]]>
              </value>
            </param>
            <param index="6">
              <value>
                <![CDATA[14-12-2024]]>
              </value>
            </param>
            <param index="7">
              <value>
                <![CDATA[15-12-2024]]>
              </value>
            </param>
            <param index="8">
              <value>
                <![CDATA[3 - Three]]>
              </value>
            </param>
            <param index="9">
              <value>
                <![CDATA[4]]>
              </value>
            </param>
          </params>
          <reporter-output>
          </reporter-output>
        </test-method> <!-- searchHotelTest -->
        <test-method is-config="true" signature="closeBrowser()[pri:0, instance:test.TC_003_SearchHotelTest@69453e37]" started-at="2024-12-17T11:06:26 IST" name="closeBrowser" finished-at="2024-12-17T11:06:26 IST" duration-ms="219" status="PASS">
          <reporter-output>
          </reporter-output>
        </test-method> <!-- closeBrowser -->
        <test-method is-config="true" signature="LaunchAndLoadURL(java.lang.String)[pri:0, instance:test.TC_003_SearchHotelTest@69453e37]" started-at="2024-12-17T11:06:26 IST" name="LaunchAndLoadURL" finished-at="2024-12-17T11:06:31 IST" duration-ms="4542" status="PASS">
          <params>
            <param index="0">
              <value>
                <![CDATA[edge]]>
              </value>
            </param>
          </params>
          <reporter-output>
          </reporter-output>
        </test-method> <!-- LaunchAndLoadURL -->
        <test-method signature="searchHotelTest(java.lang.String,java.lang.String,java.lang.String,java.lang.String,java.lang.String,java.lang.String,java.lang.String,java.lang.String,java.lang.String,java.lang.String)[pri:0, instance:test.TC_003_SearchHotelTest@69453e37]" started-at="2024-12-17T11:06:31 IST" name="searchHotelTest" data-provider="excelRead" finished-at="2024-12-17T11:06:37 IST" duration-ms="6945" status="PASS">
          <params>
            <param index="0">
              <value>
                <![CDATA[Loganayaki]]>
              </value>
            </param>
            <param index="1">
              <value>
                <![CDATA[Logi@1234]]>
              </value>
            </param>
            <param index="2">
              <value>
                <![CDATA[Brisbane]]>
              </value>
            </param>
            <param index="3">
              <value>
                <![CDATA[Hotel Hervey]]>
              </value>
            </param>
            <param index="4">
              <value>
                <![CDATA[Standard]]>
              </value>
            </param>
            <param index="5">
              <value>
                <![CDATA[7 - Seven]]>
              </value>
            </param>
            <param index="6">
              <value>
                <![CDATA[14-12-2024]]>
              </value>
            </param>
            <param index="7">
              <value>
                <![CDATA[15-12-2024]]>
              </value>
            </param>
            <param index="8">
              <value>
                <![CDATA[3 - Three]]>
              </value>
            </param>
            <param index="9">
              <value>
                <![CDATA[4]]>
              </value>
            </param>
          </params>
          <reporter-output>
          </reporter-output>
        </test-method> <!-- searchHotelTest -->
        <test-method is-config="true" signature="closeBrowser()[pri:0, instance:test.TC_003_SearchHotelTest@69453e37]" started-at="2024-12-17T11:06:37 IST" name="closeBrowser" finished-at="2024-12-17T11:06:38 IST" duration-ms="234" status="PASS">
          <reporter-output>
          </reporter-output>
        </test-method> <!-- closeBrowser -->
      </class> <!-- test.TC_003_SearchHotelTest -->
      <class name="test.TC_006_BookConfirmationTest">
        <test-method is-config="true" signature="data()[pri:0, instance:test.TC_006_BookConfirmationTest@3d34d211]" started-at="2024-12-17T11:04:04 IST" name="data" finished-at="2024-12-17T11:04:04 IST" duration-ms="0" status="PASS">
          <reporter-output>
          </reporter-output>
        </test-method> <!-- data -->
        <test-method is-config="true" signature="details()[pri:0, instance:test.TC_006_BookConfirmationTest@3d34d211]" started-at="2024-12-17T11:08:44 IST" name="details" finished-at="2024-12-17T11:08:44 IST" duration-ms="0" status="PASS">
          <reporter-output>
          </reporter-output>
        </test-method> <!-- details -->
        <test-method is-config="true" signature="LaunchAndLoadURL(java.lang.String)[pri:0, instance:test.TC_006_BookConfirmationTest@3d34d211]" started-at="2024-12-17T11:08:44 IST" name="LaunchAndLoadURL" finished-at="2024-12-17T11:08:50 IST" duration-ms="6292" status="PASS">
          <params>
            <param index="0">
              <value>
                <![CDATA[edge]]>
              </value>
            </param>
          </params>
          <reporter-output>
          </reporter-output>
        </test-method> <!-- LaunchAndLoadURL -->
        <test-method signature="bookingConfirmationTest(java.lang.String,java.lang.String,java.lang.String,java.lang.String,java.lang.String,java.lang.String,java.lang.String,java.lang.String,java.lang.String,java.lang.String,java.lang.String,java.lang.String,java.lang.String,java.lang.String,java.lang.String,java.lang.String,java.lang.String,java.lang.String)[pri:0, instance:test.TC_006_BookConfirmationTest@3d34d211]" started-at="2024-12-17T11:08:50 IST" name="bookingConfirmationTest" data-provider="excelRead" finished-at="2024-12-17T11:09:10 IST" duration-ms="19346" status="PASS">
          <params>
            <param index="0">
              <value>
                <![CDATA[Loganayaki]]>
              </value>
            </param>
            <param index="1">
              <value>
                <![CDATA[Logi@1234]]>
              </value>
            </param>
            <param index="2">
              <value>
                <![CDATA[Sydney]]>
              </value>
            </param>
            <param index="3">
              <value>
                <![CDATA[Hotel Creek]]>
              </value>
            </param>
            <param index="4">
              <value>
                <![CDATA[Standard]]>
              </value>
            </param>
            <param index="5">
              <value>
                <![CDATA[2 - Two]]>
              </value>
            </param>
            <param index="6">
              <value>
                <![CDATA[16/12/2024]]>
              </value>
            </param>
            <param index="7">
              <value>
                <![CDATA[15-12-2024]]>
              </value>
            </param>
            <param index="8">
              <value>
                <![CDATA[2 - Two]]>
              </value>
            </param>
            <param index="9">
              <value>
                <![CDATA[1]]>
              </value>
            </param>
            <param index="10">
              <value>
                <![CDATA[LOGANAYAKI]]>
              </value>
            </param>
            <param index="11">
              <value>
                <![CDATA[P]]>
              </value>
            </param>
            <param index="12">
              <value>
                <![CDATA[2/295,Sydney]]>
              </value>
            </param>
            <param index="13">
              <value>
                <![CDATA[1234567890987650]]>
              </value>
            </param>
            <param index="14">
              <value>
                <![CDATA[AMEX]]>
              </value>
            </param>
            <param index="15">
              <value>
                <![CDATA[January]]>
              </value>
            </param>
            <param index="16">
              <value>
                <![CDATA[2030]]>
              </value>
            </param>
            <param index="17">
              <value>
                <![CDATA[234]]>
              </value>
            </param>
          </params>
          <reporter-output>
          </reporter-output>
        </test-method> <!-- bookingConfirmationTest -->
        <test-method is-config="true" signature="closeBrowser()[pri:0, instance:test.TC_006_BookConfirmationTest@3d34d211]" started-at="2024-12-17T11:09:10 IST" name="closeBrowser" finished-at="2024-12-17T11:09:10 IST" duration-ms="141" status="PASS">
          <reporter-output>
          </reporter-output>
        </test-method> <!-- closeBrowser -->
      </class> <!-- test.TC_006_BookConfirmationTest -->
      <class name="test.TC_004_SelectHotelTest">
        <test-method is-config="true" signature="data()[pri:0, instance:test.TC_004_SelectHotelTest@6f4a47c7]" started-at="2024-12-17T11:04:04 IST" name="data" finished-at="2024-12-17T11:04:04 IST" duration-ms="0" status="PASS">
          <reporter-output>
          </reporter-output>
        </test-method> <!-- data -->
        <test-method is-config="true" signature="details()[pri:0, instance:test.TC_004_SelectHotelTest@6f4a47c7]" started-at="2024-12-17T11:06:38 IST" name="details" finished-at="2024-12-17T11:06:38 IST" duration-ms="0" status="PASS">
          <reporter-output>
          </reporter-output>
        </test-method> <!-- details -->
        <test-method is-config="true" signature="LaunchAndLoadURL(java.lang.String)[pri:0, instance:test.TC_004_SelectHotelTest@6f4a47c7]" started-at="2024-12-17T11:06:38 IST" name="LaunchAndLoadURL" finished-at="2024-12-17T11:06:43 IST" duration-ms="5278" status="PASS">
          <params>
            <param index="0">
              <value>
                <![CDATA[edge]]>
              </value>
            </param>
          </params>
          <reporter-output>
          </reporter-output>
        </test-method> <!-- LaunchAndLoadURL -->
        <test-method signature="searchHotelTest(java.lang.String,java.lang.String,java.lang.String,java.lang.String,java.lang.String,java.lang.String,java.lang.String,java.lang.String,java.lang.String,java.lang.String)[pri:0, instance:test.TC_004_SelectHotelTest@6f4a47c7]" started-at="2024-12-17T11:06:43 IST" name="searchHotelTest" data-provider="excelRead" finished-at="2024-12-17T11:06:52 IST" duration-ms="9295" status="PASS">
          <params>
            <param index="0">
              <value>
                <![CDATA[Loganayaki]]>
              </value>
            </param>
            <param index="1">
              <value>
                <![CDATA[Logi@1234]]>
              </value>
            </param>
            <param index="2">
              <value>
                <![CDATA[Sydney]]>
              </value>
            </param>
            <param index="3">
              <value>
                <![CDATA[Hotel Creek]]>
              </value>
            </param>
            <param index="4">
              <value>
                <![CDATA[Standard]]>
              </value>
            </param>
            <param index="5">
              <value>
                <![CDATA[2 - Two]]>
              </value>
            </param>
            <param index="6">
              <value>
                <![CDATA[14/12/2024]]>
              </value>
            </param>
            <param index="7">
              <value>
                <![CDATA[15/12/2024]]>
              </value>
            </param>
            <param index="8">
              <value>
                <![CDATA[2 - Two]]>
              </value>
            </param>
            <param index="9">
              <value>
                <![CDATA[3]]>
              </value>
            </param>
          </params>
          <reporter-output>
          </reporter-output>
        </test-method> <!-- searchHotelTest -->
        <test-method is-config="true" signature="closeBrowser()[pri:0, instance:test.TC_004_SelectHotelTest@6f4a47c7]" started-at="2024-12-17T11:06:52 IST" name="closeBrowser" finished-at="2024-12-17T11:06:53 IST" duration-ms="157" status="PASS">
          <reporter-output>
          </reporter-output>
        </test-method> <!-- closeBrowser -->
      </class> <!-- test.TC_004_SelectHotelTest -->
      <class name="test.TC_001_RegisterTest">
        <test-method is-config="true" signature="reportInitilization()[pri:0, instance:test.TC_001_RegisterTest@6200f9cb]" started-at="2024-12-17T10:58:14 IST" name="reportInitilization" finished-at="2024-12-17T10:58:15 IST" duration-ms="260" status="PASS">
          <reporter-output>
          </reporter-output>
        </test-method> <!-- reportInitilization -->
        <test-method is-config="true" signature="details()[pri:0, instance:test.TC_001_RegisterTest@6200f9cb]" started-at="2024-12-17T11:04:04 IST" name="details" finished-at="2024-12-17T11:04:04 IST" duration-ms="0" status="PASS">
          <reporter-output>
          </reporter-output>
        </test-method> <!-- details -->
        <test-method is-config="true" signature="data()[pri:0, instance:test.TC_001_RegisterTest@6200f9cb]" started-at="2024-12-17T11:04:04 IST" name="data" finished-at="2024-12-17T11:04:04 IST" duration-ms="0" status="PASS">
          <reporter-output>
          </reporter-output>
        </test-method> <!-- data -->
        <test-method is-config="true" signature="LaunchAndLoadURL(java.lang.String)[pri:0, instance:test.TC_001_RegisterTest@6200f9cb]" started-at="2024-12-17T11:04:04 IST" name="LaunchAndLoadURL" finished-at="2024-12-17T11:04:07 IST" duration-ms="3516" status="PASS">
          <params>
            <param index="0">
              <value>
                <![CDATA[edge]]>
              </value>
            </param>
          </params>
          <reporter-output>
          </reporter-output>
        </test-method> <!-- LaunchAndLoadURL -->
        <test-method signature="registerTest()[pri:0, instance:test.TC_001_RegisterTest@6200f9cb]" started-at="2024-12-17T11:04:07 IST" name="registerTest" finished-at="2024-12-17T11:04:10 IST" duration-ms="2293" status="PASS">
          <reporter-output>
          </reporter-output>
        </test-method> <!-- registerTest -->
        <test-method is-config="true" signature="closeBrowser()[pri:0, instance:test.TC_001_RegisterTest@6200f9cb]" started-at="2024-12-17T11:04:10 IST" name="closeBrowser" finished-at="2024-12-17T11:04:10 IST" duration-ms="96" status="PASS">
          <reporter-output>
          </reporter-output>
        </test-method> <!-- closeBrowser -->
        <test-method is-config="true" signature="LaunchAndLoadURL(java.lang.String)[pri:0, instance:test.TC_001_RegisterTest@6200f9cb]" started-at="2024-12-17T11:04:10 IST" name="LaunchAndLoadURL" finished-at="2024-12-17T11:04:14 IST" duration-ms="4649" status="PASS">
          <params>
            <param index="0">
              <value>
                <![CDATA[edge]]>
              </value>
            </param>
          </params>
          <reporter-output>
          </reporter-output>
        </test-method> <!-- LaunchAndLoadURL -->
        <test-method signature="regTestInvalidTestData()[pri:1, instance:test.TC_001_RegisterTest@6200f9cb]" started-at="2024-12-17T11:04:14 IST" name="regTestInvalidTestData" finished-at="2024-12-17T11:04:17 IST" duration-ms="2400" status="PASS">
          <reporter-output>
          </reporter-output>
        </test-method> <!-- regTestInvalidTestData -->
        <test-method is-config="true" signature="closeBrowser()[pri:0, instance:test.TC_001_RegisterTest@6200f9cb]" started-at="2024-12-17T11:04:17 IST" name="closeBrowser" finished-at="2024-12-17T11:04:17 IST" duration-ms="171" status="PASS">
          <reporter-output>
          </reporter-output>
        </test-method> <!-- closeBrowser -->
        <test-method is-config="true" signature="reportClose()[pri:0, instance:test.TC_001_RegisterTest@6200f9cb]" started-at="2024-12-17T11:10:29 IST" name="reportClose" finished-at="2024-12-17T11:10:29 IST" duration-ms="313" status="PASS">
          <reporter-output>
          </reporter-output>
        </test-method> <!-- reportClose -->
      </class> <!-- test.TC_001_RegisterTest -->
      <class name="test.TC_009_FinalLogout">
        <test-method is-config="true" signature="data()[pri:0, instance:test.TC_009_FinalLogout@43c1b556]" started-at="2024-12-17T11:04:04 IST" name="data" finished-at="2024-12-17T11:04:04 IST" duration-ms="0" status="PASS">
          <reporter-output>
          </reporter-output>
        </test-method> <!-- data -->
        <test-method is-config="true" signature="details()[pri:0, instance:test.TC_009_FinalLogout@43c1b556]" started-at="2024-12-17T11:10:13 IST" name="details" finished-at="2024-12-17T11:10:13 IST" duration-ms="0" status="PASS">
          <reporter-output>
          </reporter-output>
        </test-method> <!-- details -->
        <test-method is-config="true" signature="LaunchAndLoadURL(java.lang.String)[pri:0, instance:test.TC_009_FinalLogout@43c1b556]" started-at="2024-12-17T11:10:13 IST" name="LaunchAndLoadURL" finished-at="2024-12-17T11:10:18 IST" duration-ms="4509" status="PASS">
          <params>
            <param index="0">
              <value>
                <![CDATA[edge]]>
              </value>
            </param>
          </params>
          <reporter-output>
          </reporter-output>
        </test-method> <!-- LaunchAndLoadURL -->
        <test-method signature="endLogoutTest(java.lang.String,java.lang.String)[pri:0, instance:test.TC_009_FinalLogout@43c1b556]" started-at="2024-12-17T11:10:18 IST" name="endLogoutTest" data-provider="excelRead" finished-at="2024-12-17T11:10:29 IST" duration-ms="10939" status="PASS">
          <params>
            <param index="0">
              <value>
                <![CDATA[Loganayaki]]>
              </value>
            </param>
            <param index="1">
              <value>
                <![CDATA[Logi@1234]]>
              </value>
            </param>
          </params>
          <reporter-output>
          </reporter-output>
        </test-method> <!-- endLogoutTest -->
        <test-method is-config="true" signature="closeBrowser()[pri:0, instance:test.TC_009_FinalLogout@43c1b556]" started-at="2024-12-17T11:10:29 IST" name="closeBrowser" finished-at="2024-12-17T11:10:29 IST" duration-ms="109" status="PASS">
          <reporter-output>
          </reporter-output>
        </test-method> <!-- closeBrowser -->
      </class> <!-- test.TC_009_FinalLogout -->
    </test> <!-- Edge Test -->
  </suite> <!-- Suite -->
</testng-results>
